289 INFO: PyInstaller: 6.15.0, contrib hooks: 2025.8
289 INFO: Python: 3.11.9
324 INFO: Platform: Windows-10-10.0.19045-SP0
324 INFO: Python environment: E:\Documentos\projetos\www\automatiza-od\.venv
325 INFO: wrote E:\Documentos\projetos\www\automatiza-od\GeradorOD.spec
329 INFO: Removing temporary files and cleaning cache in C:\Users\henri\AppData\Local\pyinstaller
345 INFO: Module search paths (PYTHONPATH):
['E:\\Documentos\\projetos\\www\\automatiza-od',
 'C:\\Program '
 'Files\\WindowsApps\\PythonSoftwareFoundation.Python.3.11_3.11.2544.0_x64__qbz5n2kfra8p0\\python311.zip',
 'C:\\Program '
 'Files\\WindowsApps\\PythonSoftwareFoundation.Python.3.11_3.11.2544.0_x64__qbz5n2kfra8p0\\DLLs',
 'C:\\Program '
 'Files\\WindowsApps\\PythonSoftwareFoundation.Python.3.11_3.11.2544.0_x64__qbz5n2kfra8p0\\Lib',
 'C:\\Program '
 'Files\\WindowsApps\\PythonSoftwareFoundation.Python.3.11_3.11.2544.0_x64__qbz5n2kfra8p0',
 'E:\\Documentos\\projetos\\www\\automatiza-od\\.venv',
 'E:\\Documentos\\projetos\\www\\automatiza-od\\.venv\\Lib\\site-packages',
 'E:\\Documentos\\projetos\\www\\automatiza-od\\.venv\\Lib\\site-packages\\setuptools\\_vendor',
 'E:\\Documentos\\projetos\\www\\automatiza-od']
853 INFO: Appending 'datas' from .spec
854 INFO: checking Analysis
854 INFO: Building Analysis because Analysis-00.toc is non existent
854 INFO: Running Analysis Analysis-00.toc
854 INFO: Target bytecode optimization level: 2
854 INFO: Initializing module dependency graph...
855 INFO: Initializing module graph hook caches...
869 INFO: Analyzing modules for base_library.zip ...
2549 INFO: Processing standard module hook 'hook-heapq.py' from 'E:\\Documentos\\projetos\\www\\automatiza-od\\.venv\\Lib\\site-packages\\PyInstaller\\hooks'
2639 INFO: Processing standard module hook 'hook-encodings.py' from 'E:\\Documentos\\projetos\\www\\automatiza-od\\.venv\\Lib\\site-packages\\PyInstaller\\hooks'
4711 INFO: Processing standard module hook 'hook-pickle.py' from 'E:\\Documentos\\projetos\\www\\automatiza-od\\.venv\\Lib\\site-packages\\PyInstaller\\hooks'
6375 INFO: Caching module dependency graph...
6425 INFO: Looking for Python shared library...
6425 INFO: Using Python shared library: C:\Program Files\WindowsApps\PythonSoftwareFoundation.Python.3.11_3.11.2544.0_x64__qbz5n2kfra8p0\python311.dll
6425 INFO: Analyzing E:\Documentos\projetos\www\automatiza-od\gerar_od.py
6469 INFO: Processing standard module hook 'hook-pandas.py' from 'E:\\Documentos\\projetos\\www\\automatiza-od\\.venv\\Lib\\site-packages\\PyInstaller\\hooks'
7943 INFO: Processing standard module hook 'hook-platform.py' from 'E:\\Documentos\\projetos\\www\\automatiza-od\\.venv\\Lib\\site-packages\\PyInstaller\\hooks'
7965 INFO: Processing standard module hook 'hook-sysconfig.py' from 'E:\\Documentos\\projetos\\www\\automatiza-od\\.venv\\Lib\\site-packages\\PyInstaller\\hooks'
7988 INFO: Processing standard module hook 'hook-numpy.py' from 'E:\\Documentos\\projetos\\www\\automatiza-od\\.venv\\Lib\\site-packages\\PyInstaller\\hooks'
8814 INFO: Processing standard module hook 'hook-multiprocessing.util.py' from 'E:\\Documentos\\projetos\\www\\automatiza-od\\.venv\\Lib\\site-packages\\PyInstaller\\hooks'
9002 INFO: Processing standard module hook 'hook-xml.py' from 'E:\\Documentos\\projetos\\www\\automatiza-od\\.venv\\Lib\\site-packages\\PyInstaller\\hooks'
9208 INFO: Processing standard module hook 'hook-_ctypes.py' from 'E:\\Documentos\\projetos\\www\\automatiza-od\\.venv\\Lib\\site-packages\\PyInstaller\\hooks'
9293 INFO: Processing standard module hook 'hook-difflib.py' from 'E:\\Documentos\\projetos\\www\\automatiza-od\\.venv\\Lib\\site-packages\\PyInstaller\\hooks'
9362 INFO: Processing standard module hook 'hook-psutil.py' from 'E:\\Documentos\\projetos\\www\\automatiza-od\\.venv\\Lib\\site-packages\\_pyinstaller_hooks_contrib\\stdhooks'
10431 INFO: Processing pre-safe-import-module hook 'hook-typing_extensions.py' from 'E:\\Documentos\\projetos\\www\\automatiza-od\\.venv\\Lib\\site-packages\\PyInstaller\\hooks\\pre_safe_import_module'
10432 INFO: SetuptoolsInfo: initializing cached setuptools info...
16356 INFO: Processing standard module hook 'hook-charset_normalizer.py' from 'E:\\Documentos\\projetos\\www\\automatiza-od\\.venv\\Lib\\site-packages\\_pyinstaller_hooks_contrib\\stdhooks'
16750 INFO: Processing standard module hook 'hook-pytz.py' from 'E:\\Documentos\\projetos\\www\\automatiza-od\\.venv\\Lib\\site-packages\\PyInstaller\\hooks'
18899 INFO: Processing standard module hook 'hook-pandas.io.formats.style.py' from 'E:\\Documentos\\projetos\\www\\automatiza-od\\.venv\\Lib\\site-packages\\PyInstaller\\hooks'
20818 INFO: Processing standard module hook 'hook-pandas.plotting.py' from 'E:\\Documentos\\projetos\\www\\automatiza-od\\.venv\\Lib\\site-packages\\PyInstaller\\hooks'
21366 INFO: Processing standard module hook 'hook-openpyxl.py' from 'E:\\Documentos\\projetos\\www\\automatiza-od\\.venv\\Lib\\site-packages\\_pyinstaller_hooks_contrib\\stdhooks'
21605 INFO: Processing standard module hook 'hook-xml.etree.cElementTree.py' from 'E:\\Documentos\\projetos\\www\\automatiza-od\\.venv\\Lib\\site-packages\\PyInstaller\\hooks'
21887 INFO: Processing standard module hook 'hook-PIL.py' from 'E:\\Documentos\\projetos\\www\\automatiza-od\\.venv\\Lib\\site-packages\\PyInstaller\\hooks'
22111 INFO: Processing standard module hook 'hook-PIL.Image.py' from 'E:\\Documentos\\projetos\\www\\automatiza-od\\.venv\\Lib\\site-packages\\PyInstaller\\hooks'
22702 INFO: Processing standard module hook 'hook-PIL.ImageFilter.py' from 'E:\\Documentos\\projetos\\www\\automatiza-od\\.venv\\Lib\\site-packages\\PyInstaller\\hooks'
23721 INFO: Processing standard module hook 'hook-sqlite3.py' from 'E:\\Documentos\\projetos\\www\\automatiza-od\\.venv\\Lib\\site-packages\\PyInstaller\\hooks'
24158 INFO: Processing standard module hook 'hook-pandas.io.clipboard.py' from 'E:\\Documentos\\projetos\\www\\automatiza-od\\.venv\\Lib\\site-packages\\PyInstaller\\hooks'
24387 INFO: Processing standard module hook 'hook-dateutil.py' from 'E:\\Documentos\\projetos\\www\\automatiza-od\\.venv\\Lib\\site-packages\\_pyinstaller_hooks_contrib\\stdhooks'
24593 INFO: Processing pre-safe-import-module hook 'hook-six.moves.py' from 'E:\\Documentos\\projetos\\www\\automatiza-od\\.venv\\Lib\\site-packages\\PyInstaller\\hooks\\pre_safe_import_module'
24840 INFO: Processing standard module hook 'hook-xml.dom.domreg.py' from 'E:\\Documentos\\projetos\\www\\automatiza-od\\.venv\\Lib\\site-packages\\PyInstaller\\hooks'
25109 INFO: Processing standard module hook 'hook-pytest.py' from 'E:\\Documentos\\projetos\\www\\automatiza-od\\.venv\\Lib\\site-packages\\_pyinstaller_hooks_contrib\\stdhooks'
25299 INFO: Processing standard module hook 'hook-pygments.py' from 'E:\\Documentos\\projetos\\www\\automatiza-od\\.venv\\Lib\\site-packages\\PyInstaller\\hooks'
26927 INFO: Processing standard module hook 'hook-py.py' from 'E:\\Documentos\\projetos\\www\\automatiza-od\\.venv\\Lib\\site-packages\\_pyinstaller_hooks_contrib\\stdhooks'
27158 INFO: Processing pre-safe-import-module hook 'hook-packaging.py' from 'E:\\Documentos\\projetos\\www\\automatiza-od\\.venv\\Lib\\site-packages\\PyInstaller\\hooks\\pre_safe_import_module'
27292 INFO: Processing pre-safe-import-module hook 'hook-tomli.py' from 'E:\\Documentos\\projetos\\www\\automatiza-od\\.venv\\Lib\\site-packages\\PyInstaller\\hooks\\pre_safe_import_module'
27292 INFO: Setuptools: 'tomli' appears to be a setuptools-vendored copy - creating alias to 'setuptools._vendor.tomli'!
27297 INFO: Processing standard module hook 'hook-setuptools.py' from 'E:\\Documentos\\projetos\\www\\automatiza-od\\.venv\\Lib\\site-packages\\PyInstaller\\hooks'
27314 INFO: Processing pre-safe-import-module hook 'hook-distutils.py' from 'E:\\Documentos\\projetos\\www\\automatiza-od\\.venv\\Lib\\site-packages\\PyInstaller\\hooks\\pre_safe_import_module'
27321 INFO: Processing pre-find-module-path hook 'hook-distutils.py' from 'E:\\Documentos\\projetos\\www\\automatiza-od\\.venv\\Lib\\site-packages\\PyInstaller\\hooks\\pre_find_module_path'
27601 INFO: Processing standard module hook 'hook-distutils.py' from 'E:\\Documentos\\projetos\\www\\automatiza-od\\.venv\\Lib\\site-packages\\PyInstaller\\hooks'
27652 INFO: Processing standard module hook 'hook-distutils.util.py' from 'E:\\Documentos\\projetos\\www\\automatiza-od\\.venv\\Lib\\site-packages\\PyInstaller\\hooks'
27815 INFO: Processing standard module hook 'hook-_osx_support.py' from 'E:\\Documentos\\projetos\\www\\automatiza-od\\.venv\\Lib\\site-packages\\PyInstaller\\hooks'
27963 INFO: Processing pre-safe-import-module hook 'hook-jaraco.text.py' from 'E:\\Documentos\\projetos\\www\\automatiza-od\\.venv\\Lib\\site-packages\\PyInstaller\\hooks\\pre_safe_import_module'
27970 INFO: Setuptools: 'jaraco.text' appears to be a setuptools-vendored copy - creating alias to 'setuptools._vendor.jaraco.text'!
27978 INFO: Processing standard module hook 'hook-setuptools._vendor.jaraco.text.py' from 'E:\\Documentos\\projetos\\www\\automatiza-od\\.venv\\Lib\\site-packages\\PyInstaller\\hooks'
27986 INFO: Processing pre-safe-import-module hook 'hook-importlib_resources.py' from 'E:\\Documentos\\projetos\\www\\automatiza-od\\.venv\\Lib\\site-packages\\PyInstaller\\hooks\\pre_safe_import_module'
27992 INFO: Processing pre-safe-import-module hook 'hook-jaraco.functools.py' from 'E:\\Documentos\\projetos\\www\\automatiza-od\\.venv\\Lib\\site-packages\\PyInstaller\\hooks\\pre_safe_import_module'
27997 INFO: Setuptools: 'jaraco.functools' appears to be a setuptools-vendored copy - creating alias to 'setuptools._vendor.jaraco.functools'!
28005 INFO: Processing pre-safe-import-module hook 'hook-more_itertools.py' from 'E:\\Documentos\\projetos\\www\\automatiza-od\\.venv\\Lib\\site-packages\\PyInstaller\\hooks\\pre_safe_import_module'
28012 INFO: Setuptools: 'more_itertools' appears to be a setuptools-vendored copy - creating alias to 'setuptools._vendor.more_itertools'!
28093 INFO: Processing pre-safe-import-module hook 'hook-jaraco.context.py' from 'E:\\Documentos\\projetos\\www\\automatiza-od\\.venv\\Lib\\site-packages\\PyInstaller\\hooks\\pre_safe_import_module'
28100 INFO: Setuptools: 'jaraco.context' appears to be a setuptools-vendored copy - creating alias to 'setuptools._vendor.jaraco.context'!
28107 INFO: Processing pre-safe-import-module hook 'hook-backports.tarfile.py' from 'E:\\Documentos\\projetos\\www\\automatiza-od\\.venv\\Lib\\site-packages\\PyInstaller\\hooks\\pre_safe_import_module'
28114 INFO: Setuptools: 'backports.tarfile' appears to be a setuptools-vendored copy - creating alias to 'setuptools._vendor.backports.tarfile'!
28237 INFO: Processing standard module hook 'hook-backports.py' from 'E:\\Documentos\\projetos\\www\\automatiza-od\\.venv\\Lib\\site-packages\\_pyinstaller_hooks_contrib\\stdhooks'
28300 INFO: Processing pre-safe-import-module hook 'hook-importlib_metadata.py' from 'E:\\Documentos\\projetos\\www\\automatiza-od\\.venv\\Lib\\site-packages\\PyInstaller\\hooks\\pre_safe_import_module'
28307 INFO: Setuptools: 'importlib_metadata' appears to be a setuptools-vendored copy - creating alias to 'setuptools._vendor.importlib_metadata'!
28326 INFO: Processing standard module hook 'hook-setuptools._vendor.importlib_metadata.py' from 'E:\\Documentos\\projetos\\www\\automatiza-od\\.venv\\Lib\\site-packages\\PyInstaller\\hooks'
28334 INFO: Processing pre-safe-import-module hook 'hook-zipp.py' from 'E:\\Documentos\\projetos\\www\\automatiza-od\\.venv\\Lib\\site-packages\\PyInstaller\\hooks\\pre_safe_import_module'
28338 INFO: Setuptools: 'zipp' appears to be a setuptools-vendored copy - creating alias to 'setuptools._vendor.zipp'!
29280 INFO: Processing pre-safe-import-module hook 'hook-wheel.py' from 'E:\\Documentos\\projetos\\www\\automatiza-od\\.venv\\Lib\\site-packages\\PyInstaller\\hooks\\pre_safe_import_module'
29286 INFO: Setuptools: 'wheel' appears to be a setuptools-vendored copy - creating alias to 'setuptools._vendor.wheel'!
30294 INFO: Processing standard module hook 'hook-pkg_resources.py' from 'E:\\Documentos\\projetos\\www\\automatiza-od\\.venv\\Lib\\site-packages\\PyInstaller\\hooks'
30845 INFO: Processing pre-safe-import-module hook 'hook-platformdirs.py' from 'E:\\Documentos\\projetos\\www\\automatiza-od\\.venv\\Lib\\site-packages\\PyInstaller\\hooks\\pre_safe_import_module'
30859 INFO: Processing standard module hook 'hook-platformdirs.py' from 'E:\\Documentos\\projetos\\www\\automatiza-od\\.venv\\Lib\\site-packages\\_pyinstaller_hooks_contrib\\stdhooks'
31117 INFO: Processing standard module hook 'hook-pdfminer.py' from 'E:\\Documentos\\projetos\\www\\automatiza-od\\.venv\\Lib\\site-packages\\_pyinstaller_hooks_contrib\\stdhooks'
31648 INFO: Processing standard module hook 'hook-cryptography.py' from 'E:\\Documentos\\projetos\\www\\automatiza-od\\.venv\\Lib\\site-packages\\_pyinstaller_hooks_contrib\\stdhooks'
32762 INFO: hook-cryptography: cryptography does not seem to be using dynamically linked OpenSSL.
33128 INFO: Processing standard module hook 'hook-pypdfium2.py' from 'E:\\Documentos\\projetos\\www\\automatiza-od\\.venv\\Lib\\site-packages\\_pyinstaller_hooks_contrib\\stdhooks'
33148 INFO: Processing standard module hook 'hook-pypdfium2_raw.py' from 'E:\\Documentos\\projetos\\www\\automatiza-od\\.venv\\Lib\\site-packages\\_pyinstaller_hooks_contrib\\stdhooks'
33396 INFO: Processing standard module hook 'hook-customtkinter.py' from 'E:\\Documentos\\projetos\\www\\automatiza-od\\.venv\\Lib\\site-packages\\_pyinstaller_hooks_contrib\\stdhooks'
33445 INFO: Processing pre-find-module-path hook 'hook-tkinter.py' from 'E:\\Documentos\\projetos\\www\\automatiza-od\\.venv\\Lib\\site-packages\\PyInstaller\\hooks\\pre_find_module_path'
33445 INFO: TclTkInfo: initializing cached Tcl/Tk info...
33804 INFO: Processing standard module hook 'hook-_tkinter.py' from 'E:\\Documentos\\projetos\\www\\automatiza-od\\.venv\\Lib\\site-packages\\PyInstaller\\hooks'
34257 INFO: Analyzing hidden import 'PIL._tkinter_finder'
34258 INFO: Processing module hooks (post-graph stage)...
34328 INFO: Processing standard module hook 'hook-jinja2.py' from 'E:\\Documentos\\projetos\\www\\automatiza-od\\.venv\\Lib\\site-packages\\_pyinstaller_hooks_contrib\\stdhooks'
34968 INFO: Processing standard module hook 'hook-PIL.SpiderImagePlugin.py' from 'E:\\Documentos\\projetos\\www\\automatiza-od\\.venv\\Lib\\site-packages\\PyInstaller\\hooks'
37186 INFO: Processing standard module hook 'hook-_tkinter.py' from 'E:\\Documentos\\projetos\\www\\automatiza-od\\.venv\\Lib\\site-packages\\PyInstaller\\hooks'
37210 INFO: Performing binary vs. data reclassification (1722 entries)
37505 INFO: Looking for ctypes DLLs
37661 WARNING: Ignoring AppKit.framework/AppKit imported from E:\Documentos\projetos\www\automatiza-od\.venv\Lib\site-packages\darkdetect\_mac_detect.py - only basenames are supported with ctypes imports!
37728 INFO: Analyzing run-time hooks ...
37736 INFO: Including run-time hook 'pyi_rth_inspect.py' from 'E:\\Documentos\\projetos\\www\\automatiza-od\\.venv\\Lib\\site-packages\\PyInstaller\\hooks\\rthooks'
37738 INFO: Including run-time hook 'pyi_rth_pkgutil.py' from 'E:\\Documentos\\projetos\\www\\automatiza-od\\.venv\\Lib\\site-packages\\PyInstaller\\hooks\\rthooks'
37740 INFO: Including run-time hook 'pyi_rth_multiprocessing.py' from 'E:\\Documentos\\projetos\\www\\automatiza-od\\.venv\\Lib\\site-packages\\PyInstaller\\hooks\\rthooks'
37741 INFO: Including run-time hook 'pyi_rth__tkinter.py' from 'E:\\Documentos\\projetos\\www\\automatiza-od\\.venv\\Lib\\site-packages\\PyInstaller\\hooks\\rthooks'
37743 INFO: Including run-time hook 'pyi_rth_cryptography_openssl.py' from 'E:\\Documentos\\projetos\\www\\automatiza-od\\.venv\\Lib\\site-packages\\_pyinstaller_hooks_contrib\\rthooks'
37743 INFO: Including run-time hook 'pyi_rth_setuptools.py' from 'E:\\Documentos\\projetos\\www\\automatiza-od\\.venv\\Lib\\site-packages\\PyInstaller\\hooks\\rthooks'
37744 INFO: Including run-time hook 'pyi_rth_pkgres.py' from 'E:\\Documentos\\projetos\\www\\automatiza-od\\.venv\\Lib\\site-packages\\PyInstaller\\hooks\\rthooks'
37800 INFO: Creating base_library.zip...
38011 INFO: Looking for dynamic libraries
E:\Documentos\projetos\www\automatiza-od\.venv\Lib\site-packages\PyInstaller\building\build_main.py:227: UserWarning: pkg_resources is deprecated as an API. See https://setuptools.pypa.io/en/latest/pkg_resources.html. The pkg_resources package is slated for removal as early as 2025-11-30. Refrain from using this package or pin to Setuptools<81.
  __import__(package)
39560 INFO: Extra DLL search directories (AddDllDirectory): ['E:\\Documentos\\projetos\\www\\automatiza-od\\.venv\\Lib\\site-packages\\numpy.libs', 'E:\\Documentos\\projetos\\www\\automatiza-od\\.venv\\Lib\\site-packages\\pandas.libs']
39560 INFO: Extra DLL search directories (PATH): []
41124 INFO: Warnings written to E:\Documentos\projetos\www\automatiza-od\build_temp\GeradorOD\warn-GeradorOD.txt
41303 INFO: Graph cross-reference written to E:\Documentos\projetos\www\automatiza-od\build_temp\GeradorOD\xref-GeradorOD.html
41387 INFO: checking PYZ
41387 INFO: Building PYZ because PYZ-00.toc is non existent
41387 INFO: Building PYZ (ZlibArchive) E:\Documentos\projetos\www\automatiza-od\build_temp\GeradorOD\PYZ-00.pyz
46188 INFO: Building PYZ (ZlibArchive) E:\Documentos\projetos\www\automatiza-od\build_temp\GeradorOD\PYZ-00.pyz completed successfully.
46250 INFO: checking PKG
46250 INFO: Building PKG because PKG-00.toc is non existent
46250 INFO: Building PKG (CArchive) GeradorOD.pkg
46263 INFO: Executing: strip C:\Users\henri\AppData\Local\pyinstaller\bincache10py31164bit\pypdfium2_raw\pdfium.dll
46267 WARNING: Failed to run strip on 'C:\\Users\\henri\\AppData\\Local\\pyinstaller\\bincache10py31164bit\\pypdfium2_raw\\pdfium.dll'!
Traceback (most recent call last):
  File "E:\Documentos\projetos\www\automatiza-od\.venv\Lib\site-packages\PyInstaller\building\utils.py", line 250, in process_collected_binary
    p = subprocess.run(
        ^^^^^^^^^^^^^^^
  File "C:\Program Files\WindowsApps\PythonSoftwareFoundation.Python.3.11_3.11.2544.0_x64__qbz5n2kfra8p0\Lib\subprocess.py", line 548, in run
    with Popen(*popenargs, **kwargs) as process:
         ^^^^^^^^^^^^^^^^^^^^^^^^^^^
  File "C:\Program Files\WindowsApps\PythonSoftwareFoundation.Python.3.11_3.11.2544.0_x64__qbz5n2kfra8p0\Lib\subprocess.py", line 1026, in __init__
    self._execute_child(args, executable, preexec_fn, close_fds,
  File "C:\Program Files\WindowsApps\PythonSoftwareFoundation.Python.3.11_3.11.2544.0_x64__qbz5n2kfra8p0\Lib\subprocess.py", line 1538, in _execute_child
    hp, ht, pid, tid = _winapi.CreateProcess(executable, args,
                       ^^^^^^^^^^^^^^^^^^^^^^^^^^^^^^^^^^^^^^^
FileNotFoundError: [WinError 2] O sistema não pode encontrar o arquivo especificado
46287 INFO: Executing: strip C:\Users\henri\AppData\Local\pyinstaller\bincache10py31164bit\python311.dll
46290 WARNING: Failed to run strip on 'C:\\Users\\henri\\AppData\\Local\\pyinstaller\\bincache10py31164bit\\python311.dll'!
Traceback (most recent call last):
  File "E:\Documentos\projetos\www\automatiza-od\.venv\Lib\site-packages\PyInstaller\building\utils.py", line 250, in process_collected_binary
    p = subprocess.run(
        ^^^^^^^^^^^^^^^
  File "C:\Program Files\WindowsApps\PythonSoftwareFoundation.Python.3.11_3.11.2544.0_x64__qbz5n2kfra8p0\Lib\subprocess.py", line 548, in run
    with Popen(*popenargs, **kwargs) as process:
         ^^^^^^^^^^^^^^^^^^^^^^^^^^^
  File "C:\Program Files\WindowsApps\PythonSoftwareFoundation.Python.3.11_3.11.2544.0_x64__qbz5n2kfra8p0\Lib\subprocess.py", line 1026, in __init__
    self._execute_child(args, executable, preexec_fn, close_fds,
  File "C:\Program Files\WindowsApps\PythonSoftwareFoundation.Python.3.11_3.11.2544.0_x64__qbz5n2kfra8p0\Lib\subprocess.py", line 1538, in _execute_child
    hp, ht, pid, tid = _winapi.CreateProcess(executable, args,
                       ^^^^^^^^^^^^^^^^^^^^^^^^^^^^^^^^^^^^^^^
FileNotFoundError: [WinError 2] O sistema não pode encontrar o arquivo especificado
46304 INFO: Executing: strip C:\Users\henri\AppData\Local\pyinstaller\bincache10py31164bit\numpy.libs\msvcp140-a4c2229bdc2a2a630acdc095b4d86008.dll
46307 WARNING: Failed to run strip on 'C:\\Users\\henri\\AppData\\Local\\pyinstaller\\bincache10py31164bit\\numpy.libs\\msvcp140-a4c2229bdc2a2a630acdc095b4d86008.dll'!
Traceback (most recent call last):
  File "E:\Documentos\projetos\www\automatiza-od\.venv\Lib\site-packages\PyInstaller\building\utils.py", line 250, in process_collected_binary
    p = subprocess.run(
        ^^^^^^^^^^^^^^^
  File "C:\Program Files\WindowsApps\PythonSoftwareFoundation.Python.3.11_3.11.2544.0_x64__qbz5n2kfra8p0\Lib\subprocess.py", line 548, in run
    with Popen(*popenargs, **kwargs) as process:
         ^^^^^^^^^^^^^^^^^^^^^^^^^^^
  File "C:\Program Files\WindowsApps\PythonSoftwareFoundation.Python.3.11_3.11.2544.0_x64__qbz5n2kfra8p0\Lib\subprocess.py", line 1026, in __init__
    self._execute_child(args, executable, preexec_fn, close_fds,
  File "C:\Program Files\WindowsApps\PythonSoftwareFoundation.Python.3.11_3.11.2544.0_x64__qbz5n2kfra8p0\Lib\subprocess.py", line 1538, in _execute_child
    hp, ht, pid, tid = _winapi.CreateProcess(executable, args,
                       ^^^^^^^^^^^^^^^^^^^^^^^^^^^^^^^^^^^^^^^
FileNotFoundError: [WinError 2] O sistema não pode encontrar o arquivo especificado
46348 INFO: Executing: strip C:\Users\henri\AppData\Local\pyinstaller\bincache10py31164bit\numpy.libs\libscipy_openblas64_-860d95b1c38e637ce4509f5fa24fbf2a.dll
46351 WARNING: Failed to run strip on 'C:\\Users\\henri\\AppData\\Local\\pyinstaller\\bincache10py31164bit\\numpy.libs\\libscipy_openblas64_-860d95b1c38e637ce4509f5fa24fbf2a.dll'!
Traceback (most recent call last):
  File "E:\Documentos\projetos\www\automatiza-od\.venv\Lib\site-packages\PyInstaller\building\utils.py", line 250, in process_collected_binary
    p = subprocess.run(
        ^^^^^^^^^^^^^^^
  File "C:\Program Files\WindowsApps\PythonSoftwareFoundation.Python.3.11_3.11.2544.0_x64__qbz5n2kfra8p0\Lib\subprocess.py", line 548, in run
    with Popen(*popenargs, **kwargs) as process:
         ^^^^^^^^^^^^^^^^^^^^^^^^^^^
  File "C:\Program Files\WindowsApps\PythonSoftwareFoundation.Python.3.11_3.11.2544.0_x64__qbz5n2kfra8p0\Lib\subprocess.py", line 1026, in __init__
    self._execute_child(args, executable, preexec_fn, close_fds,
  File "C:\Program Files\WindowsApps\PythonSoftwareFoundation.Python.3.11_3.11.2544.0_x64__qbz5n2kfra8p0\Lib\subprocess.py", line 1538, in _execute_child
    hp, ht, pid, tid = _winapi.CreateProcess(executable, args,
                       ^^^^^^^^^^^^^^^^^^^^^^^^^^^^^^^^^^^^^^^
FileNotFoundError: [WinError 2] O sistema não pode encontrar o arquivo especificado
46364 INFO: Executing: strip C:\Users\henri\AppData\Local\pyinstaller\bincache10py31164bit\select.pyd
46368 WARNING: Failed to run strip on 'C:\\Users\\henri\\AppData\\Local\\pyinstaller\\bincache10py31164bit\\select.pyd'!
Traceback (most recent call last):
  File "E:\Documentos\projetos\www\automatiza-od\.venv\Lib\site-packages\PyInstaller\building\utils.py", line 250, in process_collected_binary
    p = subprocess.run(
        ^^^^^^^^^^^^^^^
  File "C:\Program Files\WindowsApps\PythonSoftwareFoundation.Python.3.11_3.11.2544.0_x64__qbz5n2kfra8p0\Lib\subprocess.py", line 548, in run
    with Popen(*popenargs, **kwargs) as process:
         ^^^^^^^^^^^^^^^^^^^^^^^^^^^
  File "C:\Program Files\WindowsApps\PythonSoftwareFoundation.Python.3.11_3.11.2544.0_x64__qbz5n2kfra8p0\Lib\subprocess.py", line 1026, in __init__
    self._execute_child(args, executable, preexec_fn, close_fds,
  File "C:\Program Files\WindowsApps\PythonSoftwareFoundation.Python.3.11_3.11.2544.0_x64__qbz5n2kfra8p0\Lib\subprocess.py", line 1538, in _execute_child
    hp, ht, pid, tid = _winapi.CreateProcess(executable, args,
                       ^^^^^^^^^^^^^^^^^^^^^^^^^^^^^^^^^^^^^^^
FileNotFoundError: [WinError 2] O sistema não pode encontrar o arquivo especificado
46382 INFO: Executing: strip C:\Users\henri\AppData\Local\pyinstaller\bincache10py31164bit\_lzma.pyd
46385 WARNING: Failed to run strip on 'C:\\Users\\henri\\AppData\\Local\\pyinstaller\\bincache10py31164bit\\_lzma.pyd'!
Traceback (most recent call last):
  File "E:\Documentos\projetos\www\automatiza-od\.venv\Lib\site-packages\PyInstaller\building\utils.py", line 250, in process_collected_binary
    p = subprocess.run(
        ^^^^^^^^^^^^^^^
  File "C:\Program Files\WindowsApps\PythonSoftwareFoundation.Python.3.11_3.11.2544.0_x64__qbz5n2kfra8p0\Lib\subprocess.py", line 548, in run
    with Popen(*popenargs, **kwargs) as process:
         ^^^^^^^^^^^^^^^^^^^^^^^^^^^
  File "C:\Program Files\WindowsApps\PythonSoftwareFoundation.Python.3.11_3.11.2544.0_x64__qbz5n2kfra8p0\Lib\subprocess.py", line 1026, in __init__
    self._execute_child(args, executable, preexec_fn, close_fds,
  File "C:\Program Files\WindowsApps\PythonSoftwareFoundation.Python.3.11_3.11.2544.0_x64__qbz5n2kfra8p0\Lib\subprocess.py", line 1538, in _execute_child
    hp, ht, pid, tid = _winapi.CreateProcess(executable, args,
                       ^^^^^^^^^^^^^^^^^^^^^^^^^^^^^^^^^^^^^^^
FileNotFoundError: [WinError 2] O sistema não pode encontrar o arquivo especificado
46399 INFO: Executing: strip C:\Users\henri\AppData\Local\pyinstaller\bincache10py31164bit\_bz2.pyd
46403 WARNING: Failed to run strip on 'C:\\Users\\henri\\AppData\\Local\\pyinstaller\\bincache10py31164bit\\_bz2.pyd'!
Traceback (most recent call last):
  File "E:\Documentos\projetos\www\automatiza-od\.venv\Lib\site-packages\PyInstaller\building\utils.py", line 250, in process_collected_binary
    p = subprocess.run(
        ^^^^^^^^^^^^^^^
  File "C:\Program Files\WindowsApps\PythonSoftwareFoundation.Python.3.11_3.11.2544.0_x64__qbz5n2kfra8p0\Lib\subprocess.py", line 548, in run
    with Popen(*popenargs, **kwargs) as process:
         ^^^^^^^^^^^^^^^^^^^^^^^^^^^
  File "C:\Program Files\WindowsApps\PythonSoftwareFoundation.Python.3.11_3.11.2544.0_x64__qbz5n2kfra8p0\Lib\subprocess.py", line 1026, in __init__
    self._execute_child(args, executable, preexec_fn, close_fds,
  File "C:\Program Files\WindowsApps\PythonSoftwareFoundation.Python.3.11_3.11.2544.0_x64__qbz5n2kfra8p0\Lib\subprocess.py", line 1538, in _execute_child
    hp, ht, pid, tid = _winapi.CreateProcess(executable, args,
                       ^^^^^^^^^^^^^^^^^^^^^^^^^^^^^^^^^^^^^^^
FileNotFoundError: [WinError 2] O sistema não pode encontrar o arquivo especificado
46418 INFO: Executing: strip C:\Users\henri\AppData\Local\pyinstaller\bincache10py31164bit\unicodedata.pyd
46422 WARNING: Failed to run strip on 'C:\\Users\\henri\\AppData\\Local\\pyinstaller\\bincache10py31164bit\\unicodedata.pyd'!
Traceback (most recent call last):
  File "E:\Documentos\projetos\www\automatiza-od\.venv\Lib\site-packages\PyInstaller\building\utils.py", line 250, in process_collected_binary
    p = subprocess.run(
        ^^^^^^^^^^^^^^^
  File "C:\Program Files\WindowsApps\PythonSoftwareFoundation.Python.3.11_3.11.2544.0_x64__qbz5n2kfra8p0\Lib\subprocess.py", line 548, in run
    with Popen(*popenargs, **kwargs) as process:
         ^^^^^^^^^^^^^^^^^^^^^^^^^^^
  File "C:\Program Files\WindowsApps\PythonSoftwareFoundation.Python.3.11_3.11.2544.0_x64__qbz5n2kfra8p0\Lib\subprocess.py", line 1026, in __init__
    self._execute_child(args, executable, preexec_fn, close_fds,
  File "C:\Program Files\WindowsApps\PythonSoftwareFoundation.Python.3.11_3.11.2544.0_x64__qbz5n2kfra8p0\Lib\subprocess.py", line 1538, in _execute_child
    hp, ht, pid, tid = _winapi.CreateProcess(executable, args,
                       ^^^^^^^^^^^^^^^^^^^^^^^^^^^^^^^^^^^^^^^
FileNotFoundError: [WinError 2] O sistema não pode encontrar o arquivo especificado
46435 INFO: Executing: strip C:\Users\henri\AppData\Local\pyinstaller\bincache10py31164bit\_socket.pyd
46439 WARNING: Failed to run strip on 'C:\\Users\\henri\\AppData\\Local\\pyinstaller\\bincache10py31164bit\\_socket.pyd'!
Traceback (most recent call last):
  File "E:\Documentos\projetos\www\automatiza-od\.venv\Lib\site-packages\PyInstaller\building\utils.py", line 250, in process_collected_binary
    p = subprocess.run(
        ^^^^^^^^^^^^^^^
  File "C:\Program Files\WindowsApps\PythonSoftwareFoundation.Python.3.11_3.11.2544.0_x64__qbz5n2kfra8p0\Lib\subprocess.py", line 548, in run
    with Popen(*popenargs, **kwargs) as process:
         ^^^^^^^^^^^^^^^^^^^^^^^^^^^
  File "C:\Program Files\WindowsApps\PythonSoftwareFoundation.Python.3.11_3.11.2544.0_x64__qbz5n2kfra8p0\Lib\subprocess.py", line 1026, in __init__
    self._execute_child(args, executable, preexec_fn, close_fds,
  File "C:\Program Files\WindowsApps\PythonSoftwareFoundation.Python.3.11_3.11.2544.0_x64__qbz5n2kfra8p0\Lib\subprocess.py", line 1538, in _execute_child
    hp, ht, pid, tid = _winapi.CreateProcess(executable, args,
                       ^^^^^^^^^^^^^^^^^^^^^^^^^^^^^^^^^^^^^^^
FileNotFoundError: [WinError 2] O sistema não pode encontrar o arquivo especificado
46453 INFO: Executing: strip C:\Users\henri\AppData\Local\pyinstaller\bincache10py31164bit\_decimal.pyd
46456 WARNING: Failed to run strip on 'C:\\Users\\henri\\AppData\\Local\\pyinstaller\\bincache10py31164bit\\_decimal.pyd'!
Traceback (most recent call last):
  File "E:\Documentos\projetos\www\automatiza-od\.venv\Lib\site-packages\PyInstaller\building\utils.py", line 250, in process_collected_binary
    p = subprocess.run(
        ^^^^^^^^^^^^^^^
  File "C:\Program Files\WindowsApps\PythonSoftwareFoundation.Python.3.11_3.11.2544.0_x64__qbz5n2kfra8p0\Lib\subprocess.py", line 548, in run
    with Popen(*popenargs, **kwargs) as process:
         ^^^^^^^^^^^^^^^^^^^^^^^^^^^
  File "C:\Program Files\WindowsApps\PythonSoftwareFoundation.Python.3.11_3.11.2544.0_x64__qbz5n2kfra8p0\Lib\subprocess.py", line 1026, in __init__
    self._execute_child(args, executable, preexec_fn, close_fds,
  File "C:\Program Files\WindowsApps\PythonSoftwareFoundation.Python.3.11_3.11.2544.0_x64__qbz5n2kfra8p0\Lib\subprocess.py", line 1538, in _execute_child
    hp, ht, pid, tid = _winapi.CreateProcess(executable, args,
                       ^^^^^^^^^^^^^^^^^^^^^^^^^^^^^^^^^^^^^^^
FileNotFoundError: [WinError 2] O sistema não pode encontrar o arquivo especificado
46470 INFO: Executing: strip C:\Users\henri\AppData\Local\pyinstaller\bincache10py31164bit\_hashlib.pyd
46473 WARNING: Failed to run strip on 'C:\\Users\\henri\\AppData\\Local\\pyinstaller\\bincache10py31164bit\\_hashlib.pyd'!
Traceback (most recent call last):
  File "E:\Documentos\projetos\www\automatiza-od\.venv\Lib\site-packages\PyInstaller\building\utils.py", line 250, in process_collected_binary
    p = subprocess.run(
        ^^^^^^^^^^^^^^^
  File "C:\Program Files\WindowsApps\PythonSoftwareFoundation.Python.3.11_3.11.2544.0_x64__qbz5n2kfra8p0\Lib\subprocess.py", line 548, in run
    with Popen(*popenargs, **kwargs) as process:
         ^^^^^^^^^^^^^^^^^^^^^^^^^^^
  File "C:\Program Files\WindowsApps\PythonSoftwareFoundation.Python.3.11_3.11.2544.0_x64__qbz5n2kfra8p0\Lib\subprocess.py", line 1026, in __init__
    self._execute_child(args, executable, preexec_fn, close_fds,
  File "C:\Program Files\WindowsApps\PythonSoftwareFoundation.Python.3.11_3.11.2544.0_x64__qbz5n2kfra8p0\Lib\subprocess.py", line 1538, in _execute_child
    hp, ht, pid, tid = _winapi.CreateProcess(executable, args,
                       ^^^^^^^^^^^^^^^^^^^^^^^^^^^^^^^^^^^^^^^
FileNotFoundError: [WinError 2] O sistema não pode encontrar o arquivo especificado
46487 INFO: Executing: strip C:\Users\henri\AppData\Local\pyinstaller\bincache10py31164bit\_ctypes.pyd
46490 WARNING: Failed to run strip on 'C:\\Users\\henri\\AppData\\Local\\pyinstaller\\bincache10py31164bit\\_ctypes.pyd'!
Traceback (most recent call last):
  File "E:\Documentos\projetos\www\automatiza-od\.venv\Lib\site-packages\PyInstaller\building\utils.py", line 250, in process_collected_binary
    p = subprocess.run(
        ^^^^^^^^^^^^^^^
  File "C:\Program Files\WindowsApps\PythonSoftwareFoundation.Python.3.11_3.11.2544.0_x64__qbz5n2kfra8p0\Lib\subprocess.py", line 548, in run
    with Popen(*popenargs, **kwargs) as process:
         ^^^^^^^^^^^^^^^^^^^^^^^^^^^
  File "C:\Program Files\WindowsApps\PythonSoftwareFoundation.Python.3.11_3.11.2544.0_x64__qbz5n2kfra8p0\Lib\subprocess.py", line 1026, in __init__
    self._execute_child(args, executable, preexec_fn, close_fds,
  File "C:\Program Files\WindowsApps\PythonSoftwareFoundation.Python.3.11_3.11.2544.0_x64__qbz5n2kfra8p0\Lib\subprocess.py", line 1538, in _execute_child
    hp, ht, pid, tid = _winapi.CreateProcess(executable, args,
                       ^^^^^^^^^^^^^^^^^^^^^^^^^^^^^^^^^^^^^^^
FileNotFoundError: [WinError 2] O sistema não pode encontrar o arquivo especificado
46503 INFO: Executing: strip C:\Users\henri\AppData\Local\pyinstaller\bincache10py31164bit\_overlapped.pyd
46507 WARNING: Failed to run strip on 'C:\\Users\\henri\\AppData\\Local\\pyinstaller\\bincache10py31164bit\\_overlapped.pyd'!
Traceback (most recent call last):
  File "E:\Documentos\projetos\www\automatiza-od\.venv\Lib\site-packages\PyInstaller\building\utils.py", line 250, in process_collected_binary
    p = subprocess.run(
        ^^^^^^^^^^^^^^^
  File "C:\Program Files\WindowsApps\PythonSoftwareFoundation.Python.3.11_3.11.2544.0_x64__qbz5n2kfra8p0\Lib\subprocess.py", line 548, in run
    with Popen(*popenargs, **kwargs) as process:
         ^^^^^^^^^^^^^^^^^^^^^^^^^^^
  File "C:\Program Files\WindowsApps\PythonSoftwareFoundation.Python.3.11_3.11.2544.0_x64__qbz5n2kfra8p0\Lib\subprocess.py", line 1026, in __init__
    self._execute_child(args, executable, preexec_fn, close_fds,
  File "C:\Program Files\WindowsApps\PythonSoftwareFoundation.Python.3.11_3.11.2544.0_x64__qbz5n2kfra8p0\Lib\subprocess.py", line 1538, in _execute_child
    hp, ht, pid, tid = _winapi.CreateProcess(executable, args,
                       ^^^^^^^^^^^^^^^^^^^^^^^^^^^^^^^^^^^^^^^
FileNotFoundError: [WinError 2] O sistema não pode encontrar o arquivo especificado
46522 INFO: Executing: strip C:\Users\henri\AppData\Local\pyinstaller\bincache10py31164bit\_ssl.pyd
46525 WARNING: Failed to run strip on 'C:\\Users\\henri\\AppData\\Local\\pyinstaller\\bincache10py31164bit\\_ssl.pyd'!
Traceback (most recent call last):
  File "E:\Documentos\projetos\www\automatiza-od\.venv\Lib\site-packages\PyInstaller\building\utils.py", line 250, in process_collected_binary
    p = subprocess.run(
        ^^^^^^^^^^^^^^^
  File "C:\Program Files\WindowsApps\PythonSoftwareFoundation.Python.3.11_3.11.2544.0_x64__qbz5n2kfra8p0\Lib\subprocess.py", line 548, in run
    with Popen(*popenargs, **kwargs) as process:
         ^^^^^^^^^^^^^^^^^^^^^^^^^^^
  File "C:\Program Files\WindowsApps\PythonSoftwareFoundation.Python.3.11_3.11.2544.0_x64__qbz5n2kfra8p0\Lib\subprocess.py", line 1026, in __init__
    self._execute_child(args, executable, preexec_fn, close_fds,
  File "C:\Program Files\WindowsApps\PythonSoftwareFoundation.Python.3.11_3.11.2544.0_x64__qbz5n2kfra8p0\Lib\subprocess.py", line 1538, in _execute_child
    hp, ht, pid, tid = _winapi.CreateProcess(executable, args,
                       ^^^^^^^^^^^^^^^^^^^^^^^^^^^^^^^^^^^^^^^
FileNotFoundError: [WinError 2] O sistema não pode encontrar o arquivo especificado
46538 INFO: Executing: strip C:\Users\henri\AppData\Local\pyinstaller\bincache10py31164bit\_queue.pyd
46542 WARNING: Failed to run strip on 'C:\\Users\\henri\\AppData\\Local\\pyinstaller\\bincache10py31164bit\\_queue.pyd'!
Traceback (most recent call last):
  File "E:\Documentos\projetos\www\automatiza-od\.venv\Lib\site-packages\PyInstaller\building\utils.py", line 250, in process_collected_binary
    p = subprocess.run(
        ^^^^^^^^^^^^^^^
  File "C:\Program Files\WindowsApps\PythonSoftwareFoundation.Python.3.11_3.11.2544.0_x64__qbz5n2kfra8p0\Lib\subprocess.py", line 548, in run
    with Popen(*popenargs, **kwargs) as process:
         ^^^^^^^^^^^^^^^^^^^^^^^^^^^
  File "C:\Program Files\WindowsApps\PythonSoftwareFoundation.Python.3.11_3.11.2544.0_x64__qbz5n2kfra8p0\Lib\subprocess.py", line 1026, in __init__
    self._execute_child(args, executable, preexec_fn, close_fds,
  File "C:\Program Files\WindowsApps\PythonSoftwareFoundation.Python.3.11_3.11.2544.0_x64__qbz5n2kfra8p0\Lib\subprocess.py", line 1538, in _execute_child
    hp, ht, pid, tid = _winapi.CreateProcess(executable, args,
                       ^^^^^^^^^^^^^^^^^^^^^^^^^^^^^^^^^^^^^^^
FileNotFoundError: [WinError 2] O sistema não pode encontrar o arquivo especificado
46556 INFO: Executing: strip C:\Users\henri\AppData\Local\pyinstaller\bincache10py31164bit\_multiprocessing.pyd
46559 WARNING: Failed to run strip on 'C:\\Users\\henri\\AppData\\Local\\pyinstaller\\bincache10py31164bit\\_multiprocessing.pyd'!
Traceback (most recent call last):
  File "E:\Documentos\projetos\www\automatiza-od\.venv\Lib\site-packages\PyInstaller\building\utils.py", line 250, in process_collected_binary
    p = subprocess.run(
        ^^^^^^^^^^^^^^^
  File "C:\Program Files\WindowsApps\PythonSoftwareFoundation.Python.3.11_3.11.2544.0_x64__qbz5n2kfra8p0\Lib\subprocess.py", line 548, in run
    with Popen(*popenargs, **kwargs) as process:
         ^^^^^^^^^^^^^^^^^^^^^^^^^^^
  File "C:\Program Files\WindowsApps\PythonSoftwareFoundation.Python.3.11_3.11.2544.0_x64__qbz5n2kfra8p0\Lib\subprocess.py", line 1026, in __init__
    self._execute_child(args, executable, preexec_fn, close_fds,
  File "C:\Program Files\WindowsApps\PythonSoftwareFoundation.Python.3.11_3.11.2544.0_x64__qbz5n2kfra8p0\Lib\subprocess.py", line 1538, in _execute_child
    hp, ht, pid, tid = _winapi.CreateProcess(executable, args,
                       ^^^^^^^^^^^^^^^^^^^^^^^^^^^^^^^^^^^^^^^
FileNotFoundError: [WinError 2] O sistema não pode encontrar o arquivo especificado
46573 INFO: Executing: strip C:\Users\henri\AppData\Local\pyinstaller\bincache10py31164bit\pyexpat.pyd
46576 WARNING: Failed to run strip on 'C:\\Users\\henri\\AppData\\Local\\pyinstaller\\bincache10py31164bit\\pyexpat.pyd'!
Traceback (most recent call last):
  File "E:\Documentos\projetos\www\automatiza-od\.venv\Lib\site-packages\PyInstaller\building\utils.py", line 250, in process_collected_binary
    p = subprocess.run(
        ^^^^^^^^^^^^^^^
  File "C:\Program Files\WindowsApps\PythonSoftwareFoundation.Python.3.11_3.11.2544.0_x64__qbz5n2kfra8p0\Lib\subprocess.py", line 548, in run
    with Popen(*popenargs, **kwargs) as process:
         ^^^^^^^^^^^^^^^^^^^^^^^^^^^
  File "C:\Program Files\WindowsApps\PythonSoftwareFoundation.Python.3.11_3.11.2544.0_x64__qbz5n2kfra8p0\Lib\subprocess.py", line 1026, in __init__
    self._execute_child(args, executable, preexec_fn, close_fds,
  File "C:\Program Files\WindowsApps\PythonSoftwareFoundation.Python.3.11_3.11.2544.0_x64__qbz5n2kfra8p0\Lib\subprocess.py", line 1538, in _execute_child
    hp, ht, pid, tid = _winapi.CreateProcess(executable, args,
                       ^^^^^^^^^^^^^^^^^^^^^^^^^^^^^^^^^^^^^^^
FileNotFoundError: [WinError 2] O sistema não pode encontrar o arquivo especificado
46590 INFO: Executing: strip C:\Users\henri\AppData\Local\pyinstaller\bincache10py31164bit\_asyncio.pyd
46593 WARNING: Failed to run strip on 'C:\\Users\\henri\\AppData\\Local\\pyinstaller\\bincache10py31164bit\\_asyncio.pyd'!
Traceback (most recent call last):
  File "E:\Documentos\projetos\www\automatiza-od\.venv\Lib\site-packages\PyInstaller\building\utils.py", line 250, in process_collected_binary
    p = subprocess.run(
        ^^^^^^^^^^^^^^^
  File "C:\Program Files\WindowsApps\PythonSoftwareFoundation.Python.3.11_3.11.2544.0_x64__qbz5n2kfra8p0\Lib\subprocess.py", line 548, in run
    with Popen(*popenargs, **kwargs) as process:
         ^^^^^^^^^^^^^^^^^^^^^^^^^^^
  File "C:\Program Files\WindowsApps\PythonSoftwareFoundation.Python.3.11_3.11.2544.0_x64__qbz5n2kfra8p0\Lib\subprocess.py", line 1026, in __init__
    self._execute_child(args, executable, preexec_fn, close_fds,
  File "C:\Program Files\WindowsApps\PythonSoftwareFoundation.Python.3.11_3.11.2544.0_x64__qbz5n2kfra8p0\Lib\subprocess.py", line 1538, in _execute_child
    hp, ht, pid, tid = _winapi.CreateProcess(executable, args,
                       ^^^^^^^^^^^^^^^^^^^^^^^^^^^^^^^^^^^^^^^
FileNotFoundError: [WinError 2] O sistema não pode encontrar o arquivo especificado
46607 INFO: Executing: strip C:\Users\henri\AppData\Local\pyinstaller\bincache10py31164bit\PIL\_webp.cp311-win_amd64.pyd
46610 WARNING: Failed to run strip on 'C:\\Users\\henri\\AppData\\Local\\pyinstaller\\bincache10py31164bit\\PIL\\_webp.cp311-win_amd64.pyd'!
Traceback (most recent call last):
  File "E:\Documentos\projetos\www\automatiza-od\.venv\Lib\site-packages\PyInstaller\building\utils.py", line 250, in process_collected_binary
    p = subprocess.run(
        ^^^^^^^^^^^^^^^
  File "C:\Program Files\WindowsApps\PythonSoftwareFoundation.Python.3.11_3.11.2544.0_x64__qbz5n2kfra8p0\Lib\subprocess.py", line 548, in run
    with Popen(*popenargs, **kwargs) as process:
         ^^^^^^^^^^^^^^^^^^^^^^^^^^^
  File "C:\Program Files\WindowsApps\PythonSoftwareFoundation.Python.3.11_3.11.2544.0_x64__qbz5n2kfra8p0\Lib\subprocess.py", line 1026, in __init__
    self._execute_child(args, executable, preexec_fn, close_fds,
  File "C:\Program Files\WindowsApps\PythonSoftwareFoundation.Python.3.11_3.11.2544.0_x64__qbz5n2kfra8p0\Lib\subprocess.py", line 1538, in _execute_child
    hp, ht, pid, tid = _winapi.CreateProcess(executable, args,
                       ^^^^^^^^^^^^^^^^^^^^^^^^^^^^^^^^^^^^^^^
FileNotFoundError: [WinError 2] O sistema não pode encontrar o arquivo especificado
46635 INFO: Executing: strip C:\Users\henri\AppData\Local\pyinstaller\bincache10py31164bit\PIL\_avif.cp311-win_amd64.pyd
46638 WARNING: Failed to run strip on 'C:\\Users\\henri\\AppData\\Local\\pyinstaller\\bincache10py31164bit\\PIL\\_avif.cp311-win_amd64.pyd'!
Traceback (most recent call last):
  File "E:\Documentos\projetos\www\automatiza-od\.venv\Lib\site-packages\PyInstaller\building\utils.py", line 250, in process_collected_binary
    p = subprocess.run(
        ^^^^^^^^^^^^^^^
  File "C:\Program Files\WindowsApps\PythonSoftwareFoundation.Python.3.11_3.11.2544.0_x64__qbz5n2kfra8p0\Lib\subprocess.py", line 548, in run
    with Popen(*popenargs, **kwargs) as process:
         ^^^^^^^^^^^^^^^^^^^^^^^^^^^
  File "C:\Program Files\WindowsApps\PythonSoftwareFoundation.Python.3.11_3.11.2544.0_x64__qbz5n2kfra8p0\Lib\subprocess.py", line 1026, in __init__
    self._execute_child(args, executable, preexec_fn, close_fds,
  File "C:\Program Files\WindowsApps\PythonSoftwareFoundation.Python.3.11_3.11.2544.0_x64__qbz5n2kfra8p0\Lib\subprocess.py", line 1538, in _execute_child
    hp, ht, pid, tid = _winapi.CreateProcess(executable, args,
                       ^^^^^^^^^^^^^^^^^^^^^^^^^^^^^^^^^^^^^^^
FileNotFoundError: [WinError 2] O sistema não pode encontrar o arquivo especificado
46652 INFO: Executing: strip C:\Users\henri\AppData\Local\pyinstaller\bincache10py31164bit\numpy\_core\_multiarray_tests.cp311-win_amd64.pyd
46655 WARNING: Failed to run strip on 'C:\\Users\\henri\\AppData\\Local\\pyinstaller\\bincache10py31164bit\\numpy\\_core\\_multiarray_tests.cp311-win_amd64.pyd'!
Traceback (most recent call last):
  File "E:\Documentos\projetos\www\automatiza-od\.venv\Lib\site-packages\PyInstaller\building\utils.py", line 250, in process_collected_binary
    p = subprocess.run(
        ^^^^^^^^^^^^^^^
  File "C:\Program Files\WindowsApps\PythonSoftwareFoundation.Python.3.11_3.11.2544.0_x64__qbz5n2kfra8p0\Lib\subprocess.py", line 548, in run
    with Popen(*popenargs, **kwargs) as process:
         ^^^^^^^^^^^^^^^^^^^^^^^^^^^
  File "C:\Program Files\WindowsApps\PythonSoftwareFoundation.Python.3.11_3.11.2544.0_x64__qbz5n2kfra8p0\Lib\subprocess.py", line 1026, in __init__
    self._execute_child(args, executable, preexec_fn, close_fds,
  File "C:\Program Files\WindowsApps\PythonSoftwareFoundation.Python.3.11_3.11.2544.0_x64__qbz5n2kfra8p0\Lib\subprocess.py", line 1538, in _execute_child
    hp, ht, pid, tid = _winapi.CreateProcess(executable, args,
                       ^^^^^^^^^^^^^^^^^^^^^^^^^^^^^^^^^^^^^^^
FileNotFoundError: [WinError 2] O sistema não pode encontrar o arquivo especificado
46675 INFO: Executing: strip C:\Users\henri\AppData\Local\pyinstaller\bincache10py31164bit\numpy\_core\_multiarray_umath.cp311-win_amd64.pyd
46679 WARNING: Failed to run strip on 'C:\\Users\\henri\\AppData\\Local\\pyinstaller\\bincache10py31164bit\\numpy\\_core\\_multiarray_umath.cp311-win_amd64.pyd'!
Traceback (most recent call last):
  File "E:\Documentos\projetos\www\automatiza-od\.venv\Lib\site-packages\PyInstaller\building\utils.py", line 250, in process_collected_binary
    p = subprocess.run(
        ^^^^^^^^^^^^^^^
  File "C:\Program Files\WindowsApps\PythonSoftwareFoundation.Python.3.11_3.11.2544.0_x64__qbz5n2kfra8p0\Lib\subprocess.py", line 548, in run
    with Popen(*popenargs, **kwargs) as process:
         ^^^^^^^^^^^^^^^^^^^^^^^^^^^
  File "C:\Program Files\WindowsApps\PythonSoftwareFoundation.Python.3.11_3.11.2544.0_x64__qbz5n2kfra8p0\Lib\subprocess.py", line 1026, in __init__
    self._execute_child(args, executable, preexec_fn, close_fds,
  File "C:\Program Files\WindowsApps\PythonSoftwareFoundation.Python.3.11_3.11.2544.0_x64__qbz5n2kfra8p0\Lib\subprocess.py", line 1538, in _execute_child
    hp, ht, pid, tid = _winapi.CreateProcess(executable, args,
                       ^^^^^^^^^^^^^^^^^^^^^^^^^^^^^^^^^^^^^^^
FileNotFoundError: [WinError 2] O sistema não pode encontrar o arquivo especificado
46693 INFO: Executing: strip C:\Users\henri\AppData\Local\pyinstaller\bincache10py31164bit\charset_normalizer\md__mypyc.cp311-win_amd64.pyd
46697 WARNING: Failed to run strip on 'C:\\Users\\henri\\AppData\\Local\\pyinstaller\\bincache10py31164bit\\charset_normalizer\\md__mypyc.cp311-win_amd64.pyd'!
Traceback (most recent call last):
  File "E:\Documentos\projetos\www\automatiza-od\.venv\Lib\site-packages\PyInstaller\building\utils.py", line 250, in process_collected_binary
    p = subprocess.run(
        ^^^^^^^^^^^^^^^
  File "C:\Program Files\WindowsApps\PythonSoftwareFoundation.Python.3.11_3.11.2544.0_x64__qbz5n2kfra8p0\Lib\subprocess.py", line 548, in run
    with Popen(*popenargs, **kwargs) as process:
         ^^^^^^^^^^^^^^^^^^^^^^^^^^^
  File "C:\Program Files\WindowsApps\PythonSoftwareFoundation.Python.3.11_3.11.2544.0_x64__qbz5n2kfra8p0\Lib\subprocess.py", line 1026, in __init__
    self._execute_child(args, executable, preexec_fn, close_fds,
  File "C:\Program Files\WindowsApps\PythonSoftwareFoundation.Python.3.11_3.11.2544.0_x64__qbz5n2kfra8p0\Lib\subprocess.py", line 1538, in _execute_child
    hp, ht, pid, tid = _winapi.CreateProcess(executable, args,
                       ^^^^^^^^^^^^^^^^^^^^^^^^^^^^^^^^^^^^^^^
FileNotFoundError: [WinError 2] O sistema não pode encontrar o arquivo especificado
46711 INFO: Executing: strip C:\Users\henri\AppData\Local\pyinstaller\bincache10py31164bit\charset_normalizer\md.cp311-win_amd64.pyd
46716 WARNING: Failed to run strip on 'C:\\Users\\henri\\AppData\\Local\\pyinstaller\\bincache10py31164bit\\charset_normalizer\\md.cp311-win_amd64.pyd'!
Traceback (most recent call last):
  File "E:\Documentos\projetos\www\automatiza-od\.venv\Lib\site-packages\PyInstaller\building\utils.py", line 250, in process_collected_binary
    p = subprocess.run(
        ^^^^^^^^^^^^^^^
  File "C:\Program Files\WindowsApps\PythonSoftwareFoundation.Python.3.11_3.11.2544.0_x64__qbz5n2kfra8p0\Lib\subprocess.py", line 548, in run
    with Popen(*popenargs, **kwargs) as process:
         ^^^^^^^^^^^^^^^^^^^^^^^^^^^
  File "C:\Program Files\WindowsApps\PythonSoftwareFoundation.Python.3.11_3.11.2544.0_x64__qbz5n2kfra8p0\Lib\subprocess.py", line 1026, in __init__
    self._execute_child(args, executable, preexec_fn, close_fds,
  File "C:\Program Files\WindowsApps\PythonSoftwareFoundation.Python.3.11_3.11.2544.0_x64__qbz5n2kfra8p0\Lib\subprocess.py", line 1538, in _execute_child
    hp, ht, pid, tid = _winapi.CreateProcess(executable, args,
                       ^^^^^^^^^^^^^^^^^^^^^^^^^^^^^^^^^^^^^^^
FileNotFoundError: [WinError 2] O sistema não pode encontrar o arquivo especificado
46731 INFO: Executing: strip C:\Users\henri\AppData\Local\pyinstaller\bincache10py31164bit\psutil\_psutil_windows.pyd
46734 WARNING: Failed to run strip on 'C:\\Users\\henri\\AppData\\Local\\pyinstaller\\bincache10py31164bit\\psutil\\_psutil_windows.pyd'!
Traceback (most recent call last):
  File "E:\Documentos\projetos\www\automatiza-od\.venv\Lib\site-packages\PyInstaller\building\utils.py", line 250, in process_collected_binary
    p = subprocess.run(
        ^^^^^^^^^^^^^^^
  File "C:\Program Files\WindowsApps\PythonSoftwareFoundation.Python.3.11_3.11.2544.0_x64__qbz5n2kfra8p0\Lib\subprocess.py", line 548, in run
    with Popen(*popenargs, **kwargs) as process:
         ^^^^^^^^^^^^^^^^^^^^^^^^^^^
  File "C:\Program Files\WindowsApps\PythonSoftwareFoundation.Python.3.11_3.11.2544.0_x64__qbz5n2kfra8p0\Lib\subprocess.py", line 1026, in __init__
    self._execute_child(args, executable, preexec_fn, close_fds,
  File "C:\Program Files\WindowsApps\PythonSoftwareFoundation.Python.3.11_3.11.2544.0_x64__qbz5n2kfra8p0\Lib\subprocess.py", line 1538, in _execute_child
    hp, ht, pid, tid = _winapi.CreateProcess(executable, args,
                       ^^^^^^^^^^^^^^^^^^^^^^^^^^^^^^^^^^^^^^^
FileNotFoundError: [WinError 2] O sistema não pode encontrar o arquivo especificado
46749 INFO: Executing: strip C:\Users\henri\AppData\Local\pyinstaller\bincache10py31164bit\numpy\linalg\_umath_linalg.cp311-win_amd64.pyd
46753 WARNING: Failed to run strip on 'C:\\Users\\henri\\AppData\\Local\\pyinstaller\\bincache10py31164bit\\numpy\\linalg\\_umath_linalg.cp311-win_amd64.pyd'!
Traceback (most recent call last):
  File "E:\Documentos\projetos\www\automatiza-od\.venv\Lib\site-packages\PyInstaller\building\utils.py", line 250, in process_collected_binary
    p = subprocess.run(
        ^^^^^^^^^^^^^^^
  File "C:\Program Files\WindowsApps\PythonSoftwareFoundation.Python.3.11_3.11.2544.0_x64__qbz5n2kfra8p0\Lib\subprocess.py", line 548, in run
    with Popen(*popenargs, **kwargs) as process:
         ^^^^^^^^^^^^^^^^^^^^^^^^^^^
  File "C:\Program Files\WindowsApps\PythonSoftwareFoundation.Python.3.11_3.11.2544.0_x64__qbz5n2kfra8p0\Lib\subprocess.py", line 1026, in __init__
    self._execute_child(args, executable, preexec_fn, close_fds,
  File "C:\Program Files\WindowsApps\PythonSoftwareFoundation.Python.3.11_3.11.2544.0_x64__qbz5n2kfra8p0\Lib\subprocess.py", line 1538, in _execute_child
    hp, ht, pid, tid = _winapi.CreateProcess(executable, args,
                       ^^^^^^^^^^^^^^^^^^^^^^^^^^^^^^^^^^^^^^^
FileNotFoundError: [WinError 2] O sistema não pode encontrar o arquivo especificado
46768 INFO: Executing: strip C:\Users\henri\AppData\Local\pyinstaller\bincache10py31164bit\numpy\random\mtrand.cp311-win_amd64.pyd
46772 WARNING: Failed to run strip on 'C:\\Users\\henri\\AppData\\Local\\pyinstaller\\bincache10py31164bit\\numpy\\random\\mtrand.cp311-win_amd64.pyd'!
Traceback (most recent call last):
  File "E:\Documentos\projetos\www\automatiza-od\.venv\Lib\site-packages\PyInstaller\building\utils.py", line 250, in process_collected_binary
    p = subprocess.run(
        ^^^^^^^^^^^^^^^
  File "C:\Program Files\WindowsApps\PythonSoftwareFoundation.Python.3.11_3.11.2544.0_x64__qbz5n2kfra8p0\Lib\subprocess.py", line 548, in run
    with Popen(*popenargs, **kwargs) as process:
         ^^^^^^^^^^^^^^^^^^^^^^^^^^^
  File "C:\Program Files\WindowsApps\PythonSoftwareFoundation.Python.3.11_3.11.2544.0_x64__qbz5n2kfra8p0\Lib\subprocess.py", line 1026, in __init__
    self._execute_child(args, executable, preexec_fn, close_fds,
  File "C:\Program Files\WindowsApps\PythonSoftwareFoundation.Python.3.11_3.11.2544.0_x64__qbz5n2kfra8p0\Lib\subprocess.py", line 1538, in _execute_child
    hp, ht, pid, tid = _winapi.CreateProcess(executable, args,
                       ^^^^^^^^^^^^^^^^^^^^^^^^^^^^^^^^^^^^^^^
FileNotFoundError: [WinError 2] O sistema não pode encontrar o arquivo especificado
46794 INFO: Executing: strip C:\Users\henri\AppData\Local\pyinstaller\bincache10py31164bit\numpy\random\bit_generator.cp311-win_amd64.pyd
46802 WARNING: Failed to run strip on 'C:\\Users\\henri\\AppData\\Local\\pyinstaller\\bincache10py31164bit\\numpy\\random\\bit_generator.cp311-win_amd64.pyd'!
Traceback (most recent call last):
  File "E:\Documentos\projetos\www\automatiza-od\.venv\Lib\site-packages\PyInstaller\building\utils.py", line 250, in process_collected_binary
    p = subprocess.run(
        ^^^^^^^^^^^^^^^
  File "C:\Program Files\WindowsApps\PythonSoftwareFoundation.Python.3.11_3.11.2544.0_x64__qbz5n2kfra8p0\Lib\subprocess.py", line 548, in run
    with Popen(*popenargs, **kwargs) as process:
         ^^^^^^^^^^^^^^^^^^^^^^^^^^^
  File "C:\Program Files\WindowsApps\PythonSoftwareFoundation.Python.3.11_3.11.2544.0_x64__qbz5n2kfra8p0\Lib\subprocess.py", line 1026, in __init__
    self._execute_child(args, executable, preexec_fn, close_fds,
  File "C:\Program Files\WindowsApps\PythonSoftwareFoundation.Python.3.11_3.11.2544.0_x64__qbz5n2kfra8p0\Lib\subprocess.py", line 1538, in _execute_child
    hp, ht, pid, tid = _winapi.CreateProcess(executable, args,
                       ^^^^^^^^^^^^^^^^^^^^^^^^^^^^^^^^^^^^^^^
FileNotFoundError: [WinError 2] O sistema não pode encontrar o arquivo especificado
46877 INFO: Executing: strip C:\Users\henri\AppData\Local\pyinstaller\bincache10py31164bit\numpy\random\_sfc64.cp311-win_amd64.pyd
46888 WARNING: Failed to run strip on 'C:\\Users\\henri\\AppData\\Local\\pyinstaller\\bincache10py31164bit\\numpy\\random\\_sfc64.cp311-win_amd64.pyd'!
Traceback (most recent call last):
  File "E:\Documentos\projetos\www\automatiza-od\.venv\Lib\site-packages\PyInstaller\building\utils.py", line 250, in process_collected_binary
    p = subprocess.run(
        ^^^^^^^^^^^^^^^
  File "C:\Program Files\WindowsApps\PythonSoftwareFoundation.Python.3.11_3.11.2544.0_x64__qbz5n2kfra8p0\Lib\subprocess.py", line 548, in run
    with Popen(*popenargs, **kwargs) as process:
         ^^^^^^^^^^^^^^^^^^^^^^^^^^^
  File "C:\Program Files\WindowsApps\PythonSoftwareFoundation.Python.3.11_3.11.2544.0_x64__qbz5n2kfra8p0\Lib\subprocess.py", line 1026, in __init__
    self._execute_child(args, executable, preexec_fn, close_fds,
  File "C:\Program Files\WindowsApps\PythonSoftwareFoundation.Python.3.11_3.11.2544.0_x64__qbz5n2kfra8p0\Lib\subprocess.py", line 1538, in _execute_child
    hp, ht, pid, tid = _winapi.CreateProcess(executable, args,
                       ^^^^^^^^^^^^^^^^^^^^^^^^^^^^^^^^^^^^^^^
FileNotFoundError: [WinError 2] O sistema não pode encontrar o arquivo especificado
46952 INFO: Executing: strip C:\Users\henri\AppData\Local\pyinstaller\bincache10py31164bit\numpy\random\_philox.cp311-win_amd64.pyd
46960 WARNING: Failed to run strip on 'C:\\Users\\henri\\AppData\\Local\\pyinstaller\\bincache10py31164bit\\numpy\\random\\_philox.cp311-win_amd64.pyd'!
Traceback (most recent call last):
  File "E:\Documentos\projetos\www\automatiza-od\.venv\Lib\site-packages\PyInstaller\building\utils.py", line 250, in process_collected_binary
    p = subprocess.run(
        ^^^^^^^^^^^^^^^
  File "C:\Program Files\WindowsApps\PythonSoftwareFoundation.Python.3.11_3.11.2544.0_x64__qbz5n2kfra8p0\Lib\subprocess.py", line 548, in run
    with Popen(*popenargs, **kwargs) as process:
         ^^^^^^^^^^^^^^^^^^^^^^^^^^^
  File "C:\Program Files\WindowsApps\PythonSoftwareFoundation.Python.3.11_3.11.2544.0_x64__qbz5n2kfra8p0\Lib\subprocess.py", line 1026, in __init__
    self._execute_child(args, executable, preexec_fn, close_fds,
  File "C:\Program Files\WindowsApps\PythonSoftwareFoundation.Python.3.11_3.11.2544.0_x64__qbz5n2kfra8p0\Lib\subprocess.py", line 1538, in _execute_child
    hp, ht, pid, tid = _winapi.CreateProcess(executable, args,
                       ^^^^^^^^^^^^^^^^^^^^^^^^^^^^^^^^^^^^^^^
FileNotFoundError: [WinError 2] O sistema não pode encontrar o arquivo especificado
46987 INFO: Executing: strip C:\Users\henri\AppData\Local\pyinstaller\bincache10py31164bit\numpy\random\_pcg64.cp311-win_amd64.pyd
46992 WARNING: Failed to run strip on 'C:\\Users\\henri\\AppData\\Local\\pyinstaller\\bincache10py31164bit\\numpy\\random\\_pcg64.cp311-win_amd64.pyd'!
Traceback (most recent call last):
  File "E:\Documentos\projetos\www\automatiza-od\.venv\Lib\site-packages\PyInstaller\building\utils.py", line 250, in process_collected_binary
    p = subprocess.run(
        ^^^^^^^^^^^^^^^
  File "C:\Program Files\WindowsApps\PythonSoftwareFoundation.Python.3.11_3.11.2544.0_x64__qbz5n2kfra8p0\Lib\subprocess.py", line 548, in run
    with Popen(*popenargs, **kwargs) as process:
         ^^^^^^^^^^^^^^^^^^^^^^^^^^^
  File "C:\Program Files\WindowsApps\PythonSoftwareFoundation.Python.3.11_3.11.2544.0_x64__qbz5n2kfra8p0\Lib\subprocess.py", line 1026, in __init__
    self._execute_child(args, executable, preexec_fn, close_fds,
  File "C:\Program Files\WindowsApps\PythonSoftwareFoundation.Python.3.11_3.11.2544.0_x64__qbz5n2kfra8p0\Lib\subprocess.py", line 1538, in _execute_child
    hp, ht, pid, tid = _winapi.CreateProcess(executable, args,
                       ^^^^^^^^^^^^^^^^^^^^^^^^^^^^^^^^^^^^^^^
FileNotFoundError: [WinError 2] O sistema não pode encontrar o arquivo especificado
47009 INFO: Executing: strip C:\Users\henri\AppData\Local\pyinstaller\bincache10py31164bit\numpy\random\_mt19937.cp311-win_amd64.pyd
47016 WARNING: Failed to run strip on 'C:\\Users\\henri\\AppData\\Local\\pyinstaller\\bincache10py31164bit\\numpy\\random\\_mt19937.cp311-win_amd64.pyd'!
Traceback (most recent call last):
  File "E:\Documentos\projetos\www\automatiza-od\.venv\Lib\site-packages\PyInstaller\building\utils.py", line 250, in process_collected_binary
    p = subprocess.run(
        ^^^^^^^^^^^^^^^
  File "C:\Program Files\WindowsApps\PythonSoftwareFoundation.Python.3.11_3.11.2544.0_x64__qbz5n2kfra8p0\Lib\subprocess.py", line 548, in run
    with Popen(*popenargs, **kwargs) as process:
         ^^^^^^^^^^^^^^^^^^^^^^^^^^^
  File "C:\Program Files\WindowsApps\PythonSoftwareFoundation.Python.3.11_3.11.2544.0_x64__qbz5n2kfra8p0\Lib\subprocess.py", line 1026, in __init__
    self._execute_child(args, executable, preexec_fn, close_fds,
  File "C:\Program Files\WindowsApps\PythonSoftwareFoundation.Python.3.11_3.11.2544.0_x64__qbz5n2kfra8p0\Lib\subprocess.py", line 1538, in _execute_child
    hp, ht, pid, tid = _winapi.CreateProcess(executable, args,
                       ^^^^^^^^^^^^^^^^^^^^^^^^^^^^^^^^^^^^^^^
FileNotFoundError: [WinError 2] O sistema não pode encontrar o arquivo especificado
47044 INFO: Executing: strip C:\Users\henri\AppData\Local\pyinstaller\bincache10py31164bit\numpy\random\_generator.cp311-win_amd64.pyd
47048 WARNING: Failed to run strip on 'C:\\Users\\henri\\AppData\\Local\\pyinstaller\\bincache10py31164bit\\numpy\\random\\_generator.cp311-win_amd64.pyd'!
Traceback (most recent call last):
  File "E:\Documentos\projetos\www\automatiza-od\.venv\Lib\site-packages\PyInstaller\building\utils.py", line 250, in process_collected_binary
    p = subprocess.run(
        ^^^^^^^^^^^^^^^
  File "C:\Program Files\WindowsApps\PythonSoftwareFoundation.Python.3.11_3.11.2544.0_x64__qbz5n2kfra8p0\Lib\subprocess.py", line 548, in run
    with Popen(*popenargs, **kwargs) as process:
         ^^^^^^^^^^^^^^^^^^^^^^^^^^^
  File "C:\Program Files\WindowsApps\PythonSoftwareFoundation.Python.3.11_3.11.2544.0_x64__qbz5n2kfra8p0\Lib\subprocess.py", line 1026, in __init__
    self._execute_child(args, executable, preexec_fn, close_fds,
  File "C:\Program Files\WindowsApps\PythonSoftwareFoundation.Python.3.11_3.11.2544.0_x64__qbz5n2kfra8p0\Lib\subprocess.py", line 1538, in _execute_child
    hp, ht, pid, tid = _winapi.CreateProcess(executable, args,
                       ^^^^^^^^^^^^^^^^^^^^^^^^^^^^^^^^^^^^^^^
FileNotFoundError: [WinError 2] O sistema não pode encontrar o arquivo especificado
47063 INFO: Executing: strip C:\Users\henri\AppData\Local\pyinstaller\bincache10py31164bit\numpy\random\_common.cp311-win_amd64.pyd
47068 WARNING: Failed to run strip on 'C:\\Users\\henri\\AppData\\Local\\pyinstaller\\bincache10py31164bit\\numpy\\random\\_common.cp311-win_amd64.pyd'!
Traceback (most recent call last):
  File "E:\Documentos\projetos\www\automatiza-od\.venv\Lib\site-packages\PyInstaller\building\utils.py", line 250, in process_collected_binary
    p = subprocess.run(
        ^^^^^^^^^^^^^^^
  File "C:\Program Files\WindowsApps\PythonSoftwareFoundation.Python.3.11_3.11.2544.0_x64__qbz5n2kfra8p0\Lib\subprocess.py", line 548, in run
    with Popen(*popenargs, **kwargs) as process:
         ^^^^^^^^^^^^^^^^^^^^^^^^^^^
  File "C:\Program Files\WindowsApps\PythonSoftwareFoundation.Python.3.11_3.11.2544.0_x64__qbz5n2kfra8p0\Lib\subprocess.py", line 1026, in __init__
    self._execute_child(args, executable, preexec_fn, close_fds,
  File "C:\Program Files\WindowsApps\PythonSoftwareFoundation.Python.3.11_3.11.2544.0_x64__qbz5n2kfra8p0\Lib\subprocess.py", line 1538, in _execute_child
    hp, ht, pid, tid = _winapi.CreateProcess(executable, args,
                       ^^^^^^^^^^^^^^^^^^^^^^^^^^^^^^^^^^^^^^^
FileNotFoundError: [WinError 2] O sistema não pode encontrar o arquivo especificado
47083 INFO: Executing: strip C:\Users\henri\AppData\Local\pyinstaller\bincache10py31164bit\numpy\random\_bounded_integers.cp311-win_amd64.pyd
47087 WARNING: Failed to run strip on 'C:\\Users\\henri\\AppData\\Local\\pyinstaller\\bincache10py31164bit\\numpy\\random\\_bounded_integers.cp311-win_amd64.pyd'!
Traceback (most recent call last):
  File "E:\Documentos\projetos\www\automatiza-od\.venv\Lib\site-packages\PyInstaller\building\utils.py", line 250, in process_collected_binary
    p = subprocess.run(
        ^^^^^^^^^^^^^^^
  File "C:\Program Files\WindowsApps\PythonSoftwareFoundation.Python.3.11_3.11.2544.0_x64__qbz5n2kfra8p0\Lib\subprocess.py", line 548, in run
    with Popen(*popenargs, **kwargs) as process:
         ^^^^^^^^^^^^^^^^^^^^^^^^^^^
  File "C:\Program Files\WindowsApps\PythonSoftwareFoundation.Python.3.11_3.11.2544.0_x64__qbz5n2kfra8p0\Lib\subprocess.py", line 1026, in __init__
    self._execute_child(args, executable, preexec_fn, close_fds,
  File "C:\Program Files\WindowsApps\PythonSoftwareFoundation.Python.3.11_3.11.2544.0_x64__qbz5n2kfra8p0\Lib\subprocess.py", line 1538, in _execute_child
    hp, ht, pid, tid = _winapi.CreateProcess(executable, args,
                       ^^^^^^^^^^^^^^^^^^^^^^^^^^^^^^^^^^^^^^^
FileNotFoundError: [WinError 2] O sistema não pode encontrar o arquivo especificado
47103 INFO: Executing: strip C:\Users\henri\AppData\Local\pyinstaller\bincache10py31164bit\numpy\fft\_pocketfft_umath.cp311-win_amd64.pyd
47106 WARNING: Failed to run strip on 'C:\\Users\\henri\\AppData\\Local\\pyinstaller\\bincache10py31164bit\\numpy\\fft\\_pocketfft_umath.cp311-win_amd64.pyd'!
Traceback (most recent call last):
  File "E:\Documentos\projetos\www\automatiza-od\.venv\Lib\site-packages\PyInstaller\building\utils.py", line 250, in process_collected_binary
    p = subprocess.run(
        ^^^^^^^^^^^^^^^
  File "C:\Program Files\WindowsApps\PythonSoftwareFoundation.Python.3.11_3.11.2544.0_x64__qbz5n2kfra8p0\Lib\subprocess.py", line 548, in run
    with Popen(*popenargs, **kwargs) as process:
         ^^^^^^^^^^^^^^^^^^^^^^^^^^^
  File "C:\Program Files\WindowsApps\PythonSoftwareFoundation.Python.3.11_3.11.2544.0_x64__qbz5n2kfra8p0\Lib\subprocess.py", line 1026, in __init__
    self._execute_child(args, executable, preexec_fn, close_fds,
  File "C:\Program Files\WindowsApps\PythonSoftwareFoundation.Python.3.11_3.11.2544.0_x64__qbz5n2kfra8p0\Lib\subprocess.py", line 1538, in _execute_child
    hp, ht, pid, tid = _winapi.CreateProcess(executable, args,
                       ^^^^^^^^^^^^^^^^^^^^^^^^^^^^^^^^^^^^^^^
FileNotFoundError: [WinError 2] O sistema não pode encontrar o arquivo especificado
47123 INFO: Executing: strip C:\Users\henri\AppData\Local\pyinstaller\bincache10py31164bit\yaml\_yaml.cp311-win_amd64.pyd
47126 WARNING: Failed to run strip on 'C:\\Users\\henri\\AppData\\Local\\pyinstaller\\bincache10py31164bit\\yaml\\_yaml.cp311-win_amd64.pyd'!
Traceback (most recent call last):
  File "E:\Documentos\projetos\www\automatiza-od\.venv\Lib\site-packages\PyInstaller\building\utils.py", line 250, in process_collected_binary
    p = subprocess.run(
        ^^^^^^^^^^^^^^^
  File "C:\Program Files\WindowsApps\PythonSoftwareFoundation.Python.3.11_3.11.2544.0_x64__qbz5n2kfra8p0\Lib\subprocess.py", line 548, in run
    with Popen(*popenargs, **kwargs) as process:
         ^^^^^^^^^^^^^^^^^^^^^^^^^^^
  File "C:\Program Files\WindowsApps\PythonSoftwareFoundation.Python.3.11_3.11.2544.0_x64__qbz5n2kfra8p0\Lib\subprocess.py", line 1026, in __init__
    self._execute_child(args, executable, preexec_fn, close_fds,
  File "C:\Program Files\WindowsApps\PythonSoftwareFoundation.Python.3.11_3.11.2544.0_x64__qbz5n2kfra8p0\Lib\subprocess.py", line 1538, in _execute_child
    hp, ht, pid, tid = _winapi.CreateProcess(executable, args,
                       ^^^^^^^^^^^^^^^^^^^^^^^^^^^^^^^^^^^^^^^
FileNotFoundError: [WinError 2] O sistema não pode encontrar o arquivo especificado
47141 INFO: Executing: strip C:\Users\henri\AppData\Local\pyinstaller\bincache10py31164bit\PIL\_imagingtk.cp311-win_amd64.pyd
47145 WARNING: Failed to run strip on 'C:\\Users\\henri\\AppData\\Local\\pyinstaller\\bincache10py31164bit\\PIL\\_imagingtk.cp311-win_amd64.pyd'!
Traceback (most recent call last):
  File "E:\Documentos\projetos\www\automatiza-od\.venv\Lib\site-packages\PyInstaller\building\utils.py", line 250, in process_collected_binary
    p = subprocess.run(
        ^^^^^^^^^^^^^^^
  File "C:\Program Files\WindowsApps\PythonSoftwareFoundation.Python.3.11_3.11.2544.0_x64__qbz5n2kfra8p0\Lib\subprocess.py", line 548, in run
    with Popen(*popenargs, **kwargs) as process:
         ^^^^^^^^^^^^^^^^^^^^^^^^^^^
  File "C:\Program Files\WindowsApps\PythonSoftwareFoundation.Python.3.11_3.11.2544.0_x64__qbz5n2kfra8p0\Lib\subprocess.py", line 1026, in __init__
    self._execute_child(args, executable, preexec_fn, close_fds,
  File "C:\Program Files\WindowsApps\PythonSoftwareFoundation.Python.3.11_3.11.2544.0_x64__qbz5n2kfra8p0\Lib\subprocess.py", line 1538, in _execute_child
    hp, ht, pid, tid = _winapi.CreateProcess(executable, args,
                       ^^^^^^^^^^^^^^^^^^^^^^^^^^^^^^^^^^^^^^^
FileNotFoundError: [WinError 2] O sistema não pode encontrar o arquivo especificado
47163 INFO: Executing: strip C:\Users\henri\AppData\Local\pyinstaller\bincache10py31164bit\PIL\_imagingft.cp311-win_amd64.pyd
47167 WARNING: Failed to run strip on 'C:\\Users\\henri\\AppData\\Local\\pyinstaller\\bincache10py31164bit\\PIL\\_imagingft.cp311-win_amd64.pyd'!
Traceback (most recent call last):
  File "E:\Documentos\projetos\www\automatiza-od\.venv\Lib\site-packages\PyInstaller\building\utils.py", line 250, in process_collected_binary
    p = subprocess.run(
        ^^^^^^^^^^^^^^^
  File "C:\Program Files\WindowsApps\PythonSoftwareFoundation.Python.3.11_3.11.2544.0_x64__qbz5n2kfra8p0\Lib\subprocess.py", line 548, in run
    with Popen(*popenargs, **kwargs) as process:
         ^^^^^^^^^^^^^^^^^^^^^^^^^^^
  File "C:\Program Files\WindowsApps\PythonSoftwareFoundation.Python.3.11_3.11.2544.0_x64__qbz5n2kfra8p0\Lib\subprocess.py", line 1026, in __init__
    self._execute_child(args, executable, preexec_fn, close_fds,
  File "C:\Program Files\WindowsApps\PythonSoftwareFoundation.Python.3.11_3.11.2544.0_x64__qbz5n2kfra8p0\Lib\subprocess.py", line 1538, in _execute_child
    hp, ht, pid, tid = _winapi.CreateProcess(executable, args,
                       ^^^^^^^^^^^^^^^^^^^^^^^^^^^^^^^^^^^^^^^
FileNotFoundError: [WinError 2] O sistema não pode encontrar o arquivo especificado
47182 INFO: Executing: strip C:\Users\henri\AppData\Local\pyinstaller\bincache10py31164bit\PIL\_imagingcms.cp311-win_amd64.pyd
47185 WARNING: Failed to run strip on 'C:\\Users\\henri\\AppData\\Local\\pyinstaller\\bincache10py31164bit\\PIL\\_imagingcms.cp311-win_amd64.pyd'!
Traceback (most recent call last):
  File "E:\Documentos\projetos\www\automatiza-od\.venv\Lib\site-packages\PyInstaller\building\utils.py", line 250, in process_collected_binary
    p = subprocess.run(
        ^^^^^^^^^^^^^^^
  File "C:\Program Files\WindowsApps\PythonSoftwareFoundation.Python.3.11_3.11.2544.0_x64__qbz5n2kfra8p0\Lib\subprocess.py", line 548, in run
    with Popen(*popenargs, **kwargs) as process:
         ^^^^^^^^^^^^^^^^^^^^^^^^^^^
  File "C:\Program Files\WindowsApps\PythonSoftwareFoundation.Python.3.11_3.11.2544.0_x64__qbz5n2kfra8p0\Lib\subprocess.py", line 1026, in __init__
    self._execute_child(args, executable, preexec_fn, close_fds,
  File "C:\Program Files\WindowsApps\PythonSoftwareFoundation.Python.3.11_3.11.2544.0_x64__qbz5n2kfra8p0\Lib\subprocess.py", line 1538, in _execute_child
    hp, ht, pid, tid = _winapi.CreateProcess(executable, args,
                       ^^^^^^^^^^^^^^^^^^^^^^^^^^^^^^^^^^^^^^^
FileNotFoundError: [WinError 2] O sistema não pode encontrar o arquivo especificado
47200 INFO: Executing: strip C:\Users\henri\AppData\Local\pyinstaller\bincache10py31164bit\PIL\_imagingmath.cp311-win_amd64.pyd
47204 WARNING: Failed to run strip on 'C:\\Users\\henri\\AppData\\Local\\pyinstaller\\bincache10py31164bit\\PIL\\_imagingmath.cp311-win_amd64.pyd'!
Traceback (most recent call last):
  File "E:\Documentos\projetos\www\automatiza-od\.venv\Lib\site-packages\PyInstaller\building\utils.py", line 250, in process_collected_binary
    p = subprocess.run(
        ^^^^^^^^^^^^^^^
  File "C:\Program Files\WindowsApps\PythonSoftwareFoundation.Python.3.11_3.11.2544.0_x64__qbz5n2kfra8p0\Lib\subprocess.py", line 548, in run
    with Popen(*popenargs, **kwargs) as process:
         ^^^^^^^^^^^^^^^^^^^^^^^^^^^
  File "C:\Program Files\WindowsApps\PythonSoftwareFoundation.Python.3.11_3.11.2544.0_x64__qbz5n2kfra8p0\Lib\subprocess.py", line 1026, in __init__
    self._execute_child(args, executable, preexec_fn, close_fds,
  File "C:\Program Files\WindowsApps\PythonSoftwareFoundation.Python.3.11_3.11.2544.0_x64__qbz5n2kfra8p0\Lib\subprocess.py", line 1538, in _execute_child
    hp, ht, pid, tid = _winapi.CreateProcess(executable, args,
                       ^^^^^^^^^^^^^^^^^^^^^^^^^^^^^^^^^^^^^^^
FileNotFoundError: [WinError 2] O sistema não pode encontrar o arquivo especificado
47219 INFO: Executing: strip C:\Users\henri\AppData\Local\pyinstaller\bincache10py31164bit\_elementtree.pyd
47223 WARNING: Failed to run strip on 'C:\\Users\\henri\\AppData\\Local\\pyinstaller\\bincache10py31164bit\\_elementtree.pyd'!
Traceback (most recent call last):
  File "E:\Documentos\projetos\www\automatiza-od\.venv\Lib\site-packages\PyInstaller\building\utils.py", line 250, in process_collected_binary
    p = subprocess.run(
        ^^^^^^^^^^^^^^^
  File "C:\Program Files\WindowsApps\PythonSoftwareFoundation.Python.3.11_3.11.2544.0_x64__qbz5n2kfra8p0\Lib\subprocess.py", line 548, in run
    with Popen(*popenargs, **kwargs) as process:
         ^^^^^^^^^^^^^^^^^^^^^^^^^^^
  File "C:\Program Files\WindowsApps\PythonSoftwareFoundation.Python.3.11_3.11.2544.0_x64__qbz5n2kfra8p0\Lib\subprocess.py", line 1026, in __init__
    self._execute_child(args, executable, preexec_fn, close_fds,
  File "C:\Program Files\WindowsApps\PythonSoftwareFoundation.Python.3.11_3.11.2544.0_x64__qbz5n2kfra8p0\Lib\subprocess.py", line 1538, in _execute_child
    hp, ht, pid, tid = _winapi.CreateProcess(executable, args,
                       ^^^^^^^^^^^^^^^^^^^^^^^^^^^^^^^^^^^^^^^
FileNotFoundError: [WinError 2] O sistema não pode encontrar o arquivo especificado
47241 INFO: Executing: strip C:\Users\henri\AppData\Local\pyinstaller\bincache10py31164bit\PIL\_imaging.cp311-win_amd64.pyd
47246 WARNING: Failed to run strip on 'C:\\Users\\henri\\AppData\\Local\\pyinstaller\\bincache10py31164bit\\PIL\\_imaging.cp311-win_amd64.pyd'!
Traceback (most recent call last):
  File "E:\Documentos\projetos\www\automatiza-od\.venv\Lib\site-packages\PyInstaller\building\utils.py", line 250, in process_collected_binary
    p = subprocess.run(
        ^^^^^^^^^^^^^^^
  File "C:\Program Files\WindowsApps\PythonSoftwareFoundation.Python.3.11_3.11.2544.0_x64__qbz5n2kfra8p0\Lib\subprocess.py", line 548, in run
    with Popen(*popenargs, **kwargs) as process:
         ^^^^^^^^^^^^^^^^^^^^^^^^^^^
  File "C:\Program Files\WindowsApps\PythonSoftwareFoundation.Python.3.11_3.11.2544.0_x64__qbz5n2kfra8p0\Lib\subprocess.py", line 1026, in __init__
    self._execute_child(args, executable, preexec_fn, close_fds,
  File "C:\Program Files\WindowsApps\PythonSoftwareFoundation.Python.3.11_3.11.2544.0_x64__qbz5n2kfra8p0\Lib\subprocess.py", line 1538, in _execute_child
    hp, ht, pid, tid = _winapi.CreateProcess(executable, args,
                       ^^^^^^^^^^^^^^^^^^^^^^^^^^^^^^^^^^^^^^^
FileNotFoundError: [WinError 2] O sistema não pode encontrar o arquivo especificado
47262 INFO: Executing: strip C:\Users\henri\AppData\Local\pyinstaller\bincache10py31164bit\_tkinter.pyd
47266 WARNING: Failed to run strip on 'C:\\Users\\henri\\AppData\\Local\\pyinstaller\\bincache10py31164bit\\_tkinter.pyd'!
Traceback (most recent call last):
  File "E:\Documentos\projetos\www\automatiza-od\.venv\Lib\site-packages\PyInstaller\building\utils.py", line 250, in process_collected_binary
    p = subprocess.run(
        ^^^^^^^^^^^^^^^
  File "C:\Program Files\WindowsApps\PythonSoftwareFoundation.Python.3.11_3.11.2544.0_x64__qbz5n2kfra8p0\Lib\subprocess.py", line 548, in run
    with Popen(*popenargs, **kwargs) as process:
         ^^^^^^^^^^^^^^^^^^^^^^^^^^^
  File "C:\Program Files\WindowsApps\PythonSoftwareFoundation.Python.3.11_3.11.2544.0_x64__qbz5n2kfra8p0\Lib\subprocess.py", line 1026, in __init__
    self._execute_child(args, executable, preexec_fn, close_fds,
  File "C:\Program Files\WindowsApps\PythonSoftwareFoundation.Python.3.11_3.11.2544.0_x64__qbz5n2kfra8p0\Lib\subprocess.py", line 1538, in _execute_child
    hp, ht, pid, tid = _winapi.CreateProcess(executable, args,
                       ^^^^^^^^^^^^^^^^^^^^^^^^^^^^^^^^^^^^^^^
FileNotFoundError: [WinError 2] O sistema não pode encontrar o arquivo especificado
47282 INFO: Executing: strip C:\Users\henri\AppData\Local\pyinstaller\bincache10py31164bit\_uuid.pyd
47286 WARNING: Failed to run strip on 'C:\\Users\\henri\\AppData\\Local\\pyinstaller\\bincache10py31164bit\\_uuid.pyd'!
Traceback (most recent call last):
  File "E:\Documentos\projetos\www\automatiza-od\.venv\Lib\site-packages\PyInstaller\building\utils.py", line 250, in process_collected_binary
    p = subprocess.run(
        ^^^^^^^^^^^^^^^
  File "C:\Program Files\WindowsApps\PythonSoftwareFoundation.Python.3.11_3.11.2544.0_x64__qbz5n2kfra8p0\Lib\subprocess.py", line 548, in run
    with Popen(*popenargs, **kwargs) as process:
         ^^^^^^^^^^^^^^^^^^^^^^^^^^^
  File "C:\Program Files\WindowsApps\PythonSoftwareFoundation.Python.3.11_3.11.2544.0_x64__qbz5n2kfra8p0\Lib\subprocess.py", line 1026, in __init__
    self._execute_child(args, executable, preexec_fn, close_fds,
  File "C:\Program Files\WindowsApps\PythonSoftwareFoundation.Python.3.11_3.11.2544.0_x64__qbz5n2kfra8p0\Lib\subprocess.py", line 1538, in _execute_child
    hp, ht, pid, tid = _winapi.CreateProcess(executable, args,
                       ^^^^^^^^^^^^^^^^^^^^^^^^^^^^^^^^^^^^^^^
FileNotFoundError: [WinError 2] O sistema não pode encontrar o arquivo especificado
47301 INFO: Executing: strip C:\Users\henri\AppData\Local\pyinstaller\bincache10py31164bit\pandas\_libs\ops.cp311-win_amd64.pyd
47305 WARNING: Failed to run strip on 'C:\\Users\\henri\\AppData\\Local\\pyinstaller\\bincache10py31164bit\\pandas\\_libs\\ops.cp311-win_amd64.pyd'!
Traceback (most recent call last):
  File "E:\Documentos\projetos\www\automatiza-od\.venv\Lib\site-packages\PyInstaller\building\utils.py", line 250, in process_collected_binary
    p = subprocess.run(
        ^^^^^^^^^^^^^^^
  File "C:\Program Files\WindowsApps\PythonSoftwareFoundation.Python.3.11_3.11.2544.0_x64__qbz5n2kfra8p0\Lib\subprocess.py", line 548, in run
    with Popen(*popenargs, **kwargs) as process:
         ^^^^^^^^^^^^^^^^^^^^^^^^^^^
  File "C:\Program Files\WindowsApps\PythonSoftwareFoundation.Python.3.11_3.11.2544.0_x64__qbz5n2kfra8p0\Lib\subprocess.py", line 1026, in __init__
    self._execute_child(args, executable, preexec_fn, close_fds,
  File "C:\Program Files\WindowsApps\PythonSoftwareFoundation.Python.3.11_3.11.2544.0_x64__qbz5n2kfra8p0\Lib\subprocess.py", line 1538, in _execute_child
    hp, ht, pid, tid = _winapi.CreateProcess(executable, args,
                       ^^^^^^^^^^^^^^^^^^^^^^^^^^^^^^^^^^^^^^^
FileNotFoundError: [WinError 2] O sistema não pode encontrar o arquivo especificado
47320 INFO: Executing: strip C:\Users\henri\AppData\Local\pyinstaller\bincache10py31164bit\pandas\_libs\tslibs\nattype.cp311-win_amd64.pyd
47324 WARNING: Failed to run strip on 'C:\\Users\\henri\\AppData\\Local\\pyinstaller\\bincache10py31164bit\\pandas\\_libs\\tslibs\\nattype.cp311-win_amd64.pyd'!
Traceback (most recent call last):
  File "E:\Documentos\projetos\www\automatiza-od\.venv\Lib\site-packages\PyInstaller\building\utils.py", line 250, in process_collected_binary
    p = subprocess.run(
        ^^^^^^^^^^^^^^^
  File "C:\Program Files\WindowsApps\PythonSoftwareFoundation.Python.3.11_3.11.2544.0_x64__qbz5n2kfra8p0\Lib\subprocess.py", line 548, in run
    with Popen(*popenargs, **kwargs) as process:
         ^^^^^^^^^^^^^^^^^^^^^^^^^^^
  File "C:\Program Files\WindowsApps\PythonSoftwareFoundation.Python.3.11_3.11.2544.0_x64__qbz5n2kfra8p0\Lib\subprocess.py", line 1026, in __init__
    self._execute_child(args, executable, preexec_fn, close_fds,
  File "C:\Program Files\WindowsApps\PythonSoftwareFoundation.Python.3.11_3.11.2544.0_x64__qbz5n2kfra8p0\Lib\subprocess.py", line 1538, in _execute_child
    hp, ht, pid, tid = _winapi.CreateProcess(executable, args,
                       ^^^^^^^^^^^^^^^^^^^^^^^^^^^^^^^^^^^^^^^
FileNotFoundError: [WinError 2] O sistema não pode encontrar o arquivo especificado
47338 INFO: Executing: strip C:\Users\henri\AppData\Local\pyinstaller\bincache10py31164bit\pandas\_libs\tslibs\strptime.cp311-win_amd64.pyd
47341 WARNING: Failed to run strip on 'C:\\Users\\henri\\AppData\\Local\\pyinstaller\\bincache10py31164bit\\pandas\\_libs\\tslibs\\strptime.cp311-win_amd64.pyd'!
Traceback (most recent call last):
  File "E:\Documentos\projetos\www\automatiza-od\.venv\Lib\site-packages\PyInstaller\building\utils.py", line 250, in process_collected_binary
    p = subprocess.run(
        ^^^^^^^^^^^^^^^
  File "C:\Program Files\WindowsApps\PythonSoftwareFoundation.Python.3.11_3.11.2544.0_x64__qbz5n2kfra8p0\Lib\subprocess.py", line 548, in run
    with Popen(*popenargs, **kwargs) as process:
         ^^^^^^^^^^^^^^^^^^^^^^^^^^^
  File "C:\Program Files\WindowsApps\PythonSoftwareFoundation.Python.3.11_3.11.2544.0_x64__qbz5n2kfra8p0\Lib\subprocess.py", line 1026, in __init__
    self._execute_child(args, executable, preexec_fn, close_fds,
  File "C:\Program Files\WindowsApps\PythonSoftwareFoundation.Python.3.11_3.11.2544.0_x64__qbz5n2kfra8p0\Lib\subprocess.py", line 1538, in _execute_child
    hp, ht, pid, tid = _winapi.CreateProcess(executable, args,
                       ^^^^^^^^^^^^^^^^^^^^^^^^^^^^^^^^^^^^^^^
FileNotFoundError: [WinError 2] O sistema não pode encontrar o arquivo especificado
47356 INFO: Executing: strip C:\Users\henri\AppData\Local\pyinstaller\bincache10py31164bit\pandas\_libs\tslibs\conversion.cp311-win_amd64.pyd
47359 WARNING: Failed to run strip on 'C:\\Users\\henri\\AppData\\Local\\pyinstaller\\bincache10py31164bit\\pandas\\_libs\\tslibs\\conversion.cp311-win_amd64.pyd'!
Traceback (most recent call last):
  File "E:\Documentos\projetos\www\automatiza-od\.venv\Lib\site-packages\PyInstaller\building\utils.py", line 250, in process_collected_binary
    p = subprocess.run(
        ^^^^^^^^^^^^^^^
  File "C:\Program Files\WindowsApps\PythonSoftwareFoundation.Python.3.11_3.11.2544.0_x64__qbz5n2kfra8p0\Lib\subprocess.py", line 548, in run
    with Popen(*popenargs, **kwargs) as process:
         ^^^^^^^^^^^^^^^^^^^^^^^^^^^
  File "C:\Program Files\WindowsApps\PythonSoftwareFoundation.Python.3.11_3.11.2544.0_x64__qbz5n2kfra8p0\Lib\subprocess.py", line 1026, in __init__
    self._execute_child(args, executable, preexec_fn, close_fds,
  File "C:\Program Files\WindowsApps\PythonSoftwareFoundation.Python.3.11_3.11.2544.0_x64__qbz5n2kfra8p0\Lib\subprocess.py", line 1538, in _execute_child
    hp, ht, pid, tid = _winapi.CreateProcess(executable, args,
                       ^^^^^^^^^^^^^^^^^^^^^^^^^^^^^^^^^^^^^^^
FileNotFoundError: [WinError 2] O sistema não pode encontrar o arquivo especificado
47374 INFO: Executing: strip C:\Users\henri\AppData\Local\pyinstaller\bincache10py31164bit\pandas\_libs\tslib.cp311-win_amd64.pyd
47377 WARNING: Failed to run strip on 'C:\\Users\\henri\\AppData\\Local\\pyinstaller\\bincache10py31164bit\\pandas\\_libs\\tslib.cp311-win_amd64.pyd'!
Traceback (most recent call last):
  File "E:\Documentos\projetos\www\automatiza-od\.venv\Lib\site-packages\PyInstaller\building\utils.py", line 250, in process_collected_binary
    p = subprocess.run(
        ^^^^^^^^^^^^^^^
  File "C:\Program Files\WindowsApps\PythonSoftwareFoundation.Python.3.11_3.11.2544.0_x64__qbz5n2kfra8p0\Lib\subprocess.py", line 548, in run
    with Popen(*popenargs, **kwargs) as process:
         ^^^^^^^^^^^^^^^^^^^^^^^^^^^
  File "C:\Program Files\WindowsApps\PythonSoftwareFoundation.Python.3.11_3.11.2544.0_x64__qbz5n2kfra8p0\Lib\subprocess.py", line 1026, in __init__
    self._execute_child(args, executable, preexec_fn, close_fds,
  File "C:\Program Files\WindowsApps\PythonSoftwareFoundation.Python.3.11_3.11.2544.0_x64__qbz5n2kfra8p0\Lib\subprocess.py", line 1538, in _execute_child
    hp, ht, pid, tid = _winapi.CreateProcess(executable, args,
                       ^^^^^^^^^^^^^^^^^^^^^^^^^^^^^^^^^^^^^^^
FileNotFoundError: [WinError 2] O sistema não pode encontrar o arquivo especificado
47391 INFO: Executing: strip C:\Users\henri\AppData\Local\pyinstaller\bincache10py31164bit\pandas\_libs\tslibs\timezones.cp311-win_amd64.pyd
47395 WARNING: Failed to run strip on 'C:\\Users\\henri\\AppData\\Local\\pyinstaller\\bincache10py31164bit\\pandas\\_libs\\tslibs\\timezones.cp311-win_amd64.pyd'!
Traceback (most recent call last):
  File "E:\Documentos\projetos\www\automatiza-od\.venv\Lib\site-packages\PyInstaller\building\utils.py", line 250, in process_collected_binary
    p = subprocess.run(
        ^^^^^^^^^^^^^^^
  File "C:\Program Files\WindowsApps\PythonSoftwareFoundation.Python.3.11_3.11.2544.0_x64__qbz5n2kfra8p0\Lib\subprocess.py", line 548, in run
    with Popen(*popenargs, **kwargs) as process:
         ^^^^^^^^^^^^^^^^^^^^^^^^^^^
  File "C:\Program Files\WindowsApps\PythonSoftwareFoundation.Python.3.11_3.11.2544.0_x64__qbz5n2kfra8p0\Lib\subprocess.py", line 1026, in __init__
    self._execute_child(args, executable, preexec_fn, close_fds,
  File "C:\Program Files\WindowsApps\PythonSoftwareFoundation.Python.3.11_3.11.2544.0_x64__qbz5n2kfra8p0\Lib\subprocess.py", line 1538, in _execute_child
    hp, ht, pid, tid = _winapi.CreateProcess(executable, args,
                       ^^^^^^^^^^^^^^^^^^^^^^^^^^^^^^^^^^^^^^^
FileNotFoundError: [WinError 2] O sistema não pode encontrar o arquivo especificado
47410 INFO: Executing: strip C:\Users\henri\AppData\Local\pyinstaller\bincache10py31164bit\pandas\_libs\writers.cp311-win_amd64.pyd
47414 WARNING: Failed to run strip on 'C:\\Users\\henri\\AppData\\Local\\pyinstaller\\bincache10py31164bit\\pandas\\_libs\\writers.cp311-win_amd64.pyd'!
Traceback (most recent call last):
  File "E:\Documentos\projetos\www\automatiza-od\.venv\Lib\site-packages\PyInstaller\building\utils.py", line 250, in process_collected_binary
    p = subprocess.run(
        ^^^^^^^^^^^^^^^
  File "C:\Program Files\WindowsApps\PythonSoftwareFoundation.Python.3.11_3.11.2544.0_x64__qbz5n2kfra8p0\Lib\subprocess.py", line 548, in run
    with Popen(*popenargs, **kwargs) as process:
         ^^^^^^^^^^^^^^^^^^^^^^^^^^^
  File "C:\Program Files\WindowsApps\PythonSoftwareFoundation.Python.3.11_3.11.2544.0_x64__qbz5n2kfra8p0\Lib\subprocess.py", line 1026, in __init__
    self._execute_child(args, executable, preexec_fn, close_fds,
  File "C:\Program Files\WindowsApps\PythonSoftwareFoundation.Python.3.11_3.11.2544.0_x64__qbz5n2kfra8p0\Lib\subprocess.py", line 1538, in _execute_child
    hp, ht, pid, tid = _winapi.CreateProcess(executable, args,
                       ^^^^^^^^^^^^^^^^^^^^^^^^^^^^^^^^^^^^^^^
FileNotFoundError: [WinError 2] O sistema não pode encontrar o arquivo especificado
47430 INFO: Executing: strip C:\Users\henri\AppData\Local\pyinstaller\bincache10py31164bit\pandas\_libs\index.cp311-win_amd64.pyd
47435 WARNING: Failed to run strip on 'C:\\Users\\henri\\AppData\\Local\\pyinstaller\\bincache10py31164bit\\pandas\\_libs\\index.cp311-win_amd64.pyd'!
Traceback (most recent call last):
  File "E:\Documentos\projetos\www\automatiza-od\.venv\Lib\site-packages\PyInstaller\building\utils.py", line 250, in process_collected_binary
    p = subprocess.run(
        ^^^^^^^^^^^^^^^
  File "C:\Program Files\WindowsApps\PythonSoftwareFoundation.Python.3.11_3.11.2544.0_x64__qbz5n2kfra8p0\Lib\subprocess.py", line 548, in run
    with Popen(*popenargs, **kwargs) as process:
         ^^^^^^^^^^^^^^^^^^^^^^^^^^^
  File "C:\Program Files\WindowsApps\PythonSoftwareFoundation.Python.3.11_3.11.2544.0_x64__qbz5n2kfra8p0\Lib\subprocess.py", line 1026, in __init__
    self._execute_child(args, executable, preexec_fn, close_fds,
  File "C:\Program Files\WindowsApps\PythonSoftwareFoundation.Python.3.11_3.11.2544.0_x64__qbz5n2kfra8p0\Lib\subprocess.py", line 1538, in _execute_child
    hp, ht, pid, tid = _winapi.CreateProcess(executable, args,
                       ^^^^^^^^^^^^^^^^^^^^^^^^^^^^^^^^^^^^^^^
FileNotFoundError: [WinError 2] O sistema não pode encontrar o arquivo especificado
47451 INFO: Executing: strip C:\Users\henri\AppData\Local\pyinstaller\bincache10py31164bit\pandas\_libs\interval.cp311-win_amd64.pyd
47455 WARNING: Failed to run strip on 'C:\\Users\\henri\\AppData\\Local\\pyinstaller\\bincache10py31164bit\\pandas\\_libs\\interval.cp311-win_amd64.pyd'!
Traceback (most recent call last):
  File "E:\Documentos\projetos\www\automatiza-od\.venv\Lib\site-packages\PyInstaller\building\utils.py", line 250, in process_collected_binary
    p = subprocess.run(
        ^^^^^^^^^^^^^^^
  File "C:\Program Files\WindowsApps\PythonSoftwareFoundation.Python.3.11_3.11.2544.0_x64__qbz5n2kfra8p0\Lib\subprocess.py", line 548, in run
    with Popen(*popenargs, **kwargs) as process:
         ^^^^^^^^^^^^^^^^^^^^^^^^^^^
  File "C:\Program Files\WindowsApps\PythonSoftwareFoundation.Python.3.11_3.11.2544.0_x64__qbz5n2kfra8p0\Lib\subprocess.py", line 1026, in __init__
    self._execute_child(args, executable, preexec_fn, close_fds,
  File "C:\Program Files\WindowsApps\PythonSoftwareFoundation.Python.3.11_3.11.2544.0_x64__qbz5n2kfra8p0\Lib\subprocess.py", line 1538, in _execute_child
    hp, ht, pid, tid = _winapi.CreateProcess(executable, args,
                       ^^^^^^^^^^^^^^^^^^^^^^^^^^^^^^^^^^^^^^^
FileNotFoundError: [WinError 2] O sistema não pode encontrar o arquivo especificado
47470 INFO: Executing: strip C:\Users\henri\AppData\Local\pyinstaller\bincache10py31164bit\pandas\_libs\tslibs\offsets.cp311-win_amd64.pyd
47474 WARNING: Failed to run strip on 'C:\\Users\\henri\\AppData\\Local\\pyinstaller\\bincache10py31164bit\\pandas\\_libs\\tslibs\\offsets.cp311-win_amd64.pyd'!
Traceback (most recent call last):
  File "E:\Documentos\projetos\www\automatiza-od\.venv\Lib\site-packages\PyInstaller\building\utils.py", line 250, in process_collected_binary
    p = subprocess.run(
        ^^^^^^^^^^^^^^^
  File "C:\Program Files\WindowsApps\PythonSoftwareFoundation.Python.3.11_3.11.2544.0_x64__qbz5n2kfra8p0\Lib\subprocess.py", line 548, in run
    with Popen(*popenargs, **kwargs) as process:
         ^^^^^^^^^^^^^^^^^^^^^^^^^^^
  File "C:\Program Files\WindowsApps\PythonSoftwareFoundation.Python.3.11_3.11.2544.0_x64__qbz5n2kfra8p0\Lib\subprocess.py", line 1026, in __init__
    self._execute_child(args, executable, preexec_fn, close_fds,
  File "C:\Program Files\WindowsApps\PythonSoftwareFoundation.Python.3.11_3.11.2544.0_x64__qbz5n2kfra8p0\Lib\subprocess.py", line 1538, in _execute_child
    hp, ht, pid, tid = _winapi.CreateProcess(executable, args,
                       ^^^^^^^^^^^^^^^^^^^^^^^^^^^^^^^^^^^^^^^
FileNotFoundError: [WinError 2] O sistema não pode encontrar o arquivo especificado
47488 INFO: Executing: strip C:\Users\henri\AppData\Local\pyinstaller\bincache10py31164bit\pandas\_libs\tslibs\dtypes.cp311-win_amd64.pyd
47492 WARNING: Failed to run strip on 'C:\\Users\\henri\\AppData\\Local\\pyinstaller\\bincache10py31164bit\\pandas\\_libs\\tslibs\\dtypes.cp311-win_amd64.pyd'!
Traceback (most recent call last):
  File "E:\Documentos\projetos\www\automatiza-od\.venv\Lib\site-packages\PyInstaller\building\utils.py", line 250, in process_collected_binary
    p = subprocess.run(
        ^^^^^^^^^^^^^^^
  File "C:\Program Files\WindowsApps\PythonSoftwareFoundation.Python.3.11_3.11.2544.0_x64__qbz5n2kfra8p0\Lib\subprocess.py", line 548, in run
    with Popen(*popenargs, **kwargs) as process:
         ^^^^^^^^^^^^^^^^^^^^^^^^^^^
  File "C:\Program Files\WindowsApps\PythonSoftwareFoundation.Python.3.11_3.11.2544.0_x64__qbz5n2kfra8p0\Lib\subprocess.py", line 1026, in __init__
    self._execute_child(args, executable, preexec_fn, close_fds,
  File "C:\Program Files\WindowsApps\PythonSoftwareFoundation.Python.3.11_3.11.2544.0_x64__qbz5n2kfra8p0\Lib\subprocess.py", line 1538, in _execute_child
    hp, ht, pid, tid = _winapi.CreateProcess(executable, args,
                       ^^^^^^^^^^^^^^^^^^^^^^^^^^^^^^^^^^^^^^^
FileNotFoundError: [WinError 2] O sistema não pode encontrar o arquivo especificado
47507 INFO: Executing: strip C:\Users\henri\AppData\Local\pyinstaller\bincache10py31164bit\pandas\_libs\tslibs\period.cp311-win_amd64.pyd
47511 WARNING: Failed to run strip on 'C:\\Users\\henri\\AppData\\Local\\pyinstaller\\bincache10py31164bit\\pandas\\_libs\\tslibs\\period.cp311-win_amd64.pyd'!
Traceback (most recent call last):
  File "E:\Documentos\projetos\www\automatiza-od\.venv\Lib\site-packages\PyInstaller\building\utils.py", line 250, in process_collected_binary
    p = subprocess.run(
        ^^^^^^^^^^^^^^^
  File "C:\Program Files\WindowsApps\PythonSoftwareFoundation.Python.3.11_3.11.2544.0_x64__qbz5n2kfra8p0\Lib\subprocess.py", line 548, in run
    with Popen(*popenargs, **kwargs) as process:
         ^^^^^^^^^^^^^^^^^^^^^^^^^^^
  File "C:\Program Files\WindowsApps\PythonSoftwareFoundation.Python.3.11_3.11.2544.0_x64__qbz5n2kfra8p0\Lib\subprocess.py", line 1026, in __init__
    self._execute_child(args, executable, preexec_fn, close_fds,
  File "C:\Program Files\WindowsApps\PythonSoftwareFoundation.Python.3.11_3.11.2544.0_x64__qbz5n2kfra8p0\Lib\subprocess.py", line 1538, in _execute_child
    hp, ht, pid, tid = _winapi.CreateProcess(executable, args,
                       ^^^^^^^^^^^^^^^^^^^^^^^^^^^^^^^^^^^^^^^
FileNotFoundError: [WinError 2] O sistema não pode encontrar o arquivo especificado
47526 INFO: Executing: strip C:\Users\henri\AppData\Local\pyinstaller\bincache10py31164bit\pandas\_libs\tslibs\parsing.cp311-win_amd64.pyd
47530 WARNING: Failed to run strip on 'C:\\Users\\henri\\AppData\\Local\\pyinstaller\\bincache10py31164bit\\pandas\\_libs\\tslibs\\parsing.cp311-win_amd64.pyd'!
Traceback (most recent call last):
  File "E:\Documentos\projetos\www\automatiza-od\.venv\Lib\site-packages\PyInstaller\building\utils.py", line 250, in process_collected_binary
    p = subprocess.run(
        ^^^^^^^^^^^^^^^
  File "C:\Program Files\WindowsApps\PythonSoftwareFoundation.Python.3.11_3.11.2544.0_x64__qbz5n2kfra8p0\Lib\subprocess.py", line 548, in run
    with Popen(*popenargs, **kwargs) as process:
         ^^^^^^^^^^^^^^^^^^^^^^^^^^^
  File "C:\Program Files\WindowsApps\PythonSoftwareFoundation.Python.3.11_3.11.2544.0_x64__qbz5n2kfra8p0\Lib\subprocess.py", line 1026, in __init__
    self._execute_child(args, executable, preexec_fn, close_fds,
  File "C:\Program Files\WindowsApps\PythonSoftwareFoundation.Python.3.11_3.11.2544.0_x64__qbz5n2kfra8p0\Lib\subprocess.py", line 1538, in _execute_child
    hp, ht, pid, tid = _winapi.CreateProcess(executable, args,
                       ^^^^^^^^^^^^^^^^^^^^^^^^^^^^^^^^^^^^^^^
FileNotFoundError: [WinError 2] O sistema não pode encontrar o arquivo especificado
47544 INFO: Executing: strip C:\Users\henri\AppData\Local\pyinstaller\bincache10py31164bit\pandas\_libs\tslibs\tzconversion.cp311-win_amd64.pyd
47549 WARNING: Failed to run strip on 'C:\\Users\\henri\\AppData\\Local\\pyinstaller\\bincache10py31164bit\\pandas\\_libs\\tslibs\\tzconversion.cp311-win_amd64.pyd'!
Traceback (most recent call last):
  File "E:\Documentos\projetos\www\automatiza-od\.venv\Lib\site-packages\PyInstaller\building\utils.py", line 250, in process_collected_binary
    p = subprocess.run(
        ^^^^^^^^^^^^^^^
  File "C:\Program Files\WindowsApps\PythonSoftwareFoundation.Python.3.11_3.11.2544.0_x64__qbz5n2kfra8p0\Lib\subprocess.py", line 548, in run
    with Popen(*popenargs, **kwargs) as process:
         ^^^^^^^^^^^^^^^^^^^^^^^^^^^
  File "C:\Program Files\WindowsApps\PythonSoftwareFoundation.Python.3.11_3.11.2544.0_x64__qbz5n2kfra8p0\Lib\subprocess.py", line 1026, in __init__
    self._execute_child(args, executable, preexec_fn, close_fds,
  File "C:\Program Files\WindowsApps\PythonSoftwareFoundation.Python.3.11_3.11.2544.0_x64__qbz5n2kfra8p0\Lib\subprocess.py", line 1538, in _execute_child
    hp, ht, pid, tid = _winapi.CreateProcess(executable, args,
                       ^^^^^^^^^^^^^^^^^^^^^^^^^^^^^^^^^^^^^^^
FileNotFoundError: [WinError 2] O sistema não pode encontrar o arquivo especificado
47564 INFO: Executing: strip C:\Users\henri\AppData\Local\pyinstaller\bincache10py31164bit\pandas\_libs\tslibs\ccalendar.cp311-win_amd64.pyd
47568 WARNING: Failed to run strip on 'C:\\Users\\henri\\AppData\\Local\\pyinstaller\\bincache10py31164bit\\pandas\\_libs\\tslibs\\ccalendar.cp311-win_amd64.pyd'!
Traceback (most recent call last):
  File "E:\Documentos\projetos\www\automatiza-od\.venv\Lib\site-packages\PyInstaller\building\utils.py", line 250, in process_collected_binary
    p = subprocess.run(
        ^^^^^^^^^^^^^^^
  File "C:\Program Files\WindowsApps\PythonSoftwareFoundation.Python.3.11_3.11.2544.0_x64__qbz5n2kfra8p0\Lib\subprocess.py", line 548, in run
    with Popen(*popenargs, **kwargs) as process:
         ^^^^^^^^^^^^^^^^^^^^^^^^^^^
  File "C:\Program Files\WindowsApps\PythonSoftwareFoundation.Python.3.11_3.11.2544.0_x64__qbz5n2kfra8p0\Lib\subprocess.py", line 1026, in __init__
    self._execute_child(args, executable, preexec_fn, close_fds,
  File "C:\Program Files\WindowsApps\PythonSoftwareFoundation.Python.3.11_3.11.2544.0_x64__qbz5n2kfra8p0\Lib\subprocess.py", line 1538, in _execute_child
    hp, ht, pid, tid = _winapi.CreateProcess(executable, args,
                       ^^^^^^^^^^^^^^^^^^^^^^^^^^^^^^^^^^^^^^^
FileNotFoundError: [WinError 2] O sistema não pode encontrar o arquivo especificado
47583 INFO: Executing: strip C:\Users\henri\AppData\Local\pyinstaller\bincache10py31164bit\pandas\_libs\hashing.cp311-win_amd64.pyd
47586 WARNING: Failed to run strip on 'C:\\Users\\henri\\AppData\\Local\\pyinstaller\\bincache10py31164bit\\pandas\\_libs\\hashing.cp311-win_amd64.pyd'!
Traceback (most recent call last):
  File "E:\Documentos\projetos\www\automatiza-od\.venv\Lib\site-packages\PyInstaller\building\utils.py", line 250, in process_collected_binary
    p = subprocess.run(
        ^^^^^^^^^^^^^^^
  File "C:\Program Files\WindowsApps\PythonSoftwareFoundation.Python.3.11_3.11.2544.0_x64__qbz5n2kfra8p0\Lib\subprocess.py", line 548, in run
    with Popen(*popenargs, **kwargs) as process:
         ^^^^^^^^^^^^^^^^^^^^^^^^^^^
  File "C:\Program Files\WindowsApps\PythonSoftwareFoundation.Python.3.11_3.11.2544.0_x64__qbz5n2kfra8p0\Lib\subprocess.py", line 1026, in __init__
    self._execute_child(args, executable, preexec_fn, close_fds,
  File "C:\Program Files\WindowsApps\PythonSoftwareFoundation.Python.3.11_3.11.2544.0_x64__qbz5n2kfra8p0\Lib\subprocess.py", line 1538, in _execute_child
    hp, ht, pid, tid = _winapi.CreateProcess(executable, args,
                       ^^^^^^^^^^^^^^^^^^^^^^^^^^^^^^^^^^^^^^^
FileNotFoundError: [WinError 2] O sistema não pode encontrar o arquivo especificado
47601 INFO: Executing: strip C:\Users\henri\AppData\Local\pyinstaller\bincache10py31164bit\pandas\_libs\tslibs\timestamps.cp311-win_amd64.pyd
47605 WARNING: Failed to run strip on 'C:\\Users\\henri\\AppData\\Local\\pyinstaller\\bincache10py31164bit\\pandas\\_libs\\tslibs\\timestamps.cp311-win_amd64.pyd'!
Traceback (most recent call last):
  File "E:\Documentos\projetos\www\automatiza-od\.venv\Lib\site-packages\PyInstaller\building\utils.py", line 250, in process_collected_binary
    p = subprocess.run(
        ^^^^^^^^^^^^^^^
  File "C:\Program Files\WindowsApps\PythonSoftwareFoundation.Python.3.11_3.11.2544.0_x64__qbz5n2kfra8p0\Lib\subprocess.py", line 548, in run
    with Popen(*popenargs, **kwargs) as process:
         ^^^^^^^^^^^^^^^^^^^^^^^^^^^
  File "C:\Program Files\WindowsApps\PythonSoftwareFoundation.Python.3.11_3.11.2544.0_x64__qbz5n2kfra8p0\Lib\subprocess.py", line 1026, in __init__
    self._execute_child(args, executable, preexec_fn, close_fds,
  File "C:\Program Files\WindowsApps\PythonSoftwareFoundation.Python.3.11_3.11.2544.0_x64__qbz5n2kfra8p0\Lib\subprocess.py", line 1538, in _execute_child
    hp, ht, pid, tid = _winapi.CreateProcess(executable, args,
                       ^^^^^^^^^^^^^^^^^^^^^^^^^^^^^^^^^^^^^^^
FileNotFoundError: [WinError 2] O sistema não pode encontrar o arquivo especificado
47620 INFO: Executing: strip C:\Users\henri\AppData\Local\pyinstaller\bincache10py31164bit\pandas\_libs\tslibs\timedeltas.cp311-win_amd64.pyd
47623 WARNING: Failed to run strip on 'C:\\Users\\henri\\AppData\\Local\\pyinstaller\\bincache10py31164bit\\pandas\\_libs\\tslibs\\timedeltas.cp311-win_amd64.pyd'!
Traceback (most recent call last):
  File "E:\Documentos\projetos\www\automatiza-od\.venv\Lib\site-packages\PyInstaller\building\utils.py", line 250, in process_collected_binary
    p = subprocess.run(
        ^^^^^^^^^^^^^^^
  File "C:\Program Files\WindowsApps\PythonSoftwareFoundation.Python.3.11_3.11.2544.0_x64__qbz5n2kfra8p0\Lib\subprocess.py", line 548, in run
    with Popen(*popenargs, **kwargs) as process:
         ^^^^^^^^^^^^^^^^^^^^^^^^^^^
  File "C:\Program Files\WindowsApps\PythonSoftwareFoundation.Python.3.11_3.11.2544.0_x64__qbz5n2kfra8p0\Lib\subprocess.py", line 1026, in __init__
    self._execute_child(args, executable, preexec_fn, close_fds,
  File "C:\Program Files\WindowsApps\PythonSoftwareFoundation.Python.3.11_3.11.2544.0_x64__qbz5n2kfra8p0\Lib\subprocess.py", line 1538, in _execute_child
    hp, ht, pid, tid = _winapi.CreateProcess(executable, args,
                       ^^^^^^^^^^^^^^^^^^^^^^^^^^^^^^^^^^^^^^^
FileNotFoundError: [WinError 2] O sistema não pode encontrar o arquivo especificado
47638 INFO: Executing: strip C:\Users\henri\AppData\Local\pyinstaller\bincache10py31164bit\pandas\_libs\tslibs\np_datetime.cp311-win_amd64.pyd
47641 WARNING: Failed to run strip on 'C:\\Users\\henri\\AppData\\Local\\pyinstaller\\bincache10py31164bit\\pandas\\_libs\\tslibs\\np_datetime.cp311-win_amd64.pyd'!
Traceback (most recent call last):
  File "E:\Documentos\projetos\www\automatiza-od\.venv\Lib\site-packages\PyInstaller\building\utils.py", line 250, in process_collected_binary
    p = subprocess.run(
        ^^^^^^^^^^^^^^^
  File "C:\Program Files\WindowsApps\PythonSoftwareFoundation.Python.3.11_3.11.2544.0_x64__qbz5n2kfra8p0\Lib\subprocess.py", line 548, in run
    with Popen(*popenargs, **kwargs) as process:
         ^^^^^^^^^^^^^^^^^^^^^^^^^^^
  File "C:\Program Files\WindowsApps\PythonSoftwareFoundation.Python.3.11_3.11.2544.0_x64__qbz5n2kfra8p0\Lib\subprocess.py", line 1026, in __init__
    self._execute_child(args, executable, preexec_fn, close_fds,
  File "C:\Program Files\WindowsApps\PythonSoftwareFoundation.Python.3.11_3.11.2544.0_x64__qbz5n2kfra8p0\Lib\subprocess.py", line 1538, in _execute_child
    hp, ht, pid, tid = _winapi.CreateProcess(executable, args,
                       ^^^^^^^^^^^^^^^^^^^^^^^^^^^^^^^^^^^^^^^
FileNotFoundError: [WinError 2] O sistema não pode encontrar o arquivo especificado
47656 INFO: Executing: strip C:\Users\henri\AppData\Local\pyinstaller\bincache10py31164bit\pandas\_libs\tslibs\fields.cp311-win_amd64.pyd
47660 WARNING: Failed to run strip on 'C:\\Users\\henri\\AppData\\Local\\pyinstaller\\bincache10py31164bit\\pandas\\_libs\\tslibs\\fields.cp311-win_amd64.pyd'!
Traceback (most recent call last):
  File "E:\Documentos\projetos\www\automatiza-od\.venv\Lib\site-packages\PyInstaller\building\utils.py", line 250, in process_collected_binary
    p = subprocess.run(
        ^^^^^^^^^^^^^^^
  File "C:\Program Files\WindowsApps\PythonSoftwareFoundation.Python.3.11_3.11.2544.0_x64__qbz5n2kfra8p0\Lib\subprocess.py", line 548, in run
    with Popen(*popenargs, **kwargs) as process:
         ^^^^^^^^^^^^^^^^^^^^^^^^^^^
  File "C:\Program Files\WindowsApps\PythonSoftwareFoundation.Python.3.11_3.11.2544.0_x64__qbz5n2kfra8p0\Lib\subprocess.py", line 1026, in __init__
    self._execute_child(args, executable, preexec_fn, close_fds,
  File "C:\Program Files\WindowsApps\PythonSoftwareFoundation.Python.3.11_3.11.2544.0_x64__qbz5n2kfra8p0\Lib\subprocess.py", line 1538, in _execute_child
    hp, ht, pid, tid = _winapi.CreateProcess(executable, args,
                       ^^^^^^^^^^^^^^^^^^^^^^^^^^^^^^^^^^^^^^^
FileNotFoundError: [WinError 2] O sistema não pode encontrar o arquivo especificado
47675 INFO: Executing: strip C:\Users\henri\AppData\Local\pyinstaller\bincache10py31164bit\pandas\_libs\arrays.cp311-win_amd64.pyd
47678 WARNING: Failed to run strip on 'C:\\Users\\henri\\AppData\\Local\\pyinstaller\\bincache10py31164bit\\pandas\\_libs\\arrays.cp311-win_amd64.pyd'!
Traceback (most recent call last):
  File "E:\Documentos\projetos\www\automatiza-od\.venv\Lib\site-packages\PyInstaller\building\utils.py", line 250, in process_collected_binary
    p = subprocess.run(
        ^^^^^^^^^^^^^^^
  File "C:\Program Files\WindowsApps\PythonSoftwareFoundation.Python.3.11_3.11.2544.0_x64__qbz5n2kfra8p0\Lib\subprocess.py", line 548, in run
    with Popen(*popenargs, **kwargs) as process:
         ^^^^^^^^^^^^^^^^^^^^^^^^^^^
  File "C:\Program Files\WindowsApps\PythonSoftwareFoundation.Python.3.11_3.11.2544.0_x64__qbz5n2kfra8p0\Lib\subprocess.py", line 1026, in __init__
    self._execute_child(args, executable, preexec_fn, close_fds,
  File "C:\Program Files\WindowsApps\PythonSoftwareFoundation.Python.3.11_3.11.2544.0_x64__qbz5n2kfra8p0\Lib\subprocess.py", line 1538, in _execute_child
    hp, ht, pid, tid = _winapi.CreateProcess(executable, args,
                       ^^^^^^^^^^^^^^^^^^^^^^^^^^^^^^^^^^^^^^^
FileNotFoundError: [WinError 2] O sistema não pode encontrar o arquivo especificado
47693 INFO: Executing: strip C:\Users\henri\AppData\Local\pyinstaller\bincache10py31164bit\pandas\_libs\window\indexers.cp311-win_amd64.pyd
47698 WARNING: Failed to run strip on 'C:\\Users\\henri\\AppData\\Local\\pyinstaller\\bincache10py31164bit\\pandas\\_libs\\window\\indexers.cp311-win_amd64.pyd'!
Traceback (most recent call last):
  File "E:\Documentos\projetos\www\automatiza-od\.venv\Lib\site-packages\PyInstaller\building\utils.py", line 250, in process_collected_binary
    p = subprocess.run(
        ^^^^^^^^^^^^^^^
  File "C:\Program Files\WindowsApps\PythonSoftwareFoundation.Python.3.11_3.11.2544.0_x64__qbz5n2kfra8p0\Lib\subprocess.py", line 548, in run
    with Popen(*popenargs, **kwargs) as process:
         ^^^^^^^^^^^^^^^^^^^^^^^^^^^
  File "C:\Program Files\WindowsApps\PythonSoftwareFoundation.Python.3.11_3.11.2544.0_x64__qbz5n2kfra8p0\Lib\subprocess.py", line 1026, in __init__
    self._execute_child(args, executable, preexec_fn, close_fds,
  File "C:\Program Files\WindowsApps\PythonSoftwareFoundation.Python.3.11_3.11.2544.0_x64__qbz5n2kfra8p0\Lib\subprocess.py", line 1538, in _execute_child
    hp, ht, pid, tid = _winapi.CreateProcess(executable, args,
                       ^^^^^^^^^^^^^^^^^^^^^^^^^^^^^^^^^^^^^^^
FileNotFoundError: [WinError 2] O sistema não pode encontrar o arquivo especificado
47713 INFO: Executing: strip C:\Users\henri\AppData\Local\pyinstaller\bincache10py31164bit\pandas\_libs\window\aggregations.cp311-win_amd64.pyd
47717 WARNING: Failed to run strip on 'C:\\Users\\henri\\AppData\\Local\\pyinstaller\\bincache10py31164bit\\pandas\\_libs\\window\\aggregations.cp311-win_amd64.pyd'!
Traceback (most recent call last):
  File "E:\Documentos\projetos\www\automatiza-od\.venv\Lib\site-packages\PyInstaller\building\utils.py", line 250, in process_collected_binary
    p = subprocess.run(
        ^^^^^^^^^^^^^^^
  File "C:\Program Files\WindowsApps\PythonSoftwareFoundation.Python.3.11_3.11.2544.0_x64__qbz5n2kfra8p0\Lib\subprocess.py", line 548, in run
    with Popen(*popenargs, **kwargs) as process:
         ^^^^^^^^^^^^^^^^^^^^^^^^^^^
  File "C:\Program Files\WindowsApps\PythonSoftwareFoundation.Python.3.11_3.11.2544.0_x64__qbz5n2kfra8p0\Lib\subprocess.py", line 1026, in __init__
    self._execute_child(args, executable, preexec_fn, close_fds,
  File "C:\Program Files\WindowsApps\PythonSoftwareFoundation.Python.3.11_3.11.2544.0_x64__qbz5n2kfra8p0\Lib\subprocess.py", line 1538, in _execute_child
    hp, ht, pid, tid = _winapi.CreateProcess(executable, args,
                       ^^^^^^^^^^^^^^^^^^^^^^^^^^^^^^^^^^^^^^^
FileNotFoundError: [WinError 2] O sistema não pode encontrar o arquivo especificado
47732 INFO: Executing: strip C:\Users\henri\AppData\Local\pyinstaller\bincache10py31164bit\pandas\_libs\tslibs\vectorized.cp311-win_amd64.pyd
47736 WARNING: Failed to run strip on 'C:\\Users\\henri\\AppData\\Local\\pyinstaller\\bincache10py31164bit\\pandas\\_libs\\tslibs\\vectorized.cp311-win_amd64.pyd'!
Traceback (most recent call last):
  File "E:\Documentos\projetos\www\automatiza-od\.venv\Lib\site-packages\PyInstaller\building\utils.py", line 250, in process_collected_binary
    p = subprocess.run(
        ^^^^^^^^^^^^^^^
  File "C:\Program Files\WindowsApps\PythonSoftwareFoundation.Python.3.11_3.11.2544.0_x64__qbz5n2kfra8p0\Lib\subprocess.py", line 548, in run
    with Popen(*popenargs, **kwargs) as process:
         ^^^^^^^^^^^^^^^^^^^^^^^^^^^
  File "C:\Program Files\WindowsApps\PythonSoftwareFoundation.Python.3.11_3.11.2544.0_x64__qbz5n2kfra8p0\Lib\subprocess.py", line 1026, in __init__
    self._execute_child(args, executable, preexec_fn, close_fds,
  File "C:\Program Files\WindowsApps\PythonSoftwareFoundation.Python.3.11_3.11.2544.0_x64__qbz5n2kfra8p0\Lib\subprocess.py", line 1538, in _execute_child
    hp, ht, pid, tid = _winapi.CreateProcess(executable, args,
                       ^^^^^^^^^^^^^^^^^^^^^^^^^^^^^^^^^^^^^^^
FileNotFoundError: [WinError 2] O sistema não pode encontrar o arquivo especificado
47752 INFO: Executing: strip C:\Users\henri\AppData\Local\pyinstaller\bincache10py31164bit\pandas\_libs\missing.cp311-win_amd64.pyd
47756 WARNING: Failed to run strip on 'C:\\Users\\henri\\AppData\\Local\\pyinstaller\\bincache10py31164bit\\pandas\\_libs\\missing.cp311-win_amd64.pyd'!
Traceback (most recent call last):
  File "E:\Documentos\projetos\www\automatiza-od\.venv\Lib\site-packages\PyInstaller\building\utils.py", line 250, in process_collected_binary
    p = subprocess.run(
        ^^^^^^^^^^^^^^^
  File "C:\Program Files\WindowsApps\PythonSoftwareFoundation.Python.3.11_3.11.2544.0_x64__qbz5n2kfra8p0\Lib\subprocess.py", line 548, in run
    with Popen(*popenargs, **kwargs) as process:
         ^^^^^^^^^^^^^^^^^^^^^^^^^^^
  File "C:\Program Files\WindowsApps\PythonSoftwareFoundation.Python.3.11_3.11.2544.0_x64__qbz5n2kfra8p0\Lib\subprocess.py", line 1026, in __init__
    self._execute_child(args, executable, preexec_fn, close_fds,
  File "C:\Program Files\WindowsApps\PythonSoftwareFoundation.Python.3.11_3.11.2544.0_x64__qbz5n2kfra8p0\Lib\subprocess.py", line 1538, in _execute_child
    hp, ht, pid, tid = _winapi.CreateProcess(executable, args,
                       ^^^^^^^^^^^^^^^^^^^^^^^^^^^^^^^^^^^^^^^
FileNotFoundError: [WinError 2] O sistema não pode encontrar o arquivo especificado
47773 INFO: Executing: strip C:\Users\henri\AppData\Local\pyinstaller\bincache10py31164bit\pandas\_libs\groupby.cp311-win_amd64.pyd
47777 WARNING: Failed to run strip on 'C:\\Users\\henri\\AppData\\Local\\pyinstaller\\bincache10py31164bit\\pandas\\_libs\\groupby.cp311-win_amd64.pyd'!
Traceback (most recent call last):
  File "E:\Documentos\projetos\www\automatiza-od\.venv\Lib\site-packages\PyInstaller\building\utils.py", line 250, in process_collected_binary
    p = subprocess.run(
        ^^^^^^^^^^^^^^^
  File "C:\Program Files\WindowsApps\PythonSoftwareFoundation.Python.3.11_3.11.2544.0_x64__qbz5n2kfra8p0\Lib\subprocess.py", line 548, in run
    with Popen(*popenargs, **kwargs) as process:
         ^^^^^^^^^^^^^^^^^^^^^^^^^^^
  File "C:\Program Files\WindowsApps\PythonSoftwareFoundation.Python.3.11_3.11.2544.0_x64__qbz5n2kfra8p0\Lib\subprocess.py", line 1026, in __init__
    self._execute_child(args, executable, preexec_fn, close_fds,
  File "C:\Program Files\WindowsApps\PythonSoftwareFoundation.Python.3.11_3.11.2544.0_x64__qbz5n2kfra8p0\Lib\subprocess.py", line 1538, in _execute_child
    hp, ht, pid, tid = _winapi.CreateProcess(executable, args,
                       ^^^^^^^^^^^^^^^^^^^^^^^^^^^^^^^^^^^^^^^
FileNotFoundError: [WinError 2] O sistema não pode encontrar o arquivo especificado
47793 INFO: Executing: strip C:\Users\henri\AppData\Local\pyinstaller\bincache10py31164bit\pandas\_libs\join.cp311-win_amd64.pyd
47798 WARNING: Failed to run strip on 'C:\\Users\\henri\\AppData\\Local\\pyinstaller\\bincache10py31164bit\\pandas\\_libs\\join.cp311-win_amd64.pyd'!
Traceback (most recent call last):
  File "E:\Documentos\projetos\www\automatiza-od\.venv\Lib\site-packages\PyInstaller\building\utils.py", line 250, in process_collected_binary
    p = subprocess.run(
        ^^^^^^^^^^^^^^^
  File "C:\Program Files\WindowsApps\PythonSoftwareFoundation.Python.3.11_3.11.2544.0_x64__qbz5n2kfra8p0\Lib\subprocess.py", line 548, in run
    with Popen(*popenargs, **kwargs) as process:
         ^^^^^^^^^^^^^^^^^^^^^^^^^^^
  File "C:\Program Files\WindowsApps\PythonSoftwareFoundation.Python.3.11_3.11.2544.0_x64__qbz5n2kfra8p0\Lib\subprocess.py", line 1026, in __init__
    self._execute_child(args, executable, preexec_fn, close_fds,
  File "C:\Program Files\WindowsApps\PythonSoftwareFoundation.Python.3.11_3.11.2544.0_x64__qbz5n2kfra8p0\Lib\subprocess.py", line 1538, in _execute_child
    hp, ht, pid, tid = _winapi.CreateProcess(executable, args,
                       ^^^^^^^^^^^^^^^^^^^^^^^^^^^^^^^^^^^^^^^
FileNotFoundError: [WinError 2] O sistema não pode encontrar o arquivo especificado
47813 INFO: Executing: strip C:\Users\henri\AppData\Local\pyinstaller\bincache10py31164bit\pandas\_libs\reshape.cp311-win_amd64.pyd
47817 WARNING: Failed to run strip on 'C:\\Users\\henri\\AppData\\Local\\pyinstaller\\bincache10py31164bit\\pandas\\_libs\\reshape.cp311-win_amd64.pyd'!
Traceback (most recent call last):
  File "E:\Documentos\projetos\www\automatiza-od\.venv\Lib\site-packages\PyInstaller\building\utils.py", line 250, in process_collected_binary
    p = subprocess.run(
        ^^^^^^^^^^^^^^^
  File "C:\Program Files\WindowsApps\PythonSoftwareFoundation.Python.3.11_3.11.2544.0_x64__qbz5n2kfra8p0\Lib\subprocess.py", line 548, in run
    with Popen(*popenargs, **kwargs) as process:
         ^^^^^^^^^^^^^^^^^^^^^^^^^^^
  File "C:\Program Files\WindowsApps\PythonSoftwareFoundation.Python.3.11_3.11.2544.0_x64__qbz5n2kfra8p0\Lib\subprocess.py", line 1026, in __init__
    self._execute_child(args, executable, preexec_fn, close_fds,
  File "C:\Program Files\WindowsApps\PythonSoftwareFoundation.Python.3.11_3.11.2544.0_x64__qbz5n2kfra8p0\Lib\subprocess.py", line 1538, in _execute_child
    hp, ht, pid, tid = _winapi.CreateProcess(executable, args,
                       ^^^^^^^^^^^^^^^^^^^^^^^^^^^^^^^^^^^^^^^
FileNotFoundError: [WinError 2] O sistema não pode encontrar o arquivo especificado
47833 INFO: Executing: strip C:\Users\henri\AppData\Local\pyinstaller\bincache10py31164bit\pandas\_libs\parsers.cp311-win_amd64.pyd
47837 WARNING: Failed to run strip on 'C:\\Users\\henri\\AppData\\Local\\pyinstaller\\bincache10py31164bit\\pandas\\_libs\\parsers.cp311-win_amd64.pyd'!
Traceback (most recent call last):
  File "E:\Documentos\projetos\www\automatiza-od\.venv\Lib\site-packages\PyInstaller\building\utils.py", line 250, in process_collected_binary
    p = subprocess.run(
        ^^^^^^^^^^^^^^^
  File "C:\Program Files\WindowsApps\PythonSoftwareFoundation.Python.3.11_3.11.2544.0_x64__qbz5n2kfra8p0\Lib\subprocess.py", line 548, in run
    with Popen(*popenargs, **kwargs) as process:
         ^^^^^^^^^^^^^^^^^^^^^^^^^^^
  File "C:\Program Files\WindowsApps\PythonSoftwareFoundation.Python.3.11_3.11.2544.0_x64__qbz5n2kfra8p0\Lib\subprocess.py", line 1026, in __init__
    self._execute_child(args, executable, preexec_fn, close_fds,
  File "C:\Program Files\WindowsApps\PythonSoftwareFoundation.Python.3.11_3.11.2544.0_x64__qbz5n2kfra8p0\Lib\subprocess.py", line 1538, in _execute_child
    hp, ht, pid, tid = _winapi.CreateProcess(executable, args,
                       ^^^^^^^^^^^^^^^^^^^^^^^^^^^^^^^^^^^^^^^
FileNotFoundError: [WinError 2] O sistema não pode encontrar o arquivo especificado
47853 INFO: Executing: strip C:\Users\henri\AppData\Local\pyinstaller\bincache10py31164bit\_sqlite3.pyd
47856 WARNING: Failed to run strip on 'C:\\Users\\henri\\AppData\\Local\\pyinstaller\\bincache10py31164bit\\_sqlite3.pyd'!
Traceback (most recent call last):
  File "E:\Documentos\projetos\www\automatiza-od\.venv\Lib\site-packages\PyInstaller\building\utils.py", line 250, in process_collected_binary
    p = subprocess.run(
        ^^^^^^^^^^^^^^^
  File "C:\Program Files\WindowsApps\PythonSoftwareFoundation.Python.3.11_3.11.2544.0_x64__qbz5n2kfra8p0\Lib\subprocess.py", line 548, in run
    with Popen(*popenargs, **kwargs) as process:
         ^^^^^^^^^^^^^^^^^^^^^^^^^^^
  File "C:\Program Files\WindowsApps\PythonSoftwareFoundation.Python.3.11_3.11.2544.0_x64__qbz5n2kfra8p0\Lib\subprocess.py", line 1026, in __init__
    self._execute_child(args, executable, preexec_fn, close_fds,
  File "C:\Program Files\WindowsApps\PythonSoftwareFoundation.Python.3.11_3.11.2544.0_x64__qbz5n2kfra8p0\Lib\subprocess.py", line 1538, in _execute_child
    hp, ht, pid, tid = _winapi.CreateProcess(executable, args,
                       ^^^^^^^^^^^^^^^^^^^^^^^^^^^^^^^^^^^^^^^
FileNotFoundError: [WinError 2] O sistema não pode encontrar o arquivo especificado
47872 INFO: Executing: strip C:\Users\henri\AppData\Local\pyinstaller\bincache10py31164bit\pandas\_libs\json.cp311-win_amd64.pyd
47876 WARNING: Failed to run strip on 'C:\\Users\\henri\\AppData\\Local\\pyinstaller\\bincache10py31164bit\\pandas\\_libs\\json.cp311-win_amd64.pyd'!
Traceback (most recent call last):
  File "E:\Documentos\projetos\www\automatiza-od\.venv\Lib\site-packages\PyInstaller\building\utils.py", line 250, in process_collected_binary
    p = subprocess.run(
        ^^^^^^^^^^^^^^^
  File "C:\Program Files\WindowsApps\PythonSoftwareFoundation.Python.3.11_3.11.2544.0_x64__qbz5n2kfra8p0\Lib\subprocess.py", line 548, in run
    with Popen(*popenargs, **kwargs) as process:
         ^^^^^^^^^^^^^^^^^^^^^^^^^^^
  File "C:\Program Files\WindowsApps\PythonSoftwareFoundation.Python.3.11_3.11.2544.0_x64__qbz5n2kfra8p0\Lib\subprocess.py", line 1026, in __init__
    self._execute_child(args, executable, preexec_fn, close_fds,
  File "C:\Program Files\WindowsApps\PythonSoftwareFoundation.Python.3.11_3.11.2544.0_x64__qbz5n2kfra8p0\Lib\subprocess.py", line 1538, in _execute_child
    hp, ht, pid, tid = _winapi.CreateProcess(executable, args,
                       ^^^^^^^^^^^^^^^^^^^^^^^^^^^^^^^^^^^^^^^
FileNotFoundError: [WinError 2] O sistema não pode encontrar o arquivo especificado
47891 INFO: Executing: strip C:\Users\henri\AppData\Local\pyinstaller\bincache10py31164bit\markupsafe\_speedups.cp311-win_amd64.pyd
47895 WARNING: Failed to run strip on 'C:\\Users\\henri\\AppData\\Local\\pyinstaller\\bincache10py31164bit\\markupsafe\\_speedups.cp311-win_amd64.pyd'!
Traceback (most recent call last):
  File "E:\Documentos\projetos\www\automatiza-od\.venv\Lib\site-packages\PyInstaller\building\utils.py", line 250, in process_collected_binary
    p = subprocess.run(
        ^^^^^^^^^^^^^^^
  File "C:\Program Files\WindowsApps\PythonSoftwareFoundation.Python.3.11_3.11.2544.0_x64__qbz5n2kfra8p0\Lib\subprocess.py", line 548, in run
    with Popen(*popenargs, **kwargs) as process:
         ^^^^^^^^^^^^^^^^^^^^^^^^^^^
  File "C:\Program Files\WindowsApps\PythonSoftwareFoundation.Python.3.11_3.11.2544.0_x64__qbz5n2kfra8p0\Lib\subprocess.py", line 1026, in __init__
    self._execute_child(args, executable, preexec_fn, close_fds,
  File "C:\Program Files\WindowsApps\PythonSoftwareFoundation.Python.3.11_3.11.2544.0_x64__qbz5n2kfra8p0\Lib\subprocess.py", line 1538, in _execute_child
    hp, ht, pid, tid = _winapi.CreateProcess(executable, args,
                       ^^^^^^^^^^^^^^^^^^^^^^^^^^^^^^^^^^^^^^^
FileNotFoundError: [WinError 2] O sistema não pode encontrar o arquivo especificado
47911 INFO: Executing: strip C:\Users\henri\AppData\Local\pyinstaller\bincache10py31164bit\pandas\_libs\internals.cp311-win_amd64.pyd
47915 WARNING: Failed to run strip on 'C:\\Users\\henri\\AppData\\Local\\pyinstaller\\bincache10py31164bit\\pandas\\_libs\\internals.cp311-win_amd64.pyd'!
Traceback (most recent call last):
  File "E:\Documentos\projetos\www\automatiza-od\.venv\Lib\site-packages\PyInstaller\building\utils.py", line 250, in process_collected_binary
    p = subprocess.run(
        ^^^^^^^^^^^^^^^
  File "C:\Program Files\WindowsApps\PythonSoftwareFoundation.Python.3.11_3.11.2544.0_x64__qbz5n2kfra8p0\Lib\subprocess.py", line 548, in run
    with Popen(*popenargs, **kwargs) as process:
         ^^^^^^^^^^^^^^^^^^^^^^^^^^^
  File "C:\Program Files\WindowsApps\PythonSoftwareFoundation.Python.3.11_3.11.2544.0_x64__qbz5n2kfra8p0\Lib\subprocess.py", line 1026, in __init__
    self._execute_child(args, executable, preexec_fn, close_fds,
  File "C:\Program Files\WindowsApps\PythonSoftwareFoundation.Python.3.11_3.11.2544.0_x64__qbz5n2kfra8p0\Lib\subprocess.py", line 1538, in _execute_child
    hp, ht, pid, tid = _winapi.CreateProcess(executable, args,
                       ^^^^^^^^^^^^^^^^^^^^^^^^^^^^^^^^^^^^^^^
FileNotFoundError: [WinError 2] O sistema não pode encontrar o arquivo especificado
47930 INFO: Executing: strip C:\Users\henri\AppData\Local\pyinstaller\bincache10py31164bit\pandas\_libs\indexing.cp311-win_amd64.pyd
47934 WARNING: Failed to run strip on 'C:\\Users\\henri\\AppData\\Local\\pyinstaller\\bincache10py31164bit\\pandas\\_libs\\indexing.cp311-win_amd64.pyd'!
Traceback (most recent call last):
  File "E:\Documentos\projetos\www\automatiza-od\.venv\Lib\site-packages\PyInstaller\building\utils.py", line 250, in process_collected_binary
    p = subprocess.run(
        ^^^^^^^^^^^^^^^
  File "C:\Program Files\WindowsApps\PythonSoftwareFoundation.Python.3.11_3.11.2544.0_x64__qbz5n2kfra8p0\Lib\subprocess.py", line 548, in run
    with Popen(*popenargs, **kwargs) as process:
         ^^^^^^^^^^^^^^^^^^^^^^^^^^^
  File "C:\Program Files\WindowsApps\PythonSoftwareFoundation.Python.3.11_3.11.2544.0_x64__qbz5n2kfra8p0\Lib\subprocess.py", line 1026, in __init__
    self._execute_child(args, executable, preexec_fn, close_fds,
  File "C:\Program Files\WindowsApps\PythonSoftwareFoundation.Python.3.11_3.11.2544.0_x64__qbz5n2kfra8p0\Lib\subprocess.py", line 1538, in _execute_child
    hp, ht, pid, tid = _winapi.CreateProcess(executable, args,
                       ^^^^^^^^^^^^^^^^^^^^^^^^^^^^^^^^^^^^^^^
FileNotFoundError: [WinError 2] O sistema não pode encontrar o arquivo especificado
47950 INFO: Executing: strip C:\Users\henri\AppData\Local\pyinstaller\bincache10py31164bit\pandas\_libs\sparse.cp311-win_amd64.pyd
47954 WARNING: Failed to run strip on 'C:\\Users\\henri\\AppData\\Local\\pyinstaller\\bincache10py31164bit\\pandas\\_libs\\sparse.cp311-win_amd64.pyd'!
Traceback (most recent call last):
  File "E:\Documentos\projetos\www\automatiza-od\.venv\Lib\site-packages\PyInstaller\building\utils.py", line 250, in process_collected_binary
    p = subprocess.run(
        ^^^^^^^^^^^^^^^
  File "C:\Program Files\WindowsApps\PythonSoftwareFoundation.Python.3.11_3.11.2544.0_x64__qbz5n2kfra8p0\Lib\subprocess.py", line 548, in run
    with Popen(*popenargs, **kwargs) as process:
         ^^^^^^^^^^^^^^^^^^^^^^^^^^^
  File "C:\Program Files\WindowsApps\PythonSoftwareFoundation.Python.3.11_3.11.2544.0_x64__qbz5n2kfra8p0\Lib\subprocess.py", line 1026, in __init__
    self._execute_child(args, executable, preexec_fn, close_fds,
  File "C:\Program Files\WindowsApps\PythonSoftwareFoundation.Python.3.11_3.11.2544.0_x64__qbz5n2kfra8p0\Lib\subprocess.py", line 1538, in _execute_child
    hp, ht, pid, tid = _winapi.CreateProcess(executable, args,
                       ^^^^^^^^^^^^^^^^^^^^^^^^^^^^^^^^^^^^^^^
FileNotFoundError: [WinError 2] O sistema não pode encontrar o arquivo especificado
47969 INFO: Executing: strip C:\Users\henri\AppData\Local\pyinstaller\bincache10py31164bit\pandas\_libs\ops_dispatch.cp311-win_amd64.pyd
47973 WARNING: Failed to run strip on 'C:\\Users\\henri\\AppData\\Local\\pyinstaller\\bincache10py31164bit\\pandas\\_libs\\ops_dispatch.cp311-win_amd64.pyd'!
Traceback (most recent call last):
  File "E:\Documentos\projetos\www\automatiza-od\.venv\Lib\site-packages\PyInstaller\building\utils.py", line 250, in process_collected_binary
    p = subprocess.run(
        ^^^^^^^^^^^^^^^
  File "C:\Program Files\WindowsApps\PythonSoftwareFoundation.Python.3.11_3.11.2544.0_x64__qbz5n2kfra8p0\Lib\subprocess.py", line 548, in run
    with Popen(*popenargs, **kwargs) as process:
         ^^^^^^^^^^^^^^^^^^^^^^^^^^^
  File "C:\Program Files\WindowsApps\PythonSoftwareFoundation.Python.3.11_3.11.2544.0_x64__qbz5n2kfra8p0\Lib\subprocess.py", line 1026, in __init__
    self._execute_child(args, executable, preexec_fn, close_fds,
  File "C:\Program Files\WindowsApps\PythonSoftwareFoundation.Python.3.11_3.11.2544.0_x64__qbz5n2kfra8p0\Lib\subprocess.py", line 1538, in _execute_child
    hp, ht, pid, tid = _winapi.CreateProcess(executable, args,
                       ^^^^^^^^^^^^^^^^^^^^^^^^^^^^^^^^^^^^^^^
FileNotFoundError: [WinError 2] O sistema não pode encontrar o arquivo especificado
47991 INFO: Executing: strip C:\Users\henri\AppData\Local\pyinstaller\bincache10py31164bit\pandas\_libs\hashtable.cp311-win_amd64.pyd
47995 WARNING: Failed to run strip on 'C:\\Users\\henri\\AppData\\Local\\pyinstaller\\bincache10py31164bit\\pandas\\_libs\\hashtable.cp311-win_amd64.pyd'!
Traceback (most recent call last):
  File "E:\Documentos\projetos\www\automatiza-od\.venv\Lib\site-packages\PyInstaller\building\utils.py", line 250, in process_collected_binary
    p = subprocess.run(
        ^^^^^^^^^^^^^^^
  File "C:\Program Files\WindowsApps\PythonSoftwareFoundation.Python.3.11_3.11.2544.0_x64__qbz5n2kfra8p0\Lib\subprocess.py", line 548, in run
    with Popen(*popenargs, **kwargs) as process:
         ^^^^^^^^^^^^^^^^^^^^^^^^^^^
  File "C:\Program Files\WindowsApps\PythonSoftwareFoundation.Python.3.11_3.11.2544.0_x64__qbz5n2kfra8p0\Lib\subprocess.py", line 1026, in __init__
    self._execute_child(args, executable, preexec_fn, close_fds,
  File "C:\Program Files\WindowsApps\PythonSoftwareFoundation.Python.3.11_3.11.2544.0_x64__qbz5n2kfra8p0\Lib\subprocess.py", line 1538, in _execute_child
    hp, ht, pid, tid = _winapi.CreateProcess(executable, args,
                       ^^^^^^^^^^^^^^^^^^^^^^^^^^^^^^^^^^^^^^^
FileNotFoundError: [WinError 2] O sistema não pode encontrar o arquivo especificado
48010 INFO: Executing: strip C:\Users\henri\AppData\Local\pyinstaller\bincache10py31164bit\pandas\_libs\properties.cp311-win_amd64.pyd
48014 WARNING: Failed to run strip on 'C:\\Users\\henri\\AppData\\Local\\pyinstaller\\bincache10py31164bit\\pandas\\_libs\\properties.cp311-win_amd64.pyd'!
Traceback (most recent call last):
  File "E:\Documentos\projetos\www\automatiza-od\.venv\Lib\site-packages\PyInstaller\building\utils.py", line 250, in process_collected_binary
    p = subprocess.run(
        ^^^^^^^^^^^^^^^
  File "C:\Program Files\WindowsApps\PythonSoftwareFoundation.Python.3.11_3.11.2544.0_x64__qbz5n2kfra8p0\Lib\subprocess.py", line 548, in run
    with Popen(*popenargs, **kwargs) as process:
         ^^^^^^^^^^^^^^^^^^^^^^^^^^^
  File "C:\Program Files\WindowsApps\PythonSoftwareFoundation.Python.3.11_3.11.2544.0_x64__qbz5n2kfra8p0\Lib\subprocess.py", line 1026, in __init__
    self._execute_child(args, executable, preexec_fn, close_fds,
  File "C:\Program Files\WindowsApps\PythonSoftwareFoundation.Python.3.11_3.11.2544.0_x64__qbz5n2kfra8p0\Lib\subprocess.py", line 1538, in _execute_child
    hp, ht, pid, tid = _winapi.CreateProcess(executable, args,
                       ^^^^^^^^^^^^^^^^^^^^^^^^^^^^^^^^^^^^^^^
FileNotFoundError: [WinError 2] O sistema não pode encontrar o arquivo especificado
48030 INFO: Executing: strip C:\Users\henri\AppData\Local\pyinstaller\bincache10py31164bit\pandas\_libs\lib.cp311-win_amd64.pyd
48034 WARNING: Failed to run strip on 'C:\\Users\\henri\\AppData\\Local\\pyinstaller\\bincache10py31164bit\\pandas\\_libs\\lib.cp311-win_amd64.pyd'!
Traceback (most recent call last):
  File "E:\Documentos\projetos\www\automatiza-od\.venv\Lib\site-packages\PyInstaller\building\utils.py", line 250, in process_collected_binary
    p = subprocess.run(
        ^^^^^^^^^^^^^^^
  File "C:\Program Files\WindowsApps\PythonSoftwareFoundation.Python.3.11_3.11.2544.0_x64__qbz5n2kfra8p0\Lib\subprocess.py", line 548, in run
    with Popen(*popenargs, **kwargs) as process:
         ^^^^^^^^^^^^^^^^^^^^^^^^^^^
  File "C:\Program Files\WindowsApps\PythonSoftwareFoundation.Python.3.11_3.11.2544.0_x64__qbz5n2kfra8p0\Lib\subprocess.py", line 1026, in __init__
    self._execute_child(args, executable, preexec_fn, close_fds,
  File "C:\Program Files\WindowsApps\PythonSoftwareFoundation.Python.3.11_3.11.2544.0_x64__qbz5n2kfra8p0\Lib\subprocess.py", line 1538, in _execute_child
    hp, ht, pid, tid = _winapi.CreateProcess(executable, args,
                       ^^^^^^^^^^^^^^^^^^^^^^^^^^^^^^^^^^^^^^^
FileNotFoundError: [WinError 2] O sistema não pode encontrar o arquivo especificado
48051 INFO: Executing: strip C:\Users\henri\AppData\Local\pyinstaller\bincache10py31164bit\pandas\_libs\algos.cp311-win_amd64.pyd
48055 WARNING: Failed to run strip on 'C:\\Users\\henri\\AppData\\Local\\pyinstaller\\bincache10py31164bit\\pandas\\_libs\\algos.cp311-win_amd64.pyd'!
Traceback (most recent call last):
  File "E:\Documentos\projetos\www\automatiza-od\.venv\Lib\site-packages\PyInstaller\building\utils.py", line 250, in process_collected_binary
    p = subprocess.run(
        ^^^^^^^^^^^^^^^
  File "C:\Program Files\WindowsApps\PythonSoftwareFoundation.Python.3.11_3.11.2544.0_x64__qbz5n2kfra8p0\Lib\subprocess.py", line 548, in run
    with Popen(*popenargs, **kwargs) as process:
         ^^^^^^^^^^^^^^^^^^^^^^^^^^^
  File "C:\Program Files\WindowsApps\PythonSoftwareFoundation.Python.3.11_3.11.2544.0_x64__qbz5n2kfra8p0\Lib\subprocess.py", line 1026, in __init__
    self._execute_child(args, executable, preexec_fn, close_fds,
  File "C:\Program Files\WindowsApps\PythonSoftwareFoundation.Python.3.11_3.11.2544.0_x64__qbz5n2kfra8p0\Lib\subprocess.py", line 1538, in _execute_child
    hp, ht, pid, tid = _winapi.CreateProcess(executable, args,
                       ^^^^^^^^^^^^^^^^^^^^^^^^^^^^^^^^^^^^^^^
FileNotFoundError: [WinError 2] O sistema não pode encontrar o arquivo especificado
48071 INFO: Executing: strip C:\Users\henri\AppData\Local\pyinstaller\bincache10py31164bit\pandas\_libs\pandas_datetime.cp311-win_amd64.pyd
48074 WARNING: Failed to run strip on 'C:\\Users\\henri\\AppData\\Local\\pyinstaller\\bincache10py31164bit\\pandas\\_libs\\pandas_datetime.cp311-win_amd64.pyd'!
Traceback (most recent call last):
  File "E:\Documentos\projetos\www\automatiza-od\.venv\Lib\site-packages\PyInstaller\building\utils.py", line 250, in process_collected_binary
    p = subprocess.run(
        ^^^^^^^^^^^^^^^
  File "C:\Program Files\WindowsApps\PythonSoftwareFoundation.Python.3.11_3.11.2544.0_x64__qbz5n2kfra8p0\Lib\subprocess.py", line 548, in run
    with Popen(*popenargs, **kwargs) as process:
         ^^^^^^^^^^^^^^^^^^^^^^^^^^^
  File "C:\Program Files\WindowsApps\PythonSoftwareFoundation.Python.3.11_3.11.2544.0_x64__qbz5n2kfra8p0\Lib\subprocess.py", line 1026, in __init__
    self._execute_child(args, executable, preexec_fn, close_fds,
  File "C:\Program Files\WindowsApps\PythonSoftwareFoundation.Python.3.11_3.11.2544.0_x64__qbz5n2kfra8p0\Lib\subprocess.py", line 1538, in _execute_child
    hp, ht, pid, tid = _winapi.CreateProcess(executable, args,
                       ^^^^^^^^^^^^^^^^^^^^^^^^^^^^^^^^^^^^^^^
FileNotFoundError: [WinError 2] O sistema não pode encontrar o arquivo especificado
48089 INFO: Executing: strip C:\Users\henri\AppData\Local\pyinstaller\bincache10py31164bit\pandas\_libs\pandas_parser.cp311-win_amd64.pyd
48092 WARNING: Failed to run strip on 'C:\\Users\\henri\\AppData\\Local\\pyinstaller\\bincache10py31164bit\\pandas\\_libs\\pandas_parser.cp311-win_amd64.pyd'!
Traceback (most recent call last):
  File "E:\Documentos\projetos\www\automatiza-od\.venv\Lib\site-packages\PyInstaller\building\utils.py", line 250, in process_collected_binary
    p = subprocess.run(
        ^^^^^^^^^^^^^^^
  File "C:\Program Files\WindowsApps\PythonSoftwareFoundation.Python.3.11_3.11.2544.0_x64__qbz5n2kfra8p0\Lib\subprocess.py", line 548, in run
    with Popen(*popenargs, **kwargs) as process:
         ^^^^^^^^^^^^^^^^^^^^^^^^^^^
  File "C:\Program Files\WindowsApps\PythonSoftwareFoundation.Python.3.11_3.11.2544.0_x64__qbz5n2kfra8p0\Lib\subprocess.py", line 1026, in __init__
    self._execute_child(args, executable, preexec_fn, close_fds,
  File "C:\Program Files\WindowsApps\PythonSoftwareFoundation.Python.3.11_3.11.2544.0_x64__qbz5n2kfra8p0\Lib\subprocess.py", line 1538, in _execute_child
    hp, ht, pid, tid = _winapi.CreateProcess(executable, args,
                       ^^^^^^^^^^^^^^^^^^^^^^^^^^^^^^^^^^^^^^^
FileNotFoundError: [WinError 2] O sistema não pode encontrar o arquivo especificado
48119 INFO: Executing: strip C:\Users\henri\AppData\Local\pyinstaller\bincache10py31164bit\cryptography\hazmat\bindings\_rust.pyd
48123 WARNING: Failed to run strip on 'C:\\Users\\henri\\AppData\\Local\\pyinstaller\\bincache10py31164bit\\cryptography\\hazmat\\bindings\\_rust.pyd'!
Traceback (most recent call last):
  File "E:\Documentos\projetos\www\automatiza-od\.venv\Lib\site-packages\PyInstaller\building\utils.py", line 250, in process_collected_binary
    p = subprocess.run(
        ^^^^^^^^^^^^^^^
  File "C:\Program Files\WindowsApps\PythonSoftwareFoundation.Python.3.11_3.11.2544.0_x64__qbz5n2kfra8p0\Lib\subprocess.py", line 548, in run
    with Popen(*popenargs, **kwargs) as process:
         ^^^^^^^^^^^^^^^^^^^^^^^^^^^
  File "C:\Program Files\WindowsApps\PythonSoftwareFoundation.Python.3.11_3.11.2544.0_x64__qbz5n2kfra8p0\Lib\subprocess.py", line 1026, in __init__
    self._execute_child(args, executable, preexec_fn, close_fds,
  File "C:\Program Files\WindowsApps\PythonSoftwareFoundation.Python.3.11_3.11.2544.0_x64__qbz5n2kfra8p0\Lib\subprocess.py", line 1538, in _execute_child
    hp, ht, pid, tid = _winapi.CreateProcess(executable, args,
                       ^^^^^^^^^^^^^^^^^^^^^^^^^^^^^^^^^^^^^^^
FileNotFoundError: [WinError 2] O sistema não pode encontrar o arquivo especificado
48138 INFO: Executing: strip C:\Users\henri\AppData\Local\pyinstaller\bincache10py31164bit\_cffi_backend.cp311-win_amd64.pyd
48142 WARNING: Failed to run strip on 'C:\\Users\\henri\\AppData\\Local\\pyinstaller\\bincache10py31164bit\\_cffi_backend.cp311-win_amd64.pyd'!
Traceback (most recent call last):
  File "E:\Documentos\projetos\www\automatiza-od\.venv\Lib\site-packages\PyInstaller\building\utils.py", line 250, in process_collected_binary
    p = subprocess.run(
        ^^^^^^^^^^^^^^^
  File "C:\Program Files\WindowsApps\PythonSoftwareFoundation.Python.3.11_3.11.2544.0_x64__qbz5n2kfra8p0\Lib\subprocess.py", line 548, in run
    with Popen(*popenargs, **kwargs) as process:
         ^^^^^^^^^^^^^^^^^^^^^^^^^^^
  File "C:\Program Files\WindowsApps\PythonSoftwareFoundation.Python.3.11_3.11.2544.0_x64__qbz5n2kfra8p0\Lib\subprocess.py", line 1026, in __init__
    self._execute_child(args, executable, preexec_fn, close_fds,
  File "C:\Program Files\WindowsApps\PythonSoftwareFoundation.Python.3.11_3.11.2544.0_x64__qbz5n2kfra8p0\Lib\subprocess.py", line 1538, in _execute_child
    hp, ht, pid, tid = _winapi.CreateProcess(executable, args,
                       ^^^^^^^^^^^^^^^^^^^^^^^^^^^^^^^^^^^^^^^
FileNotFoundError: [WinError 2] O sistema não pode encontrar o arquivo especificado
48157 INFO: Executing: strip C:\Users\henri\AppData\Local\pyinstaller\bincache10py31164bit\pandas\_libs\tslibs\base.cp311-win_amd64.pyd
48161 WARNING: Failed to run strip on 'C:\\Users\\henri\\AppData\\Local\\pyinstaller\\bincache10py31164bit\\pandas\\_libs\\tslibs\\base.cp311-win_amd64.pyd'!
Traceback (most recent call last):
  File "E:\Documentos\projetos\www\automatiza-od\.venv\Lib\site-packages\PyInstaller\building\utils.py", line 250, in process_collected_binary
    p = subprocess.run(
        ^^^^^^^^^^^^^^^
  File "C:\Program Files\WindowsApps\PythonSoftwareFoundation.Python.3.11_3.11.2544.0_x64__qbz5n2kfra8p0\Lib\subprocess.py", line 548, in run
    with Popen(*popenargs, **kwargs) as process:
         ^^^^^^^^^^^^^^^^^^^^^^^^^^^
  File "C:\Program Files\WindowsApps\PythonSoftwareFoundation.Python.3.11_3.11.2544.0_x64__qbz5n2kfra8p0\Lib\subprocess.py", line 1026, in __init__
    self._execute_child(args, executable, preexec_fn, close_fds,
  File "C:\Program Files\WindowsApps\PythonSoftwareFoundation.Python.3.11_3.11.2544.0_x64__qbz5n2kfra8p0\Lib\subprocess.py", line 1538, in _execute_child
    hp, ht, pid, tid = _winapi.CreateProcess(executable, args,
                       ^^^^^^^^^^^^^^^^^^^^^^^^^^^^^^^^^^^^^^^
FileNotFoundError: [WinError 2] O sistema não pode encontrar o arquivo especificado
48176 INFO: Executing: strip C:\Users\henri\AppData\Local\pyinstaller\bincache10py31164bit\pandas\_libs\testing.cp311-win_amd64.pyd
48179 WARNING: Failed to run strip on 'C:\\Users\\henri\\AppData\\Local\\pyinstaller\\bincache10py31164bit\\pandas\\_libs\\testing.cp311-win_amd64.pyd'!
Traceback (most recent call last):
  File "E:\Documentos\projetos\www\automatiza-od\.venv\Lib\site-packages\PyInstaller\building\utils.py", line 250, in process_collected_binary
    p = subprocess.run(
        ^^^^^^^^^^^^^^^
  File "C:\Program Files\WindowsApps\PythonSoftwareFoundation.Python.3.11_3.11.2544.0_x64__qbz5n2kfra8p0\Lib\subprocess.py", line 548, in run
    with Popen(*popenargs, **kwargs) as process:
         ^^^^^^^^^^^^^^^^^^^^^^^^^^^
  File "C:\Program Files\WindowsApps\PythonSoftwareFoundation.Python.3.11_3.11.2544.0_x64__qbz5n2kfra8p0\Lib\subprocess.py", line 1026, in __init__
    self._execute_child(args, executable, preexec_fn, close_fds,
  File "C:\Program Files\WindowsApps\PythonSoftwareFoundation.Python.3.11_3.11.2544.0_x64__qbz5n2kfra8p0\Lib\subprocess.py", line 1538, in _execute_child
    hp, ht, pid, tid = _winapi.CreateProcess(executable, args,
                       ^^^^^^^^^^^^^^^^^^^^^^^^^^^^^^^^^^^^^^^
FileNotFoundError: [WinError 2] O sistema não pode encontrar o arquivo especificado
48195 INFO: Executing: strip C:\Users\henri\AppData\Local\pyinstaller\bincache10py31164bit\pandas\_libs\sas.cp311-win_amd64.pyd
48199 WARNING: Failed to run strip on 'C:\\Users\\henri\\AppData\\Local\\pyinstaller\\bincache10py31164bit\\pandas\\_libs\\sas.cp311-win_amd64.pyd'!
Traceback (most recent call last):
  File "E:\Documentos\projetos\www\automatiza-od\.venv\Lib\site-packages\PyInstaller\building\utils.py", line 250, in process_collected_binary
    p = subprocess.run(
        ^^^^^^^^^^^^^^^
  File "C:\Program Files\WindowsApps\PythonSoftwareFoundation.Python.3.11_3.11.2544.0_x64__qbz5n2kfra8p0\Lib\subprocess.py", line 548, in run
    with Popen(*popenargs, **kwargs) as process:
         ^^^^^^^^^^^^^^^^^^^^^^^^^^^
  File "C:\Program Files\WindowsApps\PythonSoftwareFoundation.Python.3.11_3.11.2544.0_x64__qbz5n2kfra8p0\Lib\subprocess.py", line 1026, in __init__
    self._execute_child(args, executable, preexec_fn, close_fds,
  File "C:\Program Files\WindowsApps\PythonSoftwareFoundation.Python.3.11_3.11.2544.0_x64__qbz5n2kfra8p0\Lib\subprocess.py", line 1538, in _execute_child
    hp, ht, pid, tid = _winapi.CreateProcess(executable, args,
                       ^^^^^^^^^^^^^^^^^^^^^^^^^^^^^^^^^^^^^^^
FileNotFoundError: [WinError 2] O sistema não pode encontrar o arquivo especificado
48214 INFO: Executing: strip C:\Users\henri\AppData\Local\pyinstaller\bincache10py31164bit\pandas\_libs\byteswap.cp311-win_amd64.pyd
48217 WARNING: Failed to run strip on 'C:\\Users\\henri\\AppData\\Local\\pyinstaller\\bincache10py31164bit\\pandas\\_libs\\byteswap.cp311-win_amd64.pyd'!
Traceback (most recent call last):
  File "E:\Documentos\projetos\www\automatiza-od\.venv\Lib\site-packages\PyInstaller\building\utils.py", line 250, in process_collected_binary
    p = subprocess.run(
        ^^^^^^^^^^^^^^^
  File "C:\Program Files\WindowsApps\PythonSoftwareFoundation.Python.3.11_3.11.2544.0_x64__qbz5n2kfra8p0\Lib\subprocess.py", line 548, in run
    with Popen(*popenargs, **kwargs) as process:
         ^^^^^^^^^^^^^^^^^^^^^^^^^^^
  File "C:\Program Files\WindowsApps\PythonSoftwareFoundation.Python.3.11_3.11.2544.0_x64__qbz5n2kfra8p0\Lib\subprocess.py", line 1026, in __init__
    self._execute_child(args, executable, preexec_fn, close_fds,
  File "C:\Program Files\WindowsApps\PythonSoftwareFoundation.Python.3.11_3.11.2544.0_x64__qbz5n2kfra8p0\Lib\subprocess.py", line 1538, in _execute_child
    hp, ht, pid, tid = _winapi.CreateProcess(executable, args,
                       ^^^^^^^^^^^^^^^^^^^^^^^^^^^^^^^^^^^^^^^
FileNotFoundError: [WinError 2] O sistema não pode encontrar o arquivo especificado
48233 INFO: Executing: strip C:\Users\henri\AppData\Local\pyinstaller\bincache10py31164bit\VCRUNTIME140.dll
48236 WARNING: Failed to run strip on 'C:\\Users\\henri\\AppData\\Local\\pyinstaller\\bincache10py31164bit\\VCRUNTIME140.dll'!
Traceback (most recent call last):
  File "E:\Documentos\projetos\www\automatiza-od\.venv\Lib\site-packages\PyInstaller\building\utils.py", line 250, in process_collected_binary
    p = subprocess.run(
        ^^^^^^^^^^^^^^^
  File "C:\Program Files\WindowsApps\PythonSoftwareFoundation.Python.3.11_3.11.2544.0_x64__qbz5n2kfra8p0\Lib\subprocess.py", line 548, in run
    with Popen(*popenargs, **kwargs) as process:
         ^^^^^^^^^^^^^^^^^^^^^^^^^^^
  File "C:\Program Files\WindowsApps\PythonSoftwareFoundation.Python.3.11_3.11.2544.0_x64__qbz5n2kfra8p0\Lib\subprocess.py", line 1026, in __init__
    self._execute_child(args, executable, preexec_fn, close_fds,
  File "C:\Program Files\WindowsApps\PythonSoftwareFoundation.Python.3.11_3.11.2544.0_x64__qbz5n2kfra8p0\Lib\subprocess.py", line 1538, in _execute_child
    hp, ht, pid, tid = _winapi.CreateProcess(executable, args,
                       ^^^^^^^^^^^^^^^^^^^^^^^^^^^^^^^^^^^^^^^
FileNotFoundError: [WinError 2] O sistema não pode encontrar o arquivo especificado
48252 INFO: Executing: strip C:\Users\henri\AppData\Local\pyinstaller\bincache10py31164bit\VCRUNTIME140_1.dll
48256 WARNING: Failed to run strip on 'C:\\Users\\henri\\AppData\\Local\\pyinstaller\\bincache10py31164bit\\VCRUNTIME140_1.dll'!
Traceback (most recent call last):
  File "E:\Documentos\projetos\www\automatiza-od\.venv\Lib\site-packages\PyInstaller\building\utils.py", line 250, in process_collected_binary
    p = subprocess.run(
        ^^^^^^^^^^^^^^^
  File "C:\Program Files\WindowsApps\PythonSoftwareFoundation.Python.3.11_3.11.2544.0_x64__qbz5n2kfra8p0\Lib\subprocess.py", line 548, in run
    with Popen(*popenargs, **kwargs) as process:
         ^^^^^^^^^^^^^^^^^^^^^^^^^^^
  File "C:\Program Files\WindowsApps\PythonSoftwareFoundation.Python.3.11_3.11.2544.0_x64__qbz5n2kfra8p0\Lib\subprocess.py", line 1026, in __init__
    self._execute_child(args, executable, preexec_fn, close_fds,
  File "C:\Program Files\WindowsApps\PythonSoftwareFoundation.Python.3.11_3.11.2544.0_x64__qbz5n2kfra8p0\Lib\subprocess.py", line 1538, in _execute_child
    hp, ht, pid, tid = _winapi.CreateProcess(executable, args,
                       ^^^^^^^^^^^^^^^^^^^^^^^^^^^^^^^^^^^^^^^
FileNotFoundError: [WinError 2] O sistema não pode encontrar o arquivo especificado
48279 INFO: Executing: strip C:\Users\henri\AppData\Local\pyinstaller\bincache10py31164bit\libcrypto-3.dll
48283 WARNING: Failed to run strip on 'C:\\Users\\henri\\AppData\\Local\\pyinstaller\\bincache10py31164bit\\libcrypto-3.dll'!
Traceback (most recent call last):
  File "E:\Documentos\projetos\www\automatiza-od\.venv\Lib\site-packages\PyInstaller\building\utils.py", line 250, in process_collected_binary
    p = subprocess.run(
        ^^^^^^^^^^^^^^^
  File "C:\Program Files\WindowsApps\PythonSoftwareFoundation.Python.3.11_3.11.2544.0_x64__qbz5n2kfra8p0\Lib\subprocess.py", line 548, in run
    with Popen(*popenargs, **kwargs) as process:
         ^^^^^^^^^^^^^^^^^^^^^^^^^^^
  File "C:\Program Files\WindowsApps\PythonSoftwareFoundation.Python.3.11_3.11.2544.0_x64__qbz5n2kfra8p0\Lib\subprocess.py", line 1026, in __init__
    self._execute_child(args, executable, preexec_fn, close_fds,
  File "C:\Program Files\WindowsApps\PythonSoftwareFoundation.Python.3.11_3.11.2544.0_x64__qbz5n2kfra8p0\Lib\subprocess.py", line 1538, in _execute_child
    hp, ht, pid, tid = _winapi.CreateProcess(executable, args,
                       ^^^^^^^^^^^^^^^^^^^^^^^^^^^^^^^^^^^^^^^
FileNotFoundError: [WinError 2] O sistema não pode encontrar o arquivo especificado
48298 INFO: Executing: strip C:\Users\henri\AppData\Local\pyinstaller\bincache10py31164bit\libffi-8.dll
48302 WARNING: Failed to run strip on 'C:\\Users\\henri\\AppData\\Local\\pyinstaller\\bincache10py31164bit\\libffi-8.dll'!
Traceback (most recent call last):
  File "E:\Documentos\projetos\www\automatiza-od\.venv\Lib\site-packages\PyInstaller\building\utils.py", line 250, in process_collected_binary
    p = subprocess.run(
        ^^^^^^^^^^^^^^^
  File "C:\Program Files\WindowsApps\PythonSoftwareFoundation.Python.3.11_3.11.2544.0_x64__qbz5n2kfra8p0\Lib\subprocess.py", line 548, in run
    with Popen(*popenargs, **kwargs) as process:
         ^^^^^^^^^^^^^^^^^^^^^^^^^^^
  File "C:\Program Files\WindowsApps\PythonSoftwareFoundation.Python.3.11_3.11.2544.0_x64__qbz5n2kfra8p0\Lib\subprocess.py", line 1026, in __init__
    self._execute_child(args, executable, preexec_fn, close_fds,
  File "C:\Program Files\WindowsApps\PythonSoftwareFoundation.Python.3.11_3.11.2544.0_x64__qbz5n2kfra8p0\Lib\subprocess.py", line 1538, in _execute_child
    hp, ht, pid, tid = _winapi.CreateProcess(executable, args,
                       ^^^^^^^^^^^^^^^^^^^^^^^^^^^^^^^^^^^^^^^
FileNotFoundError: [WinError 2] O sistema não pode encontrar o arquivo especificado
48318 INFO: Executing: strip C:\Users\henri\AppData\Local\pyinstaller\bincache10py31164bit\libssl-3.dll
48322 WARNING: Failed to run strip on 'C:\\Users\\henri\\AppData\\Local\\pyinstaller\\bincache10py31164bit\\libssl-3.dll'!
Traceback (most recent call last):
  File "E:\Documentos\projetos\www\automatiza-od\.venv\Lib\site-packages\PyInstaller\building\utils.py", line 250, in process_collected_binary
    p = subprocess.run(
        ^^^^^^^^^^^^^^^
  File "C:\Program Files\WindowsApps\PythonSoftwareFoundation.Python.3.11_3.11.2544.0_x64__qbz5n2kfra8p0\Lib\subprocess.py", line 548, in run
    with Popen(*popenargs, **kwargs) as process:
         ^^^^^^^^^^^^^^^^^^^^^^^^^^^
  File "C:\Program Files\WindowsApps\PythonSoftwareFoundation.Python.3.11_3.11.2544.0_x64__qbz5n2kfra8p0\Lib\subprocess.py", line 1026, in __init__
    self._execute_child(args, executable, preexec_fn, close_fds,
  File "C:\Program Files\WindowsApps\PythonSoftwareFoundation.Python.3.11_3.11.2544.0_x64__qbz5n2kfra8p0\Lib\subprocess.py", line 1538, in _execute_child
    hp, ht, pid, tid = _winapi.CreateProcess(executable, args,
                       ^^^^^^^^^^^^^^^^^^^^^^^^^^^^^^^^^^^^^^^
FileNotFoundError: [WinError 2] O sistema não pode encontrar o arquivo especificado
48338 INFO: Executing: strip C:\Users\henri\AppData\Local\pyinstaller\bincache10py31164bit\python3.dll
48342 WARNING: Failed to run strip on 'C:\\Users\\henri\\AppData\\Local\\pyinstaller\\bincache10py31164bit\\python3.dll'!
Traceback (most recent call last):
  File "E:\Documentos\projetos\www\automatiza-od\.venv\Lib\site-packages\PyInstaller\building\utils.py", line 250, in process_collected_binary
    p = subprocess.run(
        ^^^^^^^^^^^^^^^
  File "C:\Program Files\WindowsApps\PythonSoftwareFoundation.Python.3.11_3.11.2544.0_x64__qbz5n2kfra8p0\Lib\subprocess.py", line 548, in run
    with Popen(*popenargs, **kwargs) as process:
         ^^^^^^^^^^^^^^^^^^^^^^^^^^^
  File "C:\Program Files\WindowsApps\PythonSoftwareFoundation.Python.3.11_3.11.2544.0_x64__qbz5n2kfra8p0\Lib\subprocess.py", line 1026, in __init__
    self._execute_child(args, executable, preexec_fn, close_fds,
  File "C:\Program Files\WindowsApps\PythonSoftwareFoundation.Python.3.11_3.11.2544.0_x64__qbz5n2kfra8p0\Lib\subprocess.py", line 1538, in _execute_child
    hp, ht, pid, tid = _winapi.CreateProcess(executable, args,
                       ^^^^^^^^^^^^^^^^^^^^^^^^^^^^^^^^^^^^^^^
FileNotFoundError: [WinError 2] O sistema não pode encontrar o arquivo especificado
48359 INFO: Executing: strip C:\Users\henri\AppData\Local\pyinstaller\bincache10py31164bit\tk86t.dll
48363 WARNING: Failed to run strip on 'C:\\Users\\henri\\AppData\\Local\\pyinstaller\\bincache10py31164bit\\tk86t.dll'!
Traceback (most recent call last):
  File "E:\Documentos\projetos\www\automatiza-od\.venv\Lib\site-packages\PyInstaller\building\utils.py", line 250, in process_collected_binary
    p = subprocess.run(
        ^^^^^^^^^^^^^^^
  File "C:\Program Files\WindowsApps\PythonSoftwareFoundation.Python.3.11_3.11.2544.0_x64__qbz5n2kfra8p0\Lib\subprocess.py", line 548, in run
    with Popen(*popenargs, **kwargs) as process:
         ^^^^^^^^^^^^^^^^^^^^^^^^^^^
  File "C:\Program Files\WindowsApps\PythonSoftwareFoundation.Python.3.11_3.11.2544.0_x64__qbz5n2kfra8p0\Lib\subprocess.py", line 1026, in __init__
    self._execute_child(args, executable, preexec_fn, close_fds,
  File "C:\Program Files\WindowsApps\PythonSoftwareFoundation.Python.3.11_3.11.2544.0_x64__qbz5n2kfra8p0\Lib\subprocess.py", line 1538, in _execute_child
    hp, ht, pid, tid = _winapi.CreateProcess(executable, args,
                       ^^^^^^^^^^^^^^^^^^^^^^^^^^^^^^^^^^^^^^^
FileNotFoundError: [WinError 2] O sistema não pode encontrar o arquivo especificado
48381 INFO: Executing: strip C:\Users\henri\AppData\Local\pyinstaller\bincache10py31164bit\tcl86t.dll
48385 WARNING: Failed to run strip on 'C:\\Users\\henri\\AppData\\Local\\pyinstaller\\bincache10py31164bit\\tcl86t.dll'!
Traceback (most recent call last):
  File "E:\Documentos\projetos\www\automatiza-od\.venv\Lib\site-packages\PyInstaller\building\utils.py", line 250, in process_collected_binary
    p = subprocess.run(
        ^^^^^^^^^^^^^^^
  File "C:\Program Files\WindowsApps\PythonSoftwareFoundation.Python.3.11_3.11.2544.0_x64__qbz5n2kfra8p0\Lib\subprocess.py", line 548, in run
    with Popen(*popenargs, **kwargs) as process:
         ^^^^^^^^^^^^^^^^^^^^^^^^^^^
  File "C:\Program Files\WindowsApps\PythonSoftwareFoundation.Python.3.11_3.11.2544.0_x64__qbz5n2kfra8p0\Lib\subprocess.py", line 1026, in __init__
    self._execute_child(args, executable, preexec_fn, close_fds,
  File "C:\Program Files\WindowsApps\PythonSoftwareFoundation.Python.3.11_3.11.2544.0_x64__qbz5n2kfra8p0\Lib\subprocess.py", line 1538, in _execute_child
    hp, ht, pid, tid = _winapi.CreateProcess(executable, args,
                       ^^^^^^^^^^^^^^^^^^^^^^^^^^^^^^^^^^^^^^^
FileNotFoundError: [WinError 2] O sistema não pode encontrar o arquivo especificado
48403 INFO: Executing: strip C:\Users\henri\AppData\Local\pyinstaller\bincache10py31164bit\sqlite3.dll
48408 WARNING: Failed to run strip on 'C:\\Users\\henri\\AppData\\Local\\pyinstaller\\bincache10py31164bit\\sqlite3.dll'!
Traceback (most recent call last):
  File "E:\Documentos\projetos\www\automatiza-od\.venv\Lib\site-packages\PyInstaller\building\utils.py", line 250, in process_collected_binary
    p = subprocess.run(
        ^^^^^^^^^^^^^^^
  File "C:\Program Files\WindowsApps\PythonSoftwareFoundation.Python.3.11_3.11.2544.0_x64__qbz5n2kfra8p0\Lib\subprocess.py", line 548, in run
    with Popen(*popenargs, **kwargs) as process:
         ^^^^^^^^^^^^^^^^^^^^^^^^^^^
  File "C:\Program Files\WindowsApps\PythonSoftwareFoundation.Python.3.11_3.11.2544.0_x64__qbz5n2kfra8p0\Lib\subprocess.py", line 1026, in __init__
    self._execute_child(args, executable, preexec_fn, close_fds,
  File "C:\Program Files\WindowsApps\PythonSoftwareFoundation.Python.3.11_3.11.2544.0_x64__qbz5n2kfra8p0\Lib\subprocess.py", line 1538, in _execute_child
    hp, ht, pid, tid = _winapi.CreateProcess(executable, args,
                       ^^^^^^^^^^^^^^^^^^^^^^^^^^^^^^^^^^^^^^^
FileNotFoundError: [WinError 2] O sistema não pode encontrar o arquivo especificado
60868 INFO: Building PKG (CArchive) GeradorOD.pkg completed successfully.
60906 INFO: Bootloader E:\Documentos\projetos\www\automatiza-od\.venv\Lib\site-packages\PyInstaller\bootloader\Windows-64bit-intel\runw.exe
60906 INFO: checking EXE
60906 INFO: Building EXE because EXE-00.toc is non existent
60906 INFO: Building EXE from EXE-00.toc
60910 INFO: Copying bootloader EXE to E:\Documentos\projetos\www\automatiza-od\distribuicao\GeradorOD.exe
60949 INFO: Copying version information to EXE
60986 INFO: Copying 0 resources to EXE
60986 INFO: Embedding manifest in EXE
61022 INFO: Appending PKG archive to EXE
61112 INFO: Fixing EXE headers
63172 WARNING: Execution of 'set_exe_build_timestamp' failed on attempt #1 / 20: Exception("Unable to access file 'E:\\Documentos\\projetos\\www\\automatiza-od\\distribuicao\\GeradorOD.exe': [Errno 22] Invalid argument: 'E:\\\\Documentos\\\\projetos\\\\www\\\\automatiza-od\\\\distribuicao\\\\GeradorOD.exe'"). Retrying in 0.05 second(s)...
63226 WARNING: Execution of 'set_exe_build_timestamp' failed on attempt #2 / 20: Exception("Unable to access file 'E:\\Documentos\\projetos\\www\\automatiza-od\\distribuicao\\GeradorOD.exe': [Errno 22] Invalid argument: 'E:\\\\Documentos\\\\projetos\\\\www\\\\automatiza-od\\\\distribuicao\\\\GeradorOD.exe'"). Retrying in 0.06 second(s)...
63282 WARNING: Execution of 'set_exe_build_timestamp' failed on attempt #3 / 20: Exception("Unable to access file 'E:\\Documentos\\projetos\\www\\automatiza-od\\distribuicao\\GeradorOD.exe': [Errno 22] Invalid argument: 'E:\\\\Documentos\\\\projetos\\\\www\\\\automatiza-od\\\\distribuicao\\\\GeradorOD.exe'"). Retrying in 0.06 second(s)...
63342 WARNING: Execution of 'set_exe_build_timestamp' failed on attempt #4 / 20: Exception("Unable to access file 'E:\\Documentos\\projetos\\www\\automatiza-od\\distribuicao\\GeradorOD.exe': [Errno 22] Invalid argument: 'E:\\\\Documentos\\\\projetos\\\\www\\\\automatiza-od\\\\distribuicao\\\\GeradorOD.exe'"). Retrying in 0.06 second(s)...
63406 WARNING: Execution of 'set_exe_build_timestamp' failed on attempt #5 / 20: Exception("Unable to access file 'E:\\Documentos\\projetos\\www\\automatiza-od\\distribuicao\\GeradorOD.exe': [Errno 22] Invalid argument: 'E:\\\\Documentos\\\\projetos\\\\www\\\\automatiza-od\\\\distribuicao\\\\GeradorOD.exe'"). Retrying in 0.07 second(s)...
63474 WARNING: Execution of 'set_exe_build_timestamp' failed on attempt #6 / 20: Exception("Unable to access file 'E:\\Documentos\\projetos\\www\\automatiza-od\\distribuicao\\GeradorOD.exe': [Errno 22] Invalid argument: 'E:\\\\Documentos\\\\projetos\\\\www\\\\automatiza-od\\\\distribuicao\\\\GeradorOD.exe'"). Retrying in 0.07 second(s)...
63547 WARNING: Execution of 'set_exe_build_timestamp' failed on attempt #7 / 20: Exception("Unable to access file 'E:\\Documentos\\projetos\\www\\automatiza-od\\distribuicao\\GeradorOD.exe': [Errno 22] Invalid argument: 'E:\\\\Documentos\\\\projetos\\\\www\\\\automatiza-od\\\\distribuicao\\\\GeradorOD.exe'"). Retrying in 0.08 second(s)...
63625 WARNING: Execution of 'set_exe_build_timestamp' failed on attempt #8 / 20: Exception("Unable to access file 'E:\\Documentos\\projetos\\www\\automatiza-od\\distribuicao\\GeradorOD.exe': [Errno 22] Invalid argument: 'E:\\\\Documentos\\\\projetos\\\\www\\\\automatiza-od\\\\distribuicao\\\\GeradorOD.exe'"). Retrying in 0.08 second(s)...
63709 WARNING: Execution of 'set_exe_build_timestamp' failed on attempt #9 / 20: Exception("Unable to access file 'E:\\Documentos\\projetos\\www\\automatiza-od\\distribuicao\\GeradorOD.exe': [Errno 22] Invalid argument: 'E:\\\\Documentos\\\\projetos\\\\www\\\\automatiza-od\\\\distribuicao\\\\GeradorOD.exe'"). Retrying in 0.09 second(s)...
63801 WARNING: Execution of 'set_exe_build_timestamp' failed on attempt #10 / 20: Exception("Unable to access file 'E:\\Documentos\\projetos\\www\\automatiza-od\\distribuicao\\GeradorOD.exe': [Errno 22] Invalid argument: 'E:\\\\Documentos\\\\projetos\\\\www\\\\automatiza-od\\\\distribuicao\\\\GeradorOD.exe'"). Retrying in 0.10 second(s)...
63902 WARNING: Execution of 'set_exe_build_timestamp' failed on attempt #11 / 20: Exception("Unable to access file 'E:\\Documentos\\projetos\\www\\automatiza-od\\distribuicao\\GeradorOD.exe': [Errno 22] Invalid argument: 'E:\\\\Documentos\\\\projetos\\\\www\\\\automatiza-od\\\\distribuicao\\\\GeradorOD.exe'"). Retrying in 0.11 second(s)...
64014 WARNING: Execution of 'set_exe_build_timestamp' failed on attempt #12 / 20: Exception("Unable to access file 'E:\\Documentos\\projetos\\www\\automatiza-od\\distribuicao\\GeradorOD.exe': [Errno 22] Invalid argument: 'E:\\\\Documentos\\\\projetos\\\\www\\\\automatiza-od\\\\distribuicao\\\\GeradorOD.exe'"). Retrying in 0.12 second(s)...
64140 WARNING: Execution of 'set_exe_build_timestamp' failed on attempt #13 / 20: Exception("Unable to access file 'E:\\Documentos\\projetos\\www\\automatiza-od\\distribuicao\\GeradorOD.exe': [Errno 22] Invalid argument: 'E:\\\\Documentos\\\\projetos\\\\www\\\\automatiza-od\\\\distribuicao\\\\GeradorOD.exe'"). Retrying in 0.14 second(s)...
64284 WARNING: Execution of 'set_exe_build_timestamp' failed on attempt #14 / 20: Exception("Unable to access file 'E:\\Documentos\\projetos\\www\\automatiza-od\\distribuicao\\GeradorOD.exe': [Errno 22] Invalid argument: 'E:\\\\Documentos\\\\projetos\\\\www\\\\automatiza-od\\\\distribuicao\\\\GeradorOD.exe'"). Retrying in 0.17 second(s)...
64451 WARNING: Execution of 'set_exe_build_timestamp' failed on attempt #15 / 20: Exception("Unable to access file 'E:\\Documentos\\projetos\\www\\automatiza-od\\distribuicao\\GeradorOD.exe': [Errno 22] Invalid argument: 'E:\\\\Documentos\\\\projetos\\\\www\\\\automatiza-od\\\\distribuicao\\\\GeradorOD.exe'"). Retrying in 0.20 second(s)...
64651 WARNING: Execution of 'set_exe_build_timestamp' failed on attempt #16 / 20: Exception("Unable to access file 'E:\\Documentos\\projetos\\www\\automatiza-od\\distribuicao\\GeradorOD.exe': [Errno 22] Invalid argument: 'E:\\\\Documentos\\\\projetos\\\\www\\\\automatiza-od\\\\distribuicao\\\\GeradorOD.exe'"). Retrying in 0.25 second(s)...
64902 WARNING: Execution of 'set_exe_build_timestamp' failed on attempt #17 / 20: Exception("Unable to access file 'E:\\Documentos\\projetos\\www\\automatiza-od\\distribuicao\\GeradorOD.exe': [Errno 22] Invalid argument: 'E:\\\\Documentos\\\\projetos\\\\www\\\\automatiza-od\\\\distribuicao\\\\GeradorOD.exe'"). Retrying in 0.33 second(s)...
65236 WARNING: Execution of 'set_exe_build_timestamp' failed on attempt #18 / 20: Exception("Unable to access file 'E:\\Documentos\\projetos\\www\\automatiza-od\\distribuicao\\GeradorOD.exe': [Errno 22] Invalid argument: 'E:\\\\Documentos\\\\projetos\\\\www\\\\automatiza-od\\\\distribuicao\\\\GeradorOD.exe'"). Retrying in 0.50 second(s)...
65736 WARNING: Execution of 'set_exe_build_timestamp' failed on attempt #19 / 20: Exception("Unable to access file 'E:\\Documentos\\projetos\\www\\automatiza-od\\distribuicao\\GeradorOD.exe': [Errno 22] Invalid argument: 'E:\\\\Documentos\\\\projetos\\\\www\\\\automatiza-od\\\\distribuicao\\\\GeradorOD.exe'"). Retrying in 1.00 second(s)...
66737 WARNING: Execution of 'set_exe_build_timestamp' failed on attempt #20 / 20: Exception("Unable to access file 'E:\\Documentos\\projetos\\www\\automatiza-od\\distribuicao\\GeradorOD.exe': [Errno 22] Invalid argument: 'E:\\\\Documentos\\\\projetos\\\\www\\\\automatiza-od\\\\distribuicao\\\\GeradorOD.exe'").
Iniciando build do executavel...
OK Removido: __pycache__
Gerando executavel...
Arquivo de versao criado
Traceback (most recent call last):
  File "E:\Documentos\projetos\www\automatiza-od\.venv\Lib\site-packages\pefile.py", line 2975, in __parse__
    fd = open(fname, "rb")
         ^^^^^^^^^^^^^^^^^
OSError: [Errno 22] Invalid argument: 'E:\\Documentos\\projetos\\www\\automatiza-od\\distribuicao\\GeradorOD.exe'

During handling of the above exception, another exception occurred:

Traceback (most recent call last):
  File "E:\Documentos\projetos\www\automatiza-od\.venv\Lib\site-packages\PyInstaller\building\api.py", line 1061, in _retry_operation
    return func(*args)
           ^^^^^^^^^^^
  File "E:\Documentos\projetos\www\automatiza-od\.venv\Lib\site-packages\PyInstaller\utils\win32\winutils.py", line 56, in set_exe_build_timestamp
    with pefile.PE(exe_path, fast_load=True) as pe:
         ^^^^^^^^^^^^^^^^^^^^^^^^^^^^^^^^^^^
  File "E:\Documentos\projetos\www\automatiza-od\.venv\Lib\site-packages\pefile.py", line 2895, in __init__
    self.__parse__(name, data, fast_load)
  File "E:\Documentos\projetos\www\automatiza-od\.venv\Lib\site-packages\pefile.py", line 2987, in __parse__
    raise Exception(
Exception: Unable to access file 'E:\Documentos\projetos\www\automatiza-od\distribuicao\GeradorOD.exe': [Errno 22] Invalid argument: 'E:\\Documentos\\projetos\\www\\automatiza-od\\distribuicao\\GeradorOD.exe'

The above exception was the direct cause of the following exception:

Traceback (most recent call last):
  File "E:\Documentos\projetos\www\automatiza-od\build_exe.py", line 269, in <module>
    main()
  File "E:\Documentos\projetos\www\automatiza-od\build_exe.py", line 258, in main
    criar_executavel()
  File "E:\Documentos\projetos\www\automatiza-od\build_exe.py", line 58, in criar_executavel
    PyInstaller.__main__.run(args)
  File "E:\Documentos\projetos\www\automatiza-od\.venv\Lib\site-packages\PyInstaller\__main__.py", line 215, in run
    run_build(pyi_config, spec_file, **vars(args))
  File "E:\Documentos\projetos\www\automatiza-od\.venv\Lib\site-packages\PyInstaller\__main__.py", line 70, in run_build
    PyInstaller.building.build_main.main(pyi_config, spec_file, **kwargs)
  File "E:\Documentos\projetos\www\automatiza-od\.venv\Lib\site-packages\PyInstaller\building\build_main.py", line 1282, in main
    build(specfile, distpath, workpath, clean_build)
  File "E:\Documentos\projetos\www\automatiza-od\.venv\Lib\site-packages\PyInstaller\building\build_main.py", line 1220, in build
    exec(code, spec_namespace)
  File "E:\Documentos\projetos\www\automatiza-od\GeradorOD.spec", line 19, in <module>
    exe = EXE(
          ^^^^
  File "E:\Documentos\projetos\www\automatiza-od\.venv\Lib\site-packages\PyInstaller\building\api.py", line 678, in __init__
    self.__postinit__()
  File "E:\Documentos\projetos\www\automatiza-od\.venv\Lib\site-packages\PyInstaller\building\datastruct.py", line 184, in __postinit__
    self.assemble()
  File "E:\Documentos\projetos\www\automatiza-od\.venv\Lib\site-packages\PyInstaller\building\api.py", line 883, in assemble
    self._retry_operation(winutils.set_exe_build_timestamp, build_name, build_timestamp)
  File "E:\Documentos\projetos\www\automatiza-od\.venv\Lib\site-packages\PyInstaller\building\api.py", line 1080, in _retry_operation
    raise RuntimeError(f"Execution of {func_name!r} failed - no more attempts left!") from e
RuntimeError: Execution of 'set_exe_build_timestamp' failed - no more attempts left!
